<?xml version="1.0" encoding="UTF-8"?>
<!-- Generated by org.testng.reporters.JUnitXMLReporter -->
<testsuite hostname="DESKTOP-VPGNVVF" ignored="0" name="testngTest" tests="5" failures="3" timestamp="25 May 2018 15:59:00 GMT" time="13.975" errors="0">
  <testcase name="tapOnMethod" time="1.566" classname="com.qa.pages.TestApiPage"/>
  <testcase name="scrollToElement" time="0.005" classname="com.qa.pages.TestApiPage">
    <failure type="java.lang.StackOverflowError">
      <![CDATA[java.lang.StackOverflowError
at com.qa.utilities.ScrollElement.<init>(ScrollElement.java:15)
at com.qa.utilities.ScrollElement.<init>(ScrollElement.java:15)
at com.qa.utilities.ScrollElement.<init>(ScrollElement.java:15)
at com.qa.utilities.ScrollElement.<init>(ScrollElement.java:15)
at com.qa.utilities.ScrollElement.<init>(ScrollElement.java:15)
at com.qa.utilities.ScrollElement.<init>(ScrollElement.java:15)
at com.qa.utilities.ScrollElement.<init>(ScrollElement.java:15)
at com.qa.utilities.ScrollElement.<init>(ScrollElement.java:15)
at com.qa.utilities.ScrollElement.<init>(ScrollElement.java:15)
at com.qa.utilities.ScrollElement.<init>(ScrollElement.java:15)
at com.qa.utilities.ScrollElement.<init>(ScrollElement.java:15)
at com.qa.utilities.ScrollElement.<init>(ScrollElement.java:15)
at com.qa.utilities.ScrollElement.<init>(ScrollElement.java:15)
at com.qa.utilities.ScrollElement.<init>(ScrollElement.java:15)
at com.qa.utilities.ScrollElement.<init>(ScrollElement.java:15)
at com.qa.utilities.ScrollElement.<init>(ScrollElement.java:15)
at com.qa.utilities.ScrollElement.<init>(ScrollElement.java:15)
at com.qa.utilities.ScrollElement.<init>(ScrollElement.java:15)
at com.qa.utilities.ScrollElement.<init>(ScrollElement.java:15)
at com.qa.utilities.ScrollElement.<init>(ScrollElement.java:15)
at com.qa.utilities.ScrollElement.<init>(ScrollElement.java:15)
at com.qa.utilities.ScrollElement.<init>(ScrollElement.java:15)
at com.qa.utilities.ScrollElement.<init>(ScrollElement.java:15)
at com.qa.utilities.ScrollElement.<init>(ScrollElement.java:15)
at com.qa.utilities.ScrollElement.<init>(ScrollElement.java:15)
at com.qa.utilities.ScrollElement.<init>(ScrollElement.java:15)
at com.qa.utilities.ScrollElement.<init>(ScrollElement.java:15)
at com.qa.utilities.ScrollElement.<init>(ScrollElement.java:15)
at com.qa.utilities.ScrollElement.<init>(ScrollElement.java:15)
at com.qa.utilities.ScrollElement.<init>(ScrollElement.java:15)
at com.qa.utilities.ScrollElement.<init>(ScrollElement.java:15)
at com.qa.utilities.ScrollElement.<init>(ScrollElement.java:15)
at com.qa.utilities.ScrollElement.<init>(ScrollElement.java:15)
at com.qa.utilities.ScrollElement.<init>(ScrollElement.java:15)
at com.qa.utilities.ScrollElement.<init>(ScrollElement.java:15)
at com.qa.utilities.ScrollElement.<init>(ScrollElement.java:15)
at com.qa.utilities.ScrollElement.<init>(ScrollElement.java:15)
at com.qa.utilities.ScrollElement.<init>(ScrollElement.java:15)
at com.qa.utilities.ScrollElement.<init>(ScrollElement.java:15)
at com.qa.utilities.ScrollElement.<init>(ScrollElement.java:15)
at com.qa.utilities.ScrollElement.<init>(ScrollElement.java:15)
at com.qa.utilities.ScrollElement.<init>(ScrollElement.java:15)
at com.qa.utilities.ScrollElement.<init>(ScrollElement.java:15)
at com.qa.utilities.ScrollElement.<init>(ScrollElement.java:15)
at com.qa.utilities.ScrollElement.<init>(ScrollElement.java:15)
at com.qa.utilities.ScrollElement.<init>(ScrollElement.java:15)
at com.qa.utilities.ScrollElement.<init>(ScrollElement.java:15)
at com.qa.utilities.ScrollElement.<init>(ScrollElement.java:15)
at com.qa.utilities.ScrollElement.<init>(ScrollElement.java:15)
at com.qa.utilities.ScrollElement.<init>(ScrollElement.java:15)
at com.qa.utilities.ScrollElement.<init>(ScrollElement.java:15)
at com.qa.utilities.ScrollElement.<init>(ScrollElement.java:15)
at com.qa.utilities.ScrollElement.<init>(ScrollElement.java:15)
at com.qa.utilities.ScrollElement.<init>(ScrollElement.java:15)
at com.qa.utilities.ScrollElement.<init>(ScrollElement.java:15)
at com.qa.utilities.ScrollElement.<init>(ScrollElement.java:15)
at com.qa.utilities.ScrollElement.<init>(ScrollElement.java:15)
at com.qa.utilities.ScrollElement.<init>(ScrollElement.java:15)
at com.qa.utilities.ScrollElement.<init>(ScrollElement.java:15)
at com.qa.utilities.ScrollElement.<init>(ScrollElement.java:15)
at com.qa.utilities.ScrollElement.<init>(ScrollElement.java:15)
at com.qa.utilities.ScrollElement.<init>(ScrollElement.java:15)
at com.qa.utilities.ScrollElement.<init>(ScrollElement.java:15)
at com.qa.utilities.ScrollElement.<init>(ScrollElement.java:15)
at com.qa.utilities.ScrollElement.<init>(ScrollElement.java:15)
at com.qa.utilities.ScrollElement.<init>(ScrollElement.java:15)
at com.qa.utilities.ScrollElement.<init>(ScrollElement.java:15)
at com.qa.utilities.ScrollElement.<init>(ScrollElement.java:15)
at com.qa.utilities.ScrollElement.<init>(ScrollElement.java:15)
at com.qa.utilities.ScrollElement.<init>(ScrollElement.java:15)
at com.qa.utilities.ScrollElement.<init>(ScrollElement.java:15)
at com.qa.utilities.ScrollElement.<init>(ScrollElement.java:15)
at com.qa.utilities.ScrollElement.<init>(ScrollElement.java:15)
at com.qa.utilities.ScrollElement.<init>(ScrollElement.java:15)
at com.qa.utilities.ScrollElement.<init>(ScrollElement.java:15)
at com.qa.utilities.ScrollElement.<init>(ScrollElement.java:15)
at com.qa.utilities.ScrollElement.<init>(ScrollElement.java:15)
at com.qa.utilities.ScrollElement.<init>(ScrollElement.java:15)
at com.qa.utilities.ScrollElement.<init>(ScrollElement.java:15)
at com.qa.utilities.ScrollElement.<init>(ScrollElement.java:15)
at com.qa.utilities.ScrollElement.<init>(ScrollElement.java:15)
at com.qa.utilities.ScrollElement.<init>(ScrollElement.java:15)
at com.qa.utilities.ScrollElement.<init>(ScrollElement.java:15)
at com.qa.utilities.ScrollElement.<init>(ScrollElement.java:15)
at com.qa.utilities.ScrollElement.<init>(ScrollElement.java:15)
at com.qa.utilities.ScrollElement.<init>(ScrollElement.java:15)
at com.qa.utilities.ScrollElement.<init>(ScrollElement.java:15)
at com.qa.utilities.ScrollElement.<init>(ScrollElement.java:15)
at com.qa.utilities.ScrollElement.<init>(ScrollElement.java:15)
at com.qa.utilities.ScrollElement.<init>(ScrollElement.java:15)
at com.qa.utilities.ScrollElement.<init>(ScrollElement.java:15)
at com.qa.utilities.ScrollElement.<init>(ScrollElement.java:15)
at com.qa.utilities.ScrollElement.<init>(ScrollElement.java:15)
at com.qa.utilities.ScrollElement.<init>(ScrollElement.java:15)
at com.qa.utilities.ScrollElement.<init>(ScrollElement.java:15)
at com.qa.utilities.ScrollElement.<init>(ScrollElement.java:15)
at com.qa.utilities.ScrollElement.<init>(ScrollElement.java:15)
at com.qa.utilities.ScrollElement.<init>(ScrollElement.java:15)
at com.qa.utilities.ScrollElement.<init>(ScrollElement.java:15)
at com.qa.utilities.ScrollElement.<init>(ScrollElement.java:15)
at com.qa.utilities.ScrollElement.<init>(ScrollElement.java:15)
at com.qa.utilities.ScrollElement.<init>(ScrollElement.java:15)
at com.qa.utilities.ScrollElement.<init>(ScrollElement.java:15)
at com.qa.utilities.ScrollElement.<init>(ScrollElement.java:15)
at com.qa.utilities.ScrollElement.<init>(ScrollElement.java:15)
at com.qa.utilities.ScrollElement.<init>(ScrollElement.java:15)
at com.qa.utilities.ScrollElement.<init>(ScrollElement.java:15)
at com.qa.utilities.ScrollElement.<init>(ScrollElement.java:15)
at com.qa.utilities.ScrollElement.<init>(ScrollElement.java:15)
at com.qa.utilities.ScrollElement.<init>(ScrollElement.java:15)
at com.qa.utilities.ScrollElement.<init>(ScrollElement.java:15)
at com.qa.utilities.ScrollElement.<init>(ScrollElement.java:15)
at com.qa.utilities.ScrollElement.<init>(ScrollElement.java:15)
at com.qa.utilities.ScrollElement.<init>(ScrollElement.java:15)
at com.qa.utilities.ScrollElement.<init>(ScrollElement.java:15)
at com.qa.utilities.ScrollElement.<init>(ScrollElement.java:15)
at com.qa.utilities.ScrollElement.<init>(ScrollElement.java:15)
at com.qa.utilities.ScrollElement.<init>(ScrollElement.java:15)
at com.qa.utilities.ScrollElement.<init>(ScrollElement.java:15)
at com.qa.utilities.ScrollElement.<init>(ScrollElement.java:15)
at com.qa.utilities.ScrollElement.<init>(ScrollElement.java:15)
at com.qa.utilities.ScrollElement.<init>(ScrollElement.java:15)
at com.qa.utilities.ScrollElement.<init>(ScrollElement.java:15)
at com.qa.utilities.ScrollElement.<init>(ScrollElement.java:15)
at com.qa.utilities.ScrollElement.<init>(ScrollElement.java:15)
at com.qa.utilities.ScrollElement.<init>(ScrollElement.java:15)
at com.qa.utilities.ScrollElement.<init>(ScrollElement.java:15)
at com.qa.utilities.ScrollElement.<init>(ScrollElement.java:15)
at com.qa.utilities.ScrollElement.<init>(ScrollElement.java:15)
at com.qa.utilities.ScrollElement.<init>(ScrollElement.java:15)
at com.qa.utilities.ScrollElement.<init>(ScrollElement.java:15)
at com.qa.utilities.ScrollElement.<init>(ScrollElement.java:15)
at com.qa.utilities.ScrollElement.<init>(ScrollElement.java:15)
at com.qa.utilities.ScrollElement.<init>(ScrollElement.java:15)
at com.qa.utilities.ScrollElement.<init>(ScrollElement.java:15)
at com.qa.utilities.ScrollElement.<init>(ScrollElement.java:15)
at com.qa.utilities.ScrollElement.<init>(ScrollElement.java:15)
at com.qa.utilities.ScrollElement.<init>(ScrollElement.java:15)
at com.qa.utilities.ScrollElement.<init>(ScrollElement.java:15)
at com.qa.utilities.ScrollElement.<init>(ScrollElement.java:15)
at com.qa.utilities.ScrollElement.<init>(ScrollElement.java:15)
at com.qa.utilities.ScrollElement.<init>(ScrollElement.java:15)
at com.qa.utilities.ScrollElement.<init>(ScrollElement.java:15)
at com.qa.utilities.ScrollElement.<init>(ScrollElement.java:15)
at com.qa.utilities.ScrollElement.<init>(ScrollElement.java:15)
at com.qa.utilities.ScrollElement.<init>(ScrollElement.java:15)
at com.qa.utilities.ScrollElement.<init>(ScrollElement.java:15)
at com.qa.utilities.ScrollElement.<init>(ScrollElement.java:15)
at com.qa.utilities.ScrollElement.<init>(ScrollElement.java:15)
at com.qa.utilities.ScrollElement.<init>(ScrollElement.java:15)
at com.qa.utilities.ScrollElement.<init>(ScrollElement.java:15)
at com.qa.utilities.ScrollElement.<init>(ScrollElement.java:15)
at com.qa.utilities.ScrollElement.<init>(ScrollElement.java:15)
at com.qa.utilities.ScrollElement.<init>(ScrollElement.java:15)
at com.qa.utilities.ScrollElement.<init>(ScrollElement.java:15)
at com.qa.utilities.ScrollElement.<init>(ScrollElement.java:15)
at com.qa.utilities.ScrollElement.<init>(ScrollElement.java:15)
at com.qa.utilities.ScrollElement.<init>(ScrollElement.java:15)
at com.qa.utilities.ScrollElement.<init>(ScrollElement.java:15)
at com.qa.utilities.ScrollElement.<init>(ScrollElement.java:15)
at com.qa.utilities.ScrollElement.<init>(ScrollElement.java:15)
at com.qa.utilities.ScrollElement.<init>(ScrollElement.java:15)
at com.qa.utilities.ScrollElement.<init>(ScrollElement.java:15)
at com.qa.utilities.ScrollElement.<init>(ScrollElement.java:15)
at com.qa.utilities.ScrollElement.<init>(ScrollElement.java:15)
at com.qa.utilities.ScrollElement.<init>(ScrollElement.java:15)
at com.qa.utilities.ScrollElement.<init>(ScrollElement.java:15)
at com.qa.utilities.ScrollElement.<init>(ScrollElement.java:15)
at com.qa.utilities.ScrollElement.<init>(ScrollElement.java:15)
at com.qa.utilities.ScrollElement.<init>(ScrollElement.java:15)
at com.qa.utilities.ScrollElement.<init>(ScrollElement.java:15)
at com.qa.utilities.ScrollElement.<init>(ScrollElement.java:15)
at com.qa.utilities.ScrollElement.<init>(ScrollElement.java:15)
at com.qa.utilities.ScrollElement.<init>(ScrollElement.java:15)
at com.qa.utilities.ScrollElement.<init>(ScrollElement.java:15)
at com.qa.utilities.ScrollElement.<init>(ScrollElement.java:15)
at com.qa.utilities.ScrollElement.<init>(ScrollElement.java:15)
at com.qa.utilities.ScrollElement.<init>(ScrollElement.java:15)
at com.qa.utilities.ScrollElement.<init>(ScrollElement.java:15)
at com.qa.utilities.ScrollElement.<init>(ScrollElement.java:15)
at com.qa.utilities.ScrollElement.<init>(ScrollElement.java:15)
at com.qa.utilities.ScrollElement.<init>(ScrollElement.java:15)
at com.qa.utilities.ScrollElement.<init>(ScrollElement.java:15)
at com.qa.utilities.ScrollElement.<init>(ScrollElement.java:15)
at com.qa.utilities.ScrollElement.<init>(ScrollElement.java:15)
at com.qa.utilities.ScrollElement.<init>(ScrollElement.java:15)
at com.qa.utilities.ScrollElement.<init>(ScrollElement.java:15)
at com.qa.utilities.ScrollElement.<init>(ScrollElement.java:15)
at com.qa.utilities.ScrollElement.<init>(ScrollElement.java:15)
at com.qa.utilities.ScrollElement.<init>(ScrollElement.java:15)
at com.qa.utilities.ScrollElement.<init>(ScrollElement.java:15)
at com.qa.utilities.ScrollElement.<init>(ScrollElement.java:15)
at com.qa.utilities.ScrollElement.<init>(ScrollElement.java:15)
at com.qa.utilities.ScrollElement.<init>(ScrollElement.java:15)
at com.qa.utilities.ScrollElement.<init>(ScrollElement.java:15)
at com.qa.utilities.ScrollElement.<init>(ScrollElement.java:15)
at com.qa.utilities.ScrollElement.<init>(ScrollElement.java:15)
at com.qa.utilities.ScrollElement.<init>(ScrollElement.java:15)
at com.qa.utilities.ScrollElement.<init>(ScrollElement.java:15)
at com.qa.utilities.ScrollElement.<init>(ScrollElement.java:15)
at com.qa.utilities.ScrollElement.<init>(ScrollElement.java:15)
at com.qa.utilities.ScrollElement.<init>(ScrollElement.java:15)
at com.qa.utilities.ScrollElement.<init>(ScrollElement.java:15)
at com.qa.utilities.ScrollElement.<init>(ScrollElement.java:15)
at com.qa.utilities.ScrollElement.<init>(ScrollElement.java:15)
at com.qa.utilities.ScrollElement.<init>(ScrollElement.java:15)
at com.qa.utilities.ScrollElement.<init>(ScrollElement.java:15)
at com.qa.utilities.ScrollElement.<init>(ScrollElement.java:15)
at com.qa.utilities.ScrollElement.<init>(ScrollElement.java:15)
at com.qa.utilities.ScrollElement.<init>(ScrollElement.java:15)
at com.qa.utilities.ScrollElement.<init>(ScrollElement.java:15)
at com.qa.utilities.ScrollElement.<init>(ScrollElement.java:15)
at com.qa.utilities.ScrollElement.<init>(ScrollElement.java:15)
at com.qa.utilities.ScrollElement.<init>(ScrollElement.java:15)
at com.qa.utilities.ScrollElement.<init>(ScrollElement.java:15)
at com.qa.utilities.ScrollElement.<init>(ScrollElement.java:15)
at com.qa.utilities.ScrollElement.<init>(ScrollElement.java:15)
at com.qa.utilities.ScrollElement.<init>(ScrollElement.java:15)
at com.qa.utilities.ScrollElement.<init>(ScrollElement.java:15)
at com.qa.utilities.ScrollElement.<init>(ScrollElement.java:15)
at com.qa.utilities.ScrollElement.<init>(ScrollElement.java:15)
at com.qa.utilities.ScrollElement.<init>(ScrollElement.java:15)
at com.qa.utilities.ScrollElement.<init>(ScrollElement.java:15)
at com.qa.utilities.ScrollElement.<init>(ScrollElement.java:15)
at com.qa.utilities.ScrollElement.<init>(ScrollElement.java:15)
at com.qa.utilities.ScrollElement.<init>(ScrollElement.java:15)
at com.qa.utilities.ScrollElement.<init>(ScrollElement.java:15)
at com.qa.utilities.ScrollElement.<init>(ScrollElement.java:15)
at com.qa.utilities.ScrollElement.<init>(ScrollElement.java:15)
at com.qa.utilities.ScrollElement.<init>(ScrollElement.java:15)
at com.qa.utilities.ScrollElement.<init>(ScrollElement.java:15)
at com.qa.utilities.ScrollElement.<init>(ScrollElement.java:15)
at com.qa.utilities.ScrollElement.<init>(ScrollElement.java:15)
at com.qa.utilities.ScrollElement.<init>(ScrollElement.java:15)
at com.qa.utilities.ScrollElement.<init>(ScrollElement.java:15)
at com.qa.utilities.ScrollElement.<init>(ScrollElement.java:15)
at com.qa.utilities.ScrollElement.<init>(ScrollElement.java:15)
at com.qa.utilities.ScrollElement.<init>(ScrollElement.java:15)
at com.qa.utilities.ScrollElement.<init>(ScrollElement.java:15)
at com.qa.utilities.ScrollElement.<init>(ScrollElement.java:15)
at com.qa.utilities.ScrollElement.<init>(ScrollElement.java:15)
at com.qa.utilities.ScrollElement.<init>(ScrollElement.java:15)
at com.qa.utilities.ScrollElement.<init>(ScrollElement.java:15)
at com.qa.utilities.ScrollElement.<init>(ScrollElement.java:15)
at com.qa.utilities.ScrollElement.<init>(ScrollElement.java:15)
at com.qa.utilities.ScrollElement.<init>(ScrollElement.java:15)
at com.qa.utilities.ScrollElement.<init>(ScrollElement.java:15)
at com.qa.utilities.ScrollElement.<init>(ScrollElement.java:15)
at com.qa.utilities.ScrollElement.<init>(ScrollElement.java:15)
at com.qa.utilities.ScrollElement.<init>(ScrollElement.java:15)
at com.qa.utilities.ScrollElement.<init>(ScrollElement.java:15)
at com.qa.utilities.ScrollElement.<init>(ScrollElement.java:15)
at com.qa.utilities.ScrollElement.<init>(ScrollElement.java:15)
at com.qa.utilities.ScrollElement.<init>(ScrollElement.java:15)
at com.qa.utilities.ScrollElement.<init>(ScrollElement.java:15)
at com.qa.utilities.ScrollElement.<init>(ScrollElement.java:15)
at com.qa.utilities.ScrollElement.<init>(ScrollElement.java:15)
at com.qa.utilities.ScrollElement.<init>(ScrollElement.java:15)
at com.qa.utilities.ScrollElement.<init>(ScrollElement.java:15)
at com.qa.utilities.ScrollElement.<init>(ScrollElement.java:15)
at com.qa.utilities.ScrollElement.<init>(ScrollElement.java:15)
at com.qa.utilities.ScrollElement.<init>(ScrollElement.java:15)
at com.qa.utilities.ScrollElement.<init>(ScrollElement.java:15)
at com.qa.utilities.ScrollElement.<init>(ScrollElement.java:15)
at com.qa.utilities.ScrollElement.<init>(ScrollElement.java:15)
at com.qa.utilities.ScrollElement.<init>(ScrollElement.java:15)
at com.qa.utilities.ScrollElement.<init>(ScrollElement.java:15)
at com.qa.utilities.ScrollElement.<init>(ScrollElement.java:15)
at com.qa.utilities.ScrollElement.<init>(ScrollElement.java:15)
at com.qa.utilities.ScrollElement.<init>(ScrollElement.java:15)
at com.qa.utilities.ScrollElement.<init>(ScrollElement.java:15)
at com.qa.utilities.ScrollElement.<init>(ScrollElement.java:15)
at com.qa.utilities.ScrollElement.<init>(ScrollElement.java:15)
at com.qa.utilities.ScrollElement.<init>(ScrollElement.java:15)
at com.qa.utilities.ScrollElement.<init>(ScrollElement.java:15)
at com.qa.utilities.ScrollElement.<init>(ScrollElement.java:15)
at com.qa.utilities.ScrollElement.<init>(ScrollElement.java:15)
at com.qa.utilities.ScrollElement.<init>(ScrollElement.java:15)
at com.qa.utilities.ScrollElement.<init>(ScrollElement.java:15)
at com.qa.utilities.ScrollElement.<init>(ScrollElement.java:15)
at com.qa.utilities.ScrollElement.<init>(ScrollElement.java:15)
at com.qa.utilities.ScrollElement.<init>(ScrollElement.java:15)
at com.qa.utilities.ScrollElement.<init>(ScrollElement.java:15)
at com.qa.utilities.ScrollElement.<init>(ScrollElement.java:15)
at com.qa.utilities.ScrollElement.<init>(ScrollElement.java:15)
at com.qa.utilities.ScrollElement.<init>(ScrollElement.java:15)
at com.qa.utilities.ScrollElement.<init>(ScrollElement.java:15)
at com.qa.utilities.ScrollElement.<init>(ScrollElement.java:15)
at com.qa.utilities.ScrollElement.<init>(ScrollElement.java:15)
at com.qa.utilities.ScrollElement.<init>(ScrollElement.java:15)
at com.qa.utilities.ScrollElement.<init>(ScrollElement.java:15)
at com.qa.utilities.ScrollElement.<init>(ScrollElement.java:15)
at com.qa.utilities.ScrollElement.<init>(ScrollElement.java:15)
at com.qa.utilities.ScrollElement.<init>(ScrollElement.java:15)
at com.qa.utilities.ScrollElement.<init>(ScrollElement.java:15)
at com.qa.utilities.ScrollElement.<init>(ScrollElement.java:15)
at com.qa.utilities.ScrollElement.<init>(ScrollElement.java:15)
at com.qa.utilities.ScrollElement.<init>(ScrollElement.java:15)
at com.qa.utilities.ScrollElement.<init>(ScrollElement.java:15)
at com.qa.utilities.ScrollElement.<init>(ScrollElement.java:15)
at com.qa.utilities.ScrollElement.<init>(ScrollElement.java:15)
at com.qa.utilities.ScrollElement.<init>(ScrollElement.java:15)
at com.qa.utilities.ScrollElement.<init>(ScrollElement.java:15)
at com.qa.utilities.ScrollElement.<init>(ScrollElement.java:15)
at com.qa.utilities.ScrollElement.<init>(ScrollElement.java:15)
at com.qa.utilities.ScrollElement.<init>(ScrollElement.java:15)
at com.qa.utilities.ScrollElement.<init>(ScrollElement.java:15)
at com.qa.utilities.ScrollElement.<init>(ScrollElement.java:15)
at com.qa.utilities.ScrollElement.<init>(ScrollElement.java:15)
at com.qa.utilities.ScrollElement.<init>(ScrollElement.java:15)
at com.qa.utilities.ScrollElement.<init>(ScrollElement.java:15)
at com.qa.utilities.ScrollElement.<init>(ScrollElement.java:15)
at com.qa.utilities.ScrollElement.<init>(ScrollElement.java:15)
at com.qa.utilities.ScrollElement.<init>(ScrollElement.java:15)
at com.qa.utilities.ScrollElement.<init>(ScrollElement.java:15)
at com.qa.utilities.ScrollElement.<init>(ScrollElement.java:15)
at com.qa.utilities.ScrollElement.<init>(ScrollElement.java:15)
at com.qa.utilities.ScrollElement.<init>(ScrollElement.java:15)
at com.qa.utilities.ScrollElement.<init>(ScrollElement.java:15)
at com.qa.utilities.ScrollElement.<init>(ScrollElement.java:15)
at com.qa.utilities.ScrollElement.<init>(ScrollElement.java:15)
at com.qa.utilities.ScrollElement.<init>(ScrollElement.java:15)
at com.qa.utilities.ScrollElement.<init>(ScrollElement.java:15)
at com.qa.utilities.ScrollElement.<init>(ScrollElement.java:15)
at com.qa.utilities.ScrollElement.<init>(ScrollElement.java:15)
at com.qa.utilities.ScrollElement.<init>(ScrollElement.java:15)
at com.qa.utilities.ScrollElement.<init>(ScrollElement.java:15)
at com.qa.utilities.ScrollElement.<init>(ScrollElement.java:15)
at com.qa.utilities.ScrollElement.<init>(ScrollElement.java:15)
at com.qa.utilities.ScrollElement.<init>(ScrollElement.java:15)
at com.qa.utilities.ScrollElement.<init>(ScrollElement.java:15)
at com.qa.utilities.ScrollElement.<init>(ScrollElement.java:15)
at com.qa.utilities.ScrollElement.<init>(ScrollElement.java:15)
at com.qa.utilities.ScrollElement.<init>(ScrollElement.java:15)
at com.qa.utilities.ScrollElement.<init>(ScrollElement.java:15)
at com.qa.utilities.ScrollElement.<init>(ScrollElement.java:15)
at com.qa.utilities.ScrollElement.<init>(ScrollElement.java:15)
at com.qa.utilities.ScrollElement.<init>(ScrollElement.java:15)
at com.qa.utilities.ScrollElement.<init>(ScrollElement.java:15)
at com.qa.utilities.ScrollElement.<init>(ScrollElement.java:15)
at com.qa.utilities.ScrollElement.<init>(ScrollElement.java:15)
at com.qa.utilities.ScrollElement.<init>(ScrollElement.java:15)
at com.qa.utilities.ScrollElement.<init>(ScrollElement.java:15)
at com.qa.utilities.ScrollElement.<init>(ScrollElement.java:15)
at com.qa.utilities.ScrollElement.<init>(ScrollElement.java:15)
at com.qa.utilities.ScrollElement.<init>(ScrollElement.java:15)
at com.qa.utilities.ScrollElement.<init>(ScrollElement.java:15)
at com.qa.utilities.ScrollElement.<init>(ScrollElement.java:15)
at com.qa.utilities.ScrollElement.<init>(ScrollElement.java:15)
at com.qa.utilities.ScrollElement.<init>(ScrollElement.java:15)
at com.qa.utilities.ScrollElement.<init>(ScrollElement.java:15)
at com.qa.utilities.ScrollElement.<init>(ScrollElement.java:15)
at com.qa.utilities.ScrollElement.<init>(ScrollElement.java:15)
at com.qa.utilities.ScrollElement.<init>(ScrollElement.java:15)
at com.qa.utilities.ScrollElement.<init>(ScrollElement.java:15)
at com.qa.utilities.ScrollElement.<init>(ScrollElement.java:15)
at com.qa.utilities.ScrollElement.<init>(ScrollElement.java:15)
at com.qa.utilities.ScrollElement.<init>(ScrollElement.java:15)
at com.qa.utilities.ScrollElement.<init>(ScrollElement.java:15)
at com.qa.utilities.ScrollElement.<init>(ScrollElement.java:15)
at com.qa.utilities.ScrollElement.<init>(ScrollElement.java:15)
at com.qa.utilities.ScrollElement.<init>(ScrollElement.java:15)
at com.qa.utilities.ScrollElement.<init>(ScrollElement.java:15)
at com.qa.utilities.ScrollElement.<init>(ScrollElement.java:15)
at com.qa.utilities.ScrollElement.<init>(ScrollElement.java:15)
at com.qa.utilities.ScrollElement.<init>(ScrollElement.java:15)
at com.qa.utilities.ScrollElement.<init>(ScrollElement.java:15)
at com.qa.utilities.ScrollElement.<init>(ScrollElement.java:15)
at com.qa.utilities.ScrollElement.<init>(ScrollElement.java:15)
at com.qa.utilities.ScrollElement.<init>(ScrollElement.java:15)
at com.qa.utilities.ScrollElement.<init>(ScrollElement.java:15)
at com.qa.utilities.ScrollElement.<init>(ScrollElement.java:15)
at com.qa.utilities.ScrollElement.<init>(ScrollElement.java:15)
at com.qa.utilities.ScrollElement.<init>(ScrollElement.java:15)
at com.qa.utilities.ScrollElement.<init>(ScrollElement.java:15)
at com.qa.utilities.ScrollElement.<init>(ScrollElement.java:15)
at com.qa.utilities.ScrollElement.<init>(ScrollElement.java:15)
at com.qa.utilities.ScrollElement.<init>(ScrollElement.java:15)
at com.qa.utilities.ScrollElement.<init>(ScrollElement.java:15)
at com.qa.utilities.ScrollElement.<init>(ScrollElement.java:15)
at com.qa.utilities.ScrollElement.<init>(ScrollElement.java:15)
at com.qa.utilities.ScrollElement.<init>(ScrollElement.java:15)
at com.qa.utilities.ScrollElement.<init>(ScrollElement.java:15)
at com.qa.utilities.ScrollElement.<init>(ScrollElement.java:15)
at com.qa.utilities.ScrollElement.<init>(ScrollElement.java:15)
at com.qa.utilities.ScrollElement.<init>(ScrollElement.java:15)
at com.qa.utilities.ScrollElement.<init>(ScrollElement.java:15)
at com.qa.utilities.ScrollElement.<init>(ScrollElement.java:15)
at com.qa.utilities.ScrollElement.<init>(ScrollElement.java:15)
at com.qa.utilities.ScrollElement.<init>(ScrollElement.java:15)
at com.qa.utilities.ScrollElement.<init>(ScrollElement.java:15)
at com.qa.utilities.ScrollElement.<init>(ScrollElement.java:15)
at com.qa.utilities.ScrollElement.<init>(ScrollElement.java:15)
at com.qa.utilities.ScrollElement.<init>(ScrollElement.java:15)
at com.qa.utilities.ScrollElement.<init>(ScrollElement.java:15)
at com.qa.utilities.ScrollElement.<init>(ScrollElement.java:15)
at com.qa.utilities.ScrollElement.<init>(ScrollElement.java:15)
at com.qa.utilities.ScrollElement.<init>(ScrollElement.java:15)
at com.qa.utilities.ScrollElement.<init>(ScrollElement.java:15)
at com.qa.utilities.ScrollElement.<init>(ScrollElement.java:15)
at com.qa.utilities.ScrollElement.<init>(ScrollElement.java:15)
at com.qa.utilities.ScrollElement.<init>(ScrollElement.java:15)
at com.qa.utilities.ScrollElement.<init>(ScrollElement.java:15)
at com.qa.utilities.ScrollElement.<init>(ScrollElement.java:15)
at com.qa.utilities.ScrollElement.<init>(ScrollElement.java:15)
at com.qa.utilities.ScrollElement.<init>(ScrollElement.java:15)
at com.qa.utilities.ScrollElement.<init>(ScrollElement.java:15)
at com.qa.utilities.ScrollElement.<init>(ScrollElement.java:15)
at com.qa.utilities.ScrollElement.<init>(ScrollElement.java:15)
at com.qa.utilities.ScrollElement.<init>(ScrollElement.java:15)
at com.qa.utilities.ScrollElement.<init>(ScrollElement.java:15)
at com.qa.utilities.ScrollElement.<init>(ScrollElement.java:15)
at com.qa.utilities.ScrollElement.<init>(ScrollElement.java:15)
at com.qa.utilities.ScrollElement.<init>(ScrollElement.java:15)
at com.qa.utilities.ScrollElement.<init>(ScrollElement.java:15)
at com.qa.utilities.ScrollElement.<init>(ScrollElement.java:15)
at com.qa.utilities.ScrollElement.<init>(ScrollElement.java:15)
at com.qa.utilities.ScrollElement.<init>(ScrollElement.java:15)
at com.qa.utilities.ScrollElement.<init>(ScrollElement.java:15)
at com.qa.utilities.ScrollElement.<init>(ScrollElement.java:15)
at com.qa.utilities.ScrollElement.<init>(ScrollElement.java:15)
at com.qa.utilities.ScrollElement.<init>(ScrollElement.java:15)
at com.qa.utilities.ScrollElement.<init>(ScrollElement.java:15)
at com.qa.utilities.ScrollElement.<init>(ScrollElement.java:15)
at com.qa.utilities.ScrollElement.<init>(ScrollElement.java:15)
at com.qa.utilities.ScrollElement.<init>(ScrollElement.java:15)
at com.qa.utilities.ScrollElement.<init>(ScrollElement.java:15)
at com.qa.utilities.ScrollElement.<init>(ScrollElement.java:15)
at com.qa.utilities.ScrollElement.<init>(ScrollElement.java:15)
at com.qa.utilities.ScrollElement.<init>(ScrollElement.java:15)
at com.qa.utilities.ScrollElement.<init>(ScrollElement.java:15)
at com.qa.utilities.ScrollElement.<init>(ScrollElement.java:15)
at com.qa.utilities.ScrollElement.<init>(ScrollElement.java:15)
at com.qa.utilities.ScrollElement.<init>(ScrollElement.java:15)
at com.qa.utilities.ScrollElement.<init>(ScrollElement.java:15)
at com.qa.utilities.ScrollElement.<init>(ScrollElement.java:15)
at com.qa.utilities.ScrollElement.<init>(ScrollElement.java:15)
at com.qa.utilities.ScrollElement.<init>(ScrollElement.java:15)
at com.qa.utilities.ScrollElement.<init>(ScrollElement.java:15)
at com.qa.utilities.ScrollElement.<init>(ScrollElement.java:15)
at com.qa.utilities.ScrollElement.<init>(ScrollElement.java:15)
at com.qa.utilities.ScrollElement.<init>(ScrollElement.java:15)
at com.qa.utilities.ScrollElement.<init>(ScrollElement.java:15)
at com.qa.utilities.ScrollElement.<init>(ScrollElement.java:15)
at com.qa.utilities.ScrollElement.<init>(ScrollElement.java:15)
at com.qa.utilities.ScrollElement.<init>(ScrollElement.java:15)
at com.qa.utilities.ScrollElement.<init>(ScrollElement.java:15)
at com.qa.utilities.ScrollElement.<init>(ScrollElement.java:15)
at com.qa.utilities.ScrollElement.<init>(ScrollElement.java:15)
at com.qa.utilities.ScrollElement.<init>(ScrollElement.java:15)
at com.qa.utilities.ScrollElement.<init>(ScrollElement.java:15)
at com.qa.utilities.ScrollElement.<init>(ScrollElement.java:15)
at com.qa.utilities.ScrollElement.<init>(ScrollElement.java:15)
at com.qa.utilities.ScrollElement.<init>(ScrollElement.java:15)
at com.qa.utilities.ScrollElement.<init>(ScrollElement.java:15)
at com.qa.utilities.ScrollElement.<init>(ScrollElement.java:15)
at com.qa.utilities.ScrollElement.<init>(ScrollElement.java:15)
at com.qa.utilities.ScrollElement.<init>(ScrollElement.java:15)
at com.qa.utilities.ScrollElement.<init>(ScrollElement.java:15)
at com.qa.utilities.ScrollElement.<init>(ScrollElement.java:15)
at com.qa.utilities.ScrollElement.<init>(ScrollElement.java:15)
at com.qa.utilities.ScrollElement.<init>(ScrollElement.java:15)
at com.qa.utilities.ScrollElement.<init>(ScrollElement.java:15)
at com.qa.utilities.ScrollElement.<init>(ScrollElement.java:15)
at com.qa.utilities.ScrollElement.<init>(ScrollElement.java:15)
at com.qa.utilities.ScrollElement.<init>(ScrollElement.java:15)
at com.qa.utilities.ScrollElement.<init>(ScrollElement.java:15)
at com.qa.utilities.ScrollElement.<init>(ScrollElement.java:15)
at com.qa.utilities.ScrollElement.<init>(ScrollElement.java:15)
at com.qa.utilities.ScrollElement.<init>(ScrollElement.java:15)
at com.qa.utilities.ScrollElement.<init>(ScrollElement.java:15)
at com.qa.utilities.ScrollElement.<init>(ScrollElement.java:15)
at com.qa.utilities.ScrollElement.<init>(ScrollElement.java:15)
at com.qa.utilities.ScrollElement.<init>(ScrollElement.java:15)
at com.qa.utilities.ScrollElement.<init>(ScrollElement.java:15)
at com.qa.utilities.ScrollElement.<init>(ScrollElement.java:15)
at com.qa.utilities.ScrollElement.<init>(ScrollElement.java:15)
at com.qa.utilities.ScrollElement.<init>(ScrollElement.java:15)
at com.qa.utilities.ScrollElement.<init>(ScrollElement.java:15)
at com.qa.utilities.ScrollElement.<init>(ScrollElement.java:15)
at com.qa.utilities.ScrollElement.<init>(ScrollElement.java:15)
at com.qa.utilities.ScrollElement.<init>(ScrollElement.java:15)
at com.qa.utilities.ScrollElement.<init>(ScrollElement.java:15)
at com.qa.utilities.ScrollElement.<init>(ScrollElement.java:15)
at com.qa.utilities.ScrollElement.<init>(ScrollElement.java:15)
at com.qa.utilities.ScrollElement.<init>(ScrollElement.java:15)
at com.qa.utilities.ScrollElement.<init>(ScrollElement.java:15)
at com.qa.utilities.ScrollElement.<init>(ScrollElement.java:15)
at com.qa.utilities.ScrollElement.<init>(ScrollElement.java:15)
at com.qa.utilities.ScrollElement.<init>(ScrollElement.java:15)
at com.qa.utilities.ScrollElement.<init>(ScrollElement.java:15)
at com.qa.utilities.ScrollElement.<init>(ScrollElement.java:15)
at com.qa.utilities.ScrollElement.<init>(ScrollElement.java:15)
at com.qa.utilities.ScrollElement.<init>(ScrollElement.java:15)
at com.qa.utilities.ScrollElement.<init>(ScrollElement.java:15)
at com.qa.utilities.ScrollElement.<init>(ScrollElement.java:15)
at com.qa.utilities.ScrollElement.<init>(ScrollElement.java:15)
at com.qa.utilities.ScrollElement.<init>(ScrollElement.java:15)
at com.qa.utilities.ScrollElement.<init>(ScrollElement.java:15)
at com.qa.utilities.ScrollElement.<init>(ScrollElement.java:15)
at com.qa.utilities.ScrollElement.<init>(ScrollElement.java:15)
at com.qa.utilities.ScrollElement.<init>(ScrollElement.java:15)
at com.qa.utilities.ScrollElement.<init>(ScrollElement.java:15)
at com.qa.utilities.ScrollElement.<init>(ScrollElement.java:15)
at com.qa.utilities.ScrollElement.<init>(ScrollElement.java:15)
at com.qa.utilities.ScrollElement.<init>(ScrollElement.java:15)
at com.qa.utilities.ScrollElement.<init>(ScrollElement.java:15)
at com.qa.utilities.ScrollElement.<init>(ScrollElement.java:15)
at com.qa.utilities.ScrollElement.<init>(ScrollElement.java:15)
at com.qa.utilities.ScrollElement.<init>(ScrollElement.java:15)
at com.qa.utilities.ScrollElement.<init>(ScrollElement.java:15)
at com.qa.utilities.ScrollElement.<init>(ScrollElement.java:15)
at com.qa.utilities.ScrollElement.<init>(ScrollElement.java:15)
at com.qa.utilities.ScrollElement.<init>(ScrollElement.java:15)
at com.qa.utilities.ScrollElement.<init>(ScrollElement.java:15)
at com.qa.utilities.ScrollElement.<init>(ScrollElement.java:15)
at com.qa.utilities.ScrollElement.<init>(ScrollElement.java:15)
at com.qa.utilities.ScrollElement.<init>(ScrollElement.java:15)
at com.qa.utilities.ScrollElement.<init>(ScrollElement.java:15)
at com.qa.utilities.ScrollElement.<init>(ScrollElement.java:15)
at com.qa.utilities.ScrollElement.<init>(ScrollElement.java:15)
at com.qa.utilities.ScrollElement.<init>(ScrollElement.java:15)
at com.qa.utilities.ScrollElement.<init>(ScrollElement.java:15)
at com.qa.utilities.ScrollElement.<init>(ScrollElement.java:15)
at com.qa.utilities.ScrollElement.<init>(ScrollElement.java:15)
at com.qa.utilities.ScrollElement.<init>(ScrollElement.java:15)
at com.qa.utilities.ScrollElement.<init>(ScrollElement.java:15)
at com.qa.utilities.ScrollElement.<init>(ScrollElement.java:15)
at com.qa.utilities.ScrollElement.<init>(ScrollElement.java:15)
at com.qa.utilities.ScrollElement.<init>(ScrollElement.java:15)
at com.qa.utilities.ScrollElement.<init>(ScrollElement.java:15)
at com.qa.utilities.ScrollElement.<init>(ScrollElement.java:15)
at com.qa.utilities.ScrollElement.<init>(ScrollElement.java:15)
at com.qa.utilities.ScrollElement.<init>(ScrollElement.java:15)
at com.qa.utilities.ScrollElement.<init>(ScrollElement.java:15)
at com.qa.utilities.ScrollElement.<init>(ScrollElement.java:15)
at com.qa.utilities.ScrollElement.<init>(ScrollElement.java:15)
at com.qa.utilities.ScrollElement.<init>(ScrollElement.java:15)
at com.qa.utilities.ScrollElement.<init>(ScrollElement.java:15)
at com.qa.utilities.ScrollElement.<init>(ScrollElement.java:15)
at com.qa.utilities.ScrollElement.<init>(ScrollElement.java:15)
at com.qa.utilities.ScrollElement.<init>(ScrollElement.java:15)
at com.qa.utilities.ScrollElement.<init>(ScrollElement.java:15)
at com.qa.utilities.ScrollElement.<init>(ScrollElement.java:15)
at com.qa.utilities.ScrollElement.<init>(ScrollElement.java:15)
at com.qa.utilities.ScrollElement.<init>(ScrollElement.java:15)
at com.qa.utilities.ScrollElement.<init>(ScrollElement.java:15)
at com.qa.utilities.ScrollElement.<init>(ScrollElement.java:15)
at com.qa.utilities.ScrollElement.<init>(ScrollElement.java:15)
at com.qa.utilities.ScrollElement.<init>(ScrollElement.java:15)
at com.qa.utilities.ScrollElement.<init>(ScrollElement.java:15)
at com.qa.utilities.ScrollElement.<init>(ScrollElement.java:15)
at com.qa.utilities.ScrollElement.<init>(ScrollElement.java:15)
at com.qa.utilities.ScrollElement.<init>(ScrollElement.java:15)
at com.qa.utilities.ScrollElement.<init>(ScrollElement.java:15)
at com.qa.utilities.ScrollElement.<init>(ScrollElement.java:15)
at com.qa.utilities.ScrollElement.<init>(ScrollElement.java:15)
at com.qa.utilities.ScrollElement.<init>(ScrollElement.java:15)
at com.qa.utilities.ScrollElement.<init>(ScrollElement.java:15)
at com.qa.utilities.ScrollElement.<init>(ScrollElement.java:15)
at com.qa.utilities.ScrollElement.<init>(ScrollElement.java:15)
at com.qa.utilities.ScrollElement.<init>(ScrollElement.java:15)
at com.qa.utilities.ScrollElement.<init>(ScrollElement.java:15)
at com.qa.utilities.ScrollElement.<init>(ScrollElement.java:15)
at com.qa.utilities.ScrollElement.<init>(ScrollElement.java:15)
at com.qa.utilities.ScrollElement.<init>(ScrollElement.java:15)
at com.qa.utilities.ScrollElement.<init>(ScrollElement.java:15)
at com.qa.utilities.ScrollElement.<init>(ScrollElement.java:15)
at com.qa.utilities.ScrollElement.<init>(ScrollElement.java:15)
at com.qa.utilities.ScrollElement.<init>(ScrollElement.java:15)
at com.qa.utilities.ScrollElement.<init>(ScrollElement.java:15)
at com.qa.utilities.ScrollElement.<init>(ScrollElement.java:15)
at com.qa.utilities.ScrollElement.<init>(ScrollElement.java:15)
at com.qa.utilities.ScrollElement.<init>(ScrollElement.java:15)
at com.qa.utilities.ScrollElement.<init>(ScrollElement.java:15)
at com.qa.utilities.ScrollElement.<init>(ScrollElement.java:15)
at com.qa.utilities.ScrollElement.<init>(ScrollElement.java:15)
at com.qa.utilities.ScrollElement.<init>(ScrollElement.java:15)
at com.qa.utilities.ScrollElement.<init>(ScrollElement.java:15)
at com.qa.utilities.ScrollElement.<init>(ScrollElement.java:15)
at com.qa.utilities.ScrollElement.<init>(ScrollElement.java:15)
at com.qa.utilities.ScrollElement.<init>(ScrollElement.java:15)
at com.qa.utilities.ScrollElement.<init>(ScrollElement.java:15)
at com.qa.utilities.ScrollElement.<init>(ScrollElement.java:15)
at com.qa.utilities.ScrollElement.<init>(ScrollElement.java:15)
at com.qa.utilities.ScrollElement.<init>(ScrollElement.java:15)
at com.qa.utilities.ScrollElement.<init>(ScrollElement.java:15)
at com.qa.utilities.ScrollElement.<init>(ScrollElement.java:15)
at com.qa.utilities.ScrollElement.<init>(ScrollElement.java:15)
at com.qa.utilities.ScrollElement.<init>(ScrollElement.java:15)
at com.qa.utilities.ScrollElement.<init>(ScrollElement.java:15)
at com.qa.utilities.ScrollElement.<init>(ScrollElement.java:15)
at com.qa.utilities.ScrollElement.<init>(ScrollElement.java:15)
at com.qa.utilities.ScrollElement.<init>(ScrollElement.java:15)
at com.qa.utilities.ScrollElement.<init>(ScrollElement.java:15)
at com.qa.utilities.ScrollElement.<init>(ScrollElement.java:15)
at com.qa.utilities.ScrollElement.<init>(ScrollElement.java:15)
at com.qa.utilities.ScrollElement.<init>(ScrollElement.java:15)
at com.qa.utilities.ScrollElement.<init>(ScrollElement.java:15)
at com.qa.utilities.ScrollElement.<init>(ScrollElement.java:15)
at com.qa.utilities.ScrollElement.<init>(ScrollElement.java:15)
at com.qa.utilities.ScrollElement.<init>(ScrollElement.java:15)
at com.qa.utilities.ScrollElement.<init>(ScrollElement.java:15)
at com.qa.utilities.ScrollElement.<init>(ScrollElement.java:15)
at com.qa.utilities.ScrollElement.<init>(ScrollElement.java:15)
at com.qa.utilities.ScrollElement.<init>(ScrollElement.java:15)
at com.qa.utilities.ScrollElement.<init>(ScrollElement.java:15)
at com.qa.utilities.ScrollElement.<init>(ScrollElement.java:15)
at com.qa.utilities.ScrollElement.<init>(ScrollElement.java:15)
at com.qa.utilities.ScrollElement.<init>(ScrollElement.java:15)
at com.qa.utilities.ScrollElement.<init>(ScrollElement.java:15)
at com.qa.utilities.ScrollElement.<init>(ScrollElement.java:15)
at com.qa.utilities.ScrollElement.<init>(ScrollElement.java:15)
at com.qa.utilities.ScrollElement.<init>(ScrollElement.java:15)
at com.qa.utilities.ScrollElement.<init>(ScrollElement.java:15)
at com.qa.utilities.ScrollElement.<init>(ScrollElement.java:15)
at com.qa.utilities.ScrollElement.<init>(ScrollElement.java:15)
at com.qa.utilities.ScrollElement.<init>(ScrollElement.java:15)
at com.qa.utilities.ScrollElement.<init>(ScrollElement.java:15)
at com.qa.utilities.ScrollElement.<init>(ScrollElement.java:15)
at com.qa.utilities.ScrollElement.<init>(ScrollElement.java:15)
at com.qa.utilities.ScrollElement.<init>(ScrollElement.java:15)
at com.qa.utilities.ScrollElement.<init>(ScrollElement.java:15)
at com.qa.utilities.ScrollElement.<init>(ScrollElement.java:15)
at com.qa.utilities.ScrollElement.<init>(ScrollElement.java:15)
at com.qa.utilities.ScrollElement.<init>(ScrollElement.java:15)
at com.qa.utilities.ScrollElement.<init>(ScrollElement.java:15)
at com.qa.utilities.ScrollElement.<init>(ScrollElement.java:15)
at com.qa.utilities.ScrollElement.<init>(ScrollElement.java:15)
at com.qa.utilities.ScrollElement.<init>(ScrollElement.java:15)
at com.qa.utilities.ScrollElement.<init>(ScrollElement.java:15)
at com.qa.utilities.ScrollElement.<init>(ScrollElement.java:15)
at com.qa.utilities.ScrollElement.<init>(ScrollElement.java:15)
at com.qa.utilities.ScrollElement.<init>(ScrollElement.java:15)
at com.qa.utilities.ScrollElement.<init>(ScrollElement.java:15)
at com.qa.utilities.ScrollElement.<init>(ScrollElement.java:15)
at com.qa.utilities.ScrollElement.<init>(ScrollElement.java:15)
at com.qa.utilities.ScrollElement.<init>(ScrollElement.java:15)
at com.qa.utilities.ScrollElement.<init>(ScrollElement.java:15)
at com.qa.utilities.ScrollElement.<init>(ScrollElement.java:15)
at com.qa.utilities.ScrollElement.<init>(ScrollElement.java:15)
at com.qa.utilities.ScrollElement.<init>(ScrollElement.java:15)
at com.qa.utilities.ScrollElement.<init>(ScrollElement.java:15)
at com.qa.utilities.ScrollElement.<init>(ScrollElement.java:15)
at com.qa.utilities.ScrollElement.<init>(ScrollElement.java:15)
at com.qa.utilities.ScrollElement.<init>(ScrollElement.java:15)
at com.qa.utilities.ScrollElement.<init>(ScrollElement.java:15)
at com.qa.utilities.ScrollElement.<init>(ScrollElement.java:15)
at com.qa.utilities.ScrollElement.<init>(ScrollElement.java:15)
at com.qa.utilities.ScrollElement.<init>(ScrollElement.java:15)
at com.qa.utilities.ScrollElement.<init>(ScrollElement.java:15)
at com.qa.utilities.ScrollElement.<init>(ScrollElement.java:15)
at com.qa.utilities.ScrollElement.<init>(ScrollElement.java:15)
at com.qa.utilities.ScrollElement.<init>(ScrollElement.java:15)
at com.qa.utilities.ScrollElement.<init>(ScrollElement.java:15)
at com.qa.utilities.ScrollElement.<init>(ScrollElement.java:15)
at com.qa.utilities.ScrollElement.<init>(ScrollElement.java:15)
at com.qa.utilities.ScrollElement.<init>(ScrollElement.java:15)
at com.qa.utilities.ScrollElement.<init>(ScrollElement.java:15)
at com.qa.utilities.ScrollElement.<init>(ScrollElement.java:15)
at com.qa.utilities.ScrollElement.<init>(ScrollElement.java:15)
at com.qa.utilities.ScrollElement.<init>(ScrollElement.java:15)
at com.qa.utilities.ScrollElement.<init>(ScrollElement.java:15)
at com.qa.utilities.ScrollElement.<init>(ScrollElement.java:15)
at com.qa.utilities.ScrollElement.<init>(ScrollElement.java:15)
at com.qa.utilities.ScrollElement.<init>(ScrollElement.java:15)
at com.qa.utilities.ScrollElement.<init>(ScrollElement.java:15)
at com.qa.utilities.ScrollElement.<init>(ScrollElement.java:15)
at com.qa.utilities.ScrollElement.<init>(ScrollElement.java:15)
at com.qa.utilities.ScrollElement.<init>(ScrollElement.java:15)
at com.qa.utilities.ScrollElement.<init>(ScrollElement.java:15)
at com.qa.utilities.ScrollElement.<init>(ScrollElement.java:15)
at com.qa.utilities.ScrollElement.<init>(ScrollElement.java:15)
at com.qa.utilities.ScrollElement.<init>(ScrollElement.java:15)
at com.qa.utilities.ScrollElement.<init>(ScrollElement.java:15)
at com.qa.utilities.ScrollElement.<init>(ScrollElement.java:15)
at com.qa.utilities.ScrollElement.<init>(ScrollElement.java:15)
at com.qa.utilities.ScrollElement.<init>(ScrollElement.java:15)
at com.qa.utilities.ScrollElement.<init>(ScrollElement.java:15)
at com.qa.utilities.ScrollElement.<init>(ScrollElement.java:15)
at com.qa.utilities.ScrollElement.<init>(ScrollElement.java:15)
at com.qa.utilities.ScrollElement.<init>(ScrollElement.java:15)
at com.qa.utilities.ScrollElement.<init>(ScrollElement.java:15)
at com.qa.utilities.ScrollElement.<init>(ScrollElement.java:15)
at com.qa.utilities.ScrollElement.<init>(ScrollElement.java:15)
at com.qa.utilities.ScrollElement.<init>(ScrollElement.java:15)
at com.qa.utilities.ScrollElement.<init>(ScrollElement.java:15)
at com.qa.utilities.ScrollElement.<init>(ScrollElement.java:15)
at com.qa.utilities.ScrollElement.<init>(ScrollElement.java:15)
at com.qa.utilities.ScrollElement.<init>(ScrollElement.java:15)
at com.qa.utilities.ScrollElement.<init>(ScrollElement.java:15)
at com.qa.utilities.ScrollElement.<init>(ScrollElement.java:15)
at com.qa.utilities.ScrollElement.<init>(ScrollElement.java:15)
at com.qa.utilities.ScrollElement.<init>(ScrollElement.java:15)
at com.qa.utilities.ScrollElement.<init>(ScrollElement.java:15)
at com.qa.utilities.ScrollElement.<init>(ScrollElement.java:15)
at com.qa.utilities.ScrollElement.<init>(ScrollElement.java:15)
at com.qa.utilities.ScrollElement.<init>(ScrollElement.java:15)
at com.qa.utilities.ScrollElement.<init>(ScrollElement.java:15)
at com.qa.utilities.ScrollElement.<init>(ScrollElement.java:15)
at com.qa.utilities.ScrollElement.<init>(ScrollElement.java:15)
at com.qa.utilities.ScrollElement.<init>(ScrollElement.java:15)
at com.qa.utilities.ScrollElement.<init>(ScrollElement.java:15)
at com.qa.utilities.ScrollElement.<init>(ScrollElement.java:15)
at com.qa.utilities.ScrollElement.<init>(ScrollElement.java:15)
at com.qa.utilities.ScrollElement.<init>(ScrollElement.java:15)
at com.qa.utilities.ScrollElement.<init>(ScrollElement.java:15)
at com.qa.utilities.ScrollElement.<init>(ScrollElement.java:15)
at com.qa.utilities.ScrollElement.<init>(ScrollElement.java:15)
at com.qa.utilities.ScrollElement.<init>(ScrollElement.java:15)
at com.qa.utilities.ScrollElement.<init>(ScrollElement.java:15)
at com.qa.utilities.ScrollElement.<init>(ScrollElement.java:15)
at com.qa.utilities.ScrollElement.<init>(ScrollElement.java:15)
at com.qa.utilities.ScrollElement.<init>(ScrollElement.java:15)
at com.qa.utilities.ScrollElement.<init>(ScrollElement.java:15)
at com.qa.utilities.ScrollElement.<init>(ScrollElement.java:15)
at com.qa.utilities.ScrollElement.<init>(ScrollElement.java:15)
at com.qa.utilities.ScrollElement.<init>(ScrollElement.java:15)
at com.qa.utilities.ScrollElement.<init>(ScrollElement.java:15)
at com.qa.utilities.ScrollElement.<init>(ScrollElement.java:15)
at com.qa.utilities.ScrollElement.<init>(ScrollElement.java:15)
at com.qa.utilities.ScrollElement.<init>(ScrollElement.java:15)
at com.qa.utilities.ScrollElement.<init>(ScrollElement.java:15)
at com.qa.utilities.ScrollElement.<init>(ScrollElement.java:15)
at com.qa.utilities.ScrollElement.<init>(ScrollElement.java:15)
at com.qa.utilities.ScrollElement.<init>(ScrollElement.java:15)
at com.qa.utilities.ScrollElement.<init>(ScrollElement.java:15)
at com.qa.utilities.ScrollElement.<init>(ScrollElement.java:15)
at com.qa.utilities.ScrollElement.<init>(ScrollElement.java:15)
at com.qa.utilities.ScrollElement.<init>(ScrollElement.java:15)
at com.qa.utilities.ScrollElement.<init>(ScrollElement.java:15)
at com.qa.utilities.ScrollElement.<init>(ScrollElement.java:15)
at com.qa.utilities.ScrollElement.<init>(ScrollElement.java:15)
at com.qa.utilities.ScrollElement.<init>(ScrollElement.java:15)
at com.qa.utilities.ScrollElement.<init>(ScrollElement.java:15)
at com.qa.utilities.ScrollElement.<init>(ScrollElement.java:15)
at com.qa.utilities.ScrollElement.<init>(ScrollElement.java:15)
at com.qa.utilities.ScrollElement.<init>(ScrollElement.java:15)
at com.qa.utilities.ScrollElement.<init>(ScrollElement.java:15)
at com.qa.utilities.ScrollElement.<init>(ScrollElement.java:15)
at com.qa.utilities.ScrollElement.<init>(ScrollElement.java:15)
at com.qa.utilities.ScrollElement.<init>(ScrollElement.java:15)
at com.qa.utilities.ScrollElement.<init>(ScrollElement.java:15)
at com.qa.utilities.ScrollElement.<init>(ScrollElement.java:15)
at com.qa.utilities.ScrollElement.<init>(ScrollElement.java:15)
at com.qa.utilities.ScrollElement.<init>(ScrollElement.java:15)
at com.qa.utilities.ScrollElement.<init>(ScrollElement.java:15)
at com.qa.utilities.ScrollElement.<init>(ScrollElement.java:15)
at com.qa.utilities.ScrollElement.<init>(ScrollElement.java:15)
at com.qa.utilities.ScrollElement.<init>(ScrollElement.java:15)
at com.qa.utilities.ScrollElement.<init>(ScrollElement.java:15)
at com.qa.utilities.ScrollElement.<init>(ScrollElement.java:15)
at com.qa.utilities.ScrollElement.<init>(ScrollElement.java:15)
at com.qa.utilities.ScrollElement.<init>(ScrollElement.java:15)
at com.qa.utilities.ScrollElement.<init>(ScrollElement.java:15)
at com.qa.utilities.ScrollElement.<init>(ScrollElement.java:15)
at com.qa.utilities.ScrollElement.<init>(ScrollElement.java:15)
at com.qa.utilities.ScrollElement.<init>(ScrollElement.java:15)
at com.qa.utilities.ScrollElement.<init>(ScrollElement.java:15)
at com.qa.utilities.ScrollElement.<init>(ScrollElement.java:15)
at com.qa.utilities.ScrollElement.<init>(ScrollElement.java:15)
at com.qa.utilities.ScrollElement.<init>(ScrollElement.java:15)
at com.qa.utilities.ScrollElement.<init>(ScrollElement.java:15)
at com.qa.utilities.ScrollElement.<init>(ScrollElement.java:15)
at com.qa.utilities.ScrollElement.<init>(ScrollElement.java:15)
at com.qa.utilities.ScrollElement.<init>(ScrollElement.java:15)
at com.qa.utilities.ScrollElement.<init>(ScrollElement.java:15)
at com.qa.utilities.ScrollElement.<init>(ScrollElement.java:15)
at com.qa.utilities.ScrollElement.<init>(ScrollElement.java:15)
at com.qa.utilities.ScrollElement.<init>(ScrollElement.java:15)
at com.qa.utilities.ScrollElement.<init>(ScrollElement.java:15)
at com.qa.utilities.ScrollElement.<init>(ScrollElement.java:15)
at com.qa.utilities.ScrollElement.<init>(ScrollElement.java:15)
at com.qa.utilities.ScrollElement.<init>(ScrollElement.java:15)
at com.qa.utilities.ScrollElement.<init>(ScrollElement.java:15)
at com.qa.utilities.ScrollElement.<init>(ScrollElement.java:15)
at com.qa.utilities.ScrollElement.<init>(ScrollElement.java:15)
at com.qa.utilities.ScrollElement.<init>(ScrollElement.java:15)
at com.qa.utilities.ScrollElement.<init>(ScrollElement.java:15)
at com.qa.utilities.ScrollElement.<init>(ScrollElement.java:15)
at com.qa.utilities.ScrollElement.<init>(ScrollElement.java:15)
at com.qa.utilities.ScrollElement.<init>(ScrollElement.java:15)
at com.qa.utilities.ScrollElement.<init>(ScrollElement.java:15)
at com.qa.utilities.ScrollElement.<init>(ScrollElement.java:15)
at com.qa.utilities.ScrollElement.<init>(ScrollElement.java:15)
at com.qa.utilities.ScrollElement.<init>(ScrollElement.java:15)
at com.qa.utilities.ScrollElement.<init>(ScrollElement.java:15)
at com.qa.utilities.ScrollElement.<init>(ScrollElement.java:15)
at com.qa.utilities.ScrollElement.<init>(ScrollElement.java:15)
at com.qa.utilities.ScrollElement.<init>(ScrollElement.java:15)
at com.qa.utilities.ScrollElement.<init>(ScrollElement.java:15)
at com.qa.utilities.ScrollElement.<init>(ScrollElement.java:15)
at com.qa.utilities.ScrollElement.<init>(ScrollElement.java:15)
at com.qa.utilities.ScrollElement.<init>(ScrollElement.java:15)
at com.qa.utilities.ScrollElement.<init>(ScrollElement.java:15)
at com.qa.utilities.ScrollElement.<init>(ScrollElement.java:15)
at com.qa.utilities.ScrollElement.<init>(ScrollElement.java:15)
at com.qa.utilities.ScrollElement.<init>(ScrollElement.java:15)
at com.qa.utilities.ScrollElement.<init>(ScrollElement.java:15)
at com.qa.utilities.ScrollElement.<init>(ScrollElement.java:15)
at com.qa.utilities.ScrollElement.<init>(ScrollElement.java:15)
at com.qa.utilities.ScrollElement.<init>(ScrollElement.java:15)
at com.qa.utilities.ScrollElement.<init>(ScrollElement.java:15)
at com.qa.utilities.ScrollElement.<init>(ScrollElement.java:15)
at com.qa.utilities.ScrollElement.<init>(ScrollElement.java:15)
at com.qa.utilities.ScrollElement.<init>(ScrollElement.java:15)
at com.qa.utilities.ScrollElement.<init>(ScrollElement.java:15)
at com.qa.utilities.ScrollElement.<init>(ScrollElement.java:15)
at com.qa.utilities.ScrollElement.<init>(ScrollElement.java:15)
at com.qa.utilities.ScrollElement.<init>(ScrollElement.java:15)
at com.qa.utilities.ScrollElement.<init>(ScrollElement.java:15)
at com.qa.utilities.ScrollElement.<init>(ScrollElement.java:15)
at com.qa.utilities.ScrollElement.<init>(ScrollElement.java:15)
at com.qa.utilities.ScrollElement.<init>(ScrollElement.java:15)
at com.qa.utilities.ScrollElement.<init>(ScrollElement.java:15)
at com.qa.utilities.ScrollElement.<init>(ScrollElement.java:15)
at com.qa.utilities.ScrollElement.<init>(ScrollElement.java:15)
at com.qa.utilities.ScrollElement.<init>(ScrollElement.java:15)
at com.qa.utilities.ScrollElement.<init>(ScrollElement.java:15)
at com.qa.utilities.ScrollElement.<init>(ScrollElement.java:15)
at com.qa.utilities.ScrollElement.<init>(ScrollElement.java:15)
at com.qa.utilities.ScrollElement.<init>(ScrollElement.java:15)
at com.qa.utilities.ScrollElement.<init>(ScrollElement.java:15)
at com.qa.utilities.ScrollElement.<init>(ScrollElement.java:15)
at com.qa.utilities.ScrollElement.<init>(ScrollElement.java:15)
at com.qa.utilities.ScrollElement.<init>(ScrollElement.java:15)
at com.qa.utilities.ScrollElement.<init>(ScrollElement.java:15)
at com.qa.utilities.ScrollElement.<init>(ScrollElement.java:15)
at com.qa.utilities.ScrollElement.<init>(ScrollElement.java:15)
at com.qa.utilities.ScrollElement.<init>(ScrollElement.java:15)
at com.qa.utilities.ScrollElement.<init>(ScrollElement.java:15)
at com.qa.utilities.ScrollElement.<init>(ScrollElement.java:15)
at com.qa.utilities.ScrollElement.<init>(ScrollElement.java:15)
at com.qa.utilities.ScrollElement.<init>(ScrollElement.java:15)
at com.qa.utilities.ScrollElement.<init>(ScrollElement.java:15)
at com.qa.utilities.ScrollElement.<init>(ScrollElement.java:15)
at com.qa.utilities.ScrollElement.<init>(ScrollElement.java:15)
at com.qa.utilities.ScrollElement.<init>(ScrollElement.java:15)
at com.qa.utilities.ScrollElement.<init>(ScrollElement.java:15)
at com.qa.utilities.ScrollElement.<init>(ScrollElement.java:15)
at com.qa.utilities.ScrollElement.<init>(ScrollElement.java:15)
at com.qa.utilities.ScrollElement.<init>(ScrollElement.java:15)
at com.qa.utilities.ScrollElement.<init>(ScrollElement.java:15)
at com.qa.utilities.ScrollElement.<init>(ScrollElement.java:15)
at com.qa.utilities.ScrollElement.<init>(ScrollElement.java:15)
at com.qa.utilities.ScrollElement.<init>(ScrollElement.java:15)
at com.qa.utilities.ScrollElement.<init>(ScrollElement.java:15)
at com.qa.utilities.ScrollElement.<init>(ScrollElement.java:15)
at com.qa.utilities.ScrollElement.<init>(ScrollElement.java:15)
at com.qa.utilities.ScrollElement.<init>(ScrollElement.java:15)
at com.qa.utilities.ScrollElement.<init>(ScrollElement.java:15)
at com.qa.utilities.ScrollElement.<init>(ScrollElement.java:15)
at com.qa.utilities.ScrollElement.<init>(ScrollElement.java:15)
at com.qa.utilities.ScrollElement.<init>(ScrollElement.java:15)
at com.qa.utilities.ScrollElement.<init>(ScrollElement.java:15)
at com.qa.utilities.ScrollElement.<init>(ScrollElement.java:15)
at com.qa.utilities.ScrollElement.<init>(ScrollElement.java:15)
at com.qa.utilities.ScrollElement.<init>(ScrollElement.java:15)
at com.qa.utilities.ScrollElement.<init>(ScrollElement.java:15)
at com.qa.utilities.ScrollElement.<init>(ScrollElement.java:15)
at com.qa.utilities.ScrollElement.<init>(ScrollElement.java:15)
at com.qa.utilities.ScrollElement.<init>(ScrollElement.java:15)
at com.qa.utilities.ScrollElement.<init>(ScrollElement.java:15)
at com.qa.utilities.ScrollElement.<init>(ScrollElement.java:15)
at com.qa.utilities.ScrollElement.<init>(ScrollElement.java:15)
at com.qa.utilities.ScrollElement.<init>(ScrollElement.java:15)
at com.qa.utilities.ScrollElement.<init>(ScrollElement.java:15)
at com.qa.utilities.ScrollElement.<init>(ScrollElement.java:15)
at com.qa.utilities.ScrollElement.<init>(ScrollElement.java:15)
at com.qa.utilities.ScrollElement.<init>(ScrollElement.java:15)
at com.qa.utilities.ScrollElement.<init>(ScrollElement.java:15)
at com.qa.utilities.ScrollElement.<init>(ScrollElement.java:15)
at com.qa.utilities.ScrollElement.<init>(ScrollElement.java:15)
at com.qa.utilities.ScrollElement.<init>(ScrollElement.java:15)
at com.qa.utilities.ScrollElement.<init>(ScrollElement.java:15)
at com.qa.utilities.ScrollElement.<init>(ScrollElement.java:15)
at com.qa.utilities.ScrollElement.<init>(ScrollElement.java:15)
at com.qa.utilities.ScrollElement.<init>(ScrollElement.java:15)
at com.qa.utilities.ScrollElement.<init>(ScrollElement.java:15)
at com.qa.utilities.ScrollElement.<init>(ScrollElement.java:15)
at com.qa.utilities.ScrollElement.<init>(ScrollElement.java:15)
at com.qa.utilities.ScrollElement.<init>(ScrollElement.java:15)
at com.qa.utilities.ScrollElement.<init>(ScrollElement.java:15)
at com.qa.utilities.ScrollElement.<init>(ScrollElement.java:15)
at com.qa.utilities.ScrollElement.<init>(ScrollElement.java:15)
at com.qa.utilities.ScrollElement.<init>(ScrollElement.java:15)
at com.qa.utilities.ScrollElement.<init>(ScrollElement.java:15)
at com.qa.utilities.ScrollElement.<init>(ScrollElement.java:15)
at com.qa.utilities.ScrollElement.<init>(ScrollElement.java:15)
at com.qa.utilities.ScrollElement.<init>(ScrollElement.java:15)
at com.qa.utilities.ScrollElement.<init>(ScrollElement.java:15)
at com.qa.utilities.ScrollElement.<init>(ScrollElement.java:15)
at com.qa.utilities.ScrollElement.<init>(ScrollElement.java:15)
at com.qa.utilities.ScrollElement.<init>(ScrollElement.java:15)
at com.qa.utilities.ScrollElement.<init>(ScrollElement.java:15)
at com.qa.utilities.ScrollElement.<init>(ScrollElement.java:15)
at com.qa.utilities.ScrollElement.<init>(ScrollElement.java:15)
at com.qa.utilities.ScrollElement.<init>(ScrollElement.java:15)
at com.qa.utilities.ScrollElement.<init>(ScrollElement.java:15)
at com.qa.utilities.ScrollElement.<init>(ScrollElement.java:15)
at com.qa.utilities.ScrollElement.<init>(ScrollElement.java:15)
at com.qa.utilities.ScrollElement.<init>(ScrollElement.java:15)
at com.qa.utilities.ScrollElement.<init>(ScrollElement.java:15)
at com.qa.utilities.ScrollElement.<init>(ScrollElement.java:15)
at com.qa.utilities.ScrollElement.<init>(ScrollElement.java:15)
at com.qa.utilities.ScrollElement.<init>(ScrollElement.java:15)
at com.qa.utilities.ScrollElement.<init>(ScrollElement.java:15)
at com.qa.utilities.ScrollElement.<init>(ScrollElement.java:15)
at com.qa.utilities.ScrollElement.<init>(ScrollElement.java:15)
at com.qa.utilities.ScrollElement.<init>(ScrollElement.java:15)
at com.qa.utilities.ScrollElement.<init>(ScrollElement.java:15)
at com.qa.utilities.ScrollElement.<init>(ScrollElement.java:15)
at com.qa.utilities.ScrollElement.<init>(ScrollElement.java:15)
at com.qa.utilities.ScrollElement.<init>(ScrollElement.java:15)
at com.qa.utilities.ScrollElement.<init>(ScrollElement.java:15)
at com.qa.utilities.ScrollElement.<init>(ScrollElement.java:15)
at com.qa.utilities.ScrollElement.<init>(ScrollElement.java:15)
at com.qa.utilities.ScrollElement.<init>(ScrollElement.java:15)
at com.qa.utilities.ScrollElement.<init>(ScrollElement.java:15)
at com.qa.utilities.ScrollElement.<init>(ScrollElement.java:15)
at com.qa.utilities.ScrollElement.<init>(ScrollElement.java:15)
at com.qa.utilities.ScrollElement.<init>(ScrollElement.java:15)
at com.qa.utilities.ScrollElement.<init>(ScrollElement.java:15)
at com.qa.utilities.ScrollElement.<init>(ScrollElement.java:15)
at com.qa.utilities.ScrollElement.<init>(ScrollElement.java:15)
at com.qa.utilities.ScrollElement.<init>(ScrollElement.java:15)
at com.qa.utilities.ScrollElement.<init>(ScrollElement.java:15)
at com.qa.utilities.ScrollElement.<init>(ScrollElement.java:15)
at com.qa.utilities.ScrollElement.<init>(ScrollElement.java:15)
at com.qa.utilities.ScrollElement.<init>(ScrollElement.java:15)
at com.qa.utilities.ScrollElement.<init>(ScrollElement.java:15)
at com.qa.utilities.ScrollElement.<init>(ScrollElement.java:15)
at com.qa.utilities.ScrollElement.<init>(ScrollElement.java:15)
at com.qa.utilities.ScrollElement.<init>(ScrollElement.java:15)
at com.qa.utilities.ScrollElement.<init>(ScrollElement.java:15)
at com.qa.utilities.ScrollElement.<init>(ScrollElement.java:15)
at com.qa.utilities.ScrollElement.<init>(ScrollElement.java:15)
at com.qa.utilities.ScrollElement.<init>(ScrollElement.java:15)
at com.qa.utilities.ScrollElement.<init>(ScrollElement.java:15)
at com.qa.utilities.ScrollElement.<init>(ScrollElement.java:15)
at com.qa.utilities.ScrollElement.<init>(ScrollElement.java:15)
at com.qa.utilities.ScrollElement.<init>(ScrollElement.java:15)
at com.qa.utilities.ScrollElement.<init>(ScrollElement.java:15)
at com.qa.utilities.ScrollElement.<init>(ScrollElement.java:15)
at com.qa.utilities.ScrollElement.<init>(ScrollElement.java:15)
at com.qa.utilities.ScrollElement.<init>(ScrollElement.java:15)
at com.qa.utilities.ScrollElement.<init>(ScrollElement.java:15)
at com.qa.utilities.ScrollElement.<init>(ScrollElement.java:15)
at com.qa.utilities.ScrollElement.<init>(ScrollElement.java:15)
at com.qa.utilities.ScrollElement.<init>(ScrollElement.java:15)
at com.qa.utilities.ScrollElement.<init>(ScrollElement.java:15)
at com.qa.utilities.ScrollElement.<init>(ScrollElement.java:15)
at com.qa.utilities.ScrollElement.<init>(ScrollElement.java:15)
at com.qa.utilities.ScrollElement.<init>(ScrollElement.java:15)
at com.qa.utilities.ScrollElement.<init>(ScrollElement.java:15)
at com.qa.utilities.ScrollElement.<init>(ScrollElement.java:15)
at com.qa.utilities.ScrollElement.<init>(ScrollElement.java:15)
at com.qa.utilities.ScrollElement.<init>(ScrollElement.java:15)
at com.qa.utilities.ScrollElement.<init>(ScrollElement.java:15)
at com.qa.utilities.ScrollElement.<init>(ScrollElement.java:15)
at com.qa.utilities.ScrollElement.<init>(ScrollElement.java:15)
at com.qa.utilities.ScrollElement.<init>(ScrollElement.java:15)
at com.qa.utilities.ScrollElement.<init>(ScrollElement.java:15)
at com.qa.utilities.ScrollElement.<init>(ScrollElement.java:15)
at com.qa.utilities.ScrollElement.<init>(ScrollElement.java:15)
at com.qa.utilities.ScrollElement.<init>(ScrollElement.java:15)
at com.qa.utilities.ScrollElement.<init>(ScrollElement.java:15)
at com.qa.utilities.ScrollElement.<init>(ScrollElement.java:15)
at com.qa.utilities.ScrollElement.<init>(ScrollElement.java:15)
at com.qa.utilities.ScrollElement.<init>(ScrollElement.java:15)
at com.qa.utilities.ScrollElement.<init>(ScrollElement.java:15)
at com.qa.utilities.ScrollElement.<init>(ScrollElement.java:15)
at com.qa.utilities.ScrollElement.<init>(ScrollElement.java:15)
at com.qa.utilities.ScrollElement.<init>(ScrollElement.java:15)
at com.qa.utilities.ScrollElement.<init>(ScrollElement.java:15)
at com.qa.utilities.ScrollElement.<init>(ScrollElement.java:15)
at com.qa.utilities.ScrollElement.<init>(ScrollElement.java:15)
at com.qa.utilities.ScrollElement.<init>(ScrollElement.java:15)
at com.qa.utilities.ScrollElement.<init>(ScrollElement.java:15)
at com.qa.utilities.ScrollElement.<init>(ScrollElement.java:15)
at com.qa.utilities.ScrollElement.<init>(ScrollElement.java:15)
at com.qa.utilities.ScrollElement.<init>(ScrollElement.java:15)
at com.qa.utilities.ScrollElement.<init>(ScrollElement.java:15)
at com.qa.utilities.ScrollElement.<init>(ScrollElement.java:15)
at com.qa.utilities.ScrollElement.<init>(ScrollElement.java:15)
at com.qa.utilities.ScrollElement.<init>(ScrollElement.java:15)
at com.qa.utilities.ScrollElement.<init>(ScrollElement.java:15)
at com.qa.utilities.ScrollElement.<init>(ScrollElement.java:15)
at com.qa.utilities.ScrollElement.<init>(ScrollElement.java:15)
at com.qa.utilities.ScrollElement.<init>(ScrollElement.java:15)
at com.qa.utilities.ScrollElement.<init>(ScrollElement.java:15)
at com.qa.utilities.ScrollElement.<init>(ScrollElement.java:15)
at com.qa.utilities.ScrollElement.<init>(ScrollElement.java:15)
at com.qa.utilities.ScrollElement.<init>(ScrollElement.java:15)
at com.qa.utilities.ScrollElement.<init>(ScrollElement.java:15)
at com.qa.utilities.ScrollElement.<init>(ScrollElement.java:15)
at com.qa.utilities.ScrollElement.<init>(ScrollElement.java:15)
at com.qa.utilities.ScrollElement.<init>(ScrollElement.java:15)
at com.qa.utilities.ScrollElement.<init>(ScrollElement.java:15)
at com.qa.utilities.ScrollElement.<init>(ScrollElement.java:15)
at com.qa.utilities.ScrollElement.<init>(ScrollElement.java:15)
at com.qa.utilities.ScrollElement.<init>(ScrollElement.java:15)
at com.qa.utilities.ScrollElement.<init>(ScrollElement.java:15)
at com.qa.utilities.ScrollElement.<init>(ScrollElement.java:15)
at com.qa.utilities.ScrollElement.<init>(ScrollElement.java:15)
at com.qa.utilities.ScrollElement.<init>(ScrollElement.java:15)
at com.qa.utilities.ScrollElement.<init>(ScrollElement.java:15)
at com.qa.utilities.ScrollElement.<init>(ScrollElement.java:15)
at com.qa.utilities.ScrollElement.<init>(ScrollElement.java:15)
at com.qa.utilities.ScrollElement.<init>(ScrollElement.java:15)
at com.qa.utilities.ScrollElement.<init>(ScrollElement.java:15)
at com.qa.utilities.ScrollElement.<init>(ScrollElement.java:15)
at com.qa.utilities.ScrollElement.<init>(ScrollElement.java:15)
at com.qa.utilities.ScrollElement.<init>(ScrollElement.java:15)
at com.qa.utilities.ScrollElement.<init>(ScrollElement.java:15)
at com.qa.utilities.ScrollElement.<init>(ScrollElement.java:15)
at com.qa.utilities.ScrollElement.<init>(ScrollElement.java:15)
at com.qa.utilities.ScrollElement.<init>(ScrollElement.java:15)
at com.qa.utilities.ScrollElement.<init>(ScrollElement.java:15)
at com.qa.utilities.ScrollElement.<init>(ScrollElement.java:15)
at com.qa.utilities.ScrollElement.<init>(ScrollElement.java:15)
at com.qa.utilities.ScrollElement.<init>(ScrollElement.java:15)
at com.qa.utilities.ScrollElement.<init>(ScrollElement.java:15)
at com.qa.utilities.ScrollElement.<init>(ScrollElement.java:15)
]]>
    </failure>
  </testcase> <!-- scrollToElement -->
  <testcase name="seekBarMove" time="4.041" classname="com.qa.pages.TestApiPage"/>
  <testcase name="hortizonalSwipe" time="0.003" classname="com.qa.pages.TestApiPage">
    <failure type="java.lang.StackOverflowError">
      <![CDATA[java.lang.StackOverflowError
at com.qa.utilities.ScrollElement.<init>(ScrollElement.java:15)
at com.qa.utilities.ScrollElement.<init>(ScrollElement.java:15)
at com.qa.utilities.ScrollElement.<init>(ScrollElement.java:15)
at com.qa.utilities.ScrollElement.<init>(ScrollElement.java:15)
at com.qa.utilities.ScrollElement.<init>(ScrollElement.java:15)
at com.qa.utilities.ScrollElement.<init>(ScrollElement.java:15)
at com.qa.utilities.ScrollElement.<init>(ScrollElement.java:15)
at com.qa.utilities.ScrollElement.<init>(ScrollElement.java:15)
at com.qa.utilities.ScrollElement.<init>(ScrollElement.java:15)
at com.qa.utilities.ScrollElement.<init>(ScrollElement.java:15)
at com.qa.utilities.ScrollElement.<init>(ScrollElement.java:15)
at com.qa.utilities.ScrollElement.<init>(ScrollElement.java:15)
at com.qa.utilities.ScrollElement.<init>(ScrollElement.java:15)
at com.qa.utilities.ScrollElement.<init>(ScrollElement.java:15)
at com.qa.utilities.ScrollElement.<init>(ScrollElement.java:15)
at com.qa.utilities.ScrollElement.<init>(ScrollElement.java:15)
at com.qa.utilities.ScrollElement.<init>(ScrollElement.java:15)
at com.qa.utilities.ScrollElement.<init>(ScrollElement.java:15)
at com.qa.utilities.ScrollElement.<init>(ScrollElement.java:15)
at com.qa.utilities.ScrollElement.<init>(ScrollElement.java:15)
at com.qa.utilities.ScrollElement.<init>(ScrollElement.java:15)
at com.qa.utilities.ScrollElement.<init>(ScrollElement.java:15)
at com.qa.utilities.ScrollElement.<init>(ScrollElement.java:15)
at com.qa.utilities.ScrollElement.<init>(ScrollElement.java:15)
at com.qa.utilities.ScrollElement.<init>(ScrollElement.java:15)
at com.qa.utilities.ScrollElement.<init>(ScrollElement.java:15)
at com.qa.utilities.ScrollElement.<init>(ScrollElement.java:15)
at com.qa.utilities.ScrollElement.<init>(ScrollElement.java:15)
at com.qa.utilities.ScrollElement.<init>(ScrollElement.java:15)
at com.qa.utilities.ScrollElement.<init>(ScrollElement.java:15)
at com.qa.utilities.ScrollElement.<init>(ScrollElement.java:15)
at com.qa.utilities.ScrollElement.<init>(ScrollElement.java:15)
at com.qa.utilities.ScrollElement.<init>(ScrollElement.java:15)
at com.qa.utilities.ScrollElement.<init>(ScrollElement.java:15)
at com.qa.utilities.ScrollElement.<init>(ScrollElement.java:15)
at com.qa.utilities.ScrollElement.<init>(ScrollElement.java:15)
at com.qa.utilities.ScrollElement.<init>(ScrollElement.java:15)
at com.qa.utilities.ScrollElement.<init>(ScrollElement.java:15)
at com.qa.utilities.ScrollElement.<init>(ScrollElement.java:15)
at com.qa.utilities.ScrollElement.<init>(ScrollElement.java:15)
at com.qa.utilities.ScrollElement.<init>(ScrollElement.java:15)
at com.qa.utilities.ScrollElement.<init>(ScrollElement.java:15)
at com.qa.utilities.ScrollElement.<init>(ScrollElement.java:15)
at com.qa.utilities.ScrollElement.<init>(ScrollElement.java:15)
at com.qa.utilities.ScrollElement.<init>(ScrollElement.java:15)
at com.qa.utilities.ScrollElement.<init>(ScrollElement.java:15)
at com.qa.utilities.ScrollElement.<init>(ScrollElement.java:15)
at com.qa.utilities.ScrollElement.<init>(ScrollElement.java:15)
at com.qa.utilities.ScrollElement.<init>(ScrollElement.java:15)
at com.qa.utilities.ScrollElement.<init>(ScrollElement.java:15)
at com.qa.utilities.ScrollElement.<init>(ScrollElement.java:15)
at com.qa.utilities.ScrollElement.<init>(ScrollElement.java:15)
at com.qa.utilities.ScrollElement.<init>(ScrollElement.java:15)
at com.qa.utilities.ScrollElement.<init>(ScrollElement.java:15)
at com.qa.utilities.ScrollElement.<init>(ScrollElement.java:15)
at com.qa.utilities.ScrollElement.<init>(ScrollElement.java:15)
at com.qa.utilities.ScrollElement.<init>(ScrollElement.java:15)
at com.qa.utilities.ScrollElement.<init>(ScrollElement.java:15)
at com.qa.utilities.ScrollElement.<init>(ScrollElement.java:15)
at com.qa.utilities.ScrollElement.<init>(ScrollElement.java:15)
at com.qa.utilities.ScrollElement.<init>(ScrollElement.java:15)
at com.qa.utilities.ScrollElement.<init>(ScrollElement.java:15)
at com.qa.utilities.ScrollElement.<init>(ScrollElement.java:15)
at com.qa.utilities.ScrollElement.<init>(ScrollElement.java:15)
at com.qa.utilities.ScrollElement.<init>(ScrollElement.java:15)
at com.qa.utilities.ScrollElement.<init>(ScrollElement.java:15)
at com.qa.utilities.ScrollElement.<init>(ScrollElement.java:15)
at com.qa.utilities.ScrollElement.<init>(ScrollElement.java:15)
at com.qa.utilities.ScrollElement.<init>(ScrollElement.java:15)
at com.qa.utilities.ScrollElement.<init>(ScrollElement.java:15)
at com.qa.utilities.ScrollElement.<init>(ScrollElement.java:15)
at com.qa.utilities.ScrollElement.<init>(ScrollElement.java:15)
at com.qa.utilities.ScrollElement.<init>(ScrollElement.java:15)
at com.qa.utilities.ScrollElement.<init>(ScrollElement.java:15)
at com.qa.utilities.ScrollElement.<init>(ScrollElement.java:15)
at com.qa.utilities.ScrollElement.<init>(ScrollElement.java:15)
at com.qa.utilities.ScrollElement.<init>(ScrollElement.java:15)
at com.qa.utilities.ScrollElement.<init>(ScrollElement.java:15)
at com.qa.utilities.ScrollElement.<init>(ScrollElement.java:15)
at com.qa.utilities.ScrollElement.<init>(ScrollElement.java:15)
at com.qa.utilities.ScrollElement.<init>(ScrollElement.java:15)
at com.qa.utilities.ScrollElement.<init>(ScrollElement.java:15)
at com.qa.utilities.ScrollElement.<init>(ScrollElement.java:15)
at com.qa.utilities.ScrollElement.<init>(ScrollElement.java:15)
at com.qa.utilities.ScrollElement.<init>(ScrollElement.java:15)
at com.qa.utilities.ScrollElement.<init>(ScrollElement.java:15)
at com.qa.utilities.ScrollElement.<init>(ScrollElement.java:15)
at com.qa.utilities.ScrollElement.<init>(ScrollElement.java:15)
at com.qa.utilities.ScrollElement.<init>(ScrollElement.java:15)
at com.qa.utilities.ScrollElement.<init>(ScrollElement.java:15)
at com.qa.utilities.ScrollElement.<init>(ScrollElement.java:15)
at com.qa.utilities.ScrollElement.<init>(ScrollElement.java:15)
at com.qa.utilities.ScrollElement.<init>(ScrollElement.java:15)
at com.qa.utilities.ScrollElement.<init>(ScrollElement.java:15)
at com.qa.utilities.ScrollElement.<init>(ScrollElement.java:15)
at com.qa.utilities.ScrollElement.<init>(ScrollElement.java:15)
at com.qa.utilities.ScrollElement.<init>(ScrollElement.java:15)
at com.qa.utilities.ScrollElement.<init>(ScrollElement.java:15)
at com.qa.utilities.ScrollElement.<init>(ScrollElement.java:15)
at com.qa.utilities.ScrollElement.<init>(ScrollElement.java:15)
at com.qa.utilities.ScrollElement.<init>(ScrollElement.java:15)
at com.qa.utilities.ScrollElement.<init>(ScrollElement.java:15)
at com.qa.utilities.ScrollElement.<init>(ScrollElement.java:15)
at com.qa.utilities.ScrollElement.<init>(ScrollElement.java:15)
at com.qa.utilities.ScrollElement.<init>(ScrollElement.java:15)
at com.qa.utilities.ScrollElement.<init>(ScrollElement.java:15)
at com.qa.utilities.ScrollElement.<init>(ScrollElement.java:15)
at com.qa.utilities.ScrollElement.<init>(ScrollElement.java:15)
at com.qa.utilities.ScrollElement.<init>(ScrollElement.java:15)
at com.qa.utilities.ScrollElement.<init>(ScrollElement.java:15)
at com.qa.utilities.ScrollElement.<init>(ScrollElement.java:15)
at com.qa.utilities.ScrollElement.<init>(ScrollElement.java:15)
at com.qa.utilities.ScrollElement.<init>(ScrollElement.java:15)
at com.qa.utilities.ScrollElement.<init>(ScrollElement.java:15)
at com.qa.utilities.ScrollElement.<init>(ScrollElement.java:15)
at com.qa.utilities.ScrollElement.<init>(ScrollElement.java:15)
at com.qa.utilities.ScrollElement.<init>(ScrollElement.java:15)
at com.qa.utilities.ScrollElement.<init>(ScrollElement.java:15)
at com.qa.utilities.ScrollElement.<init>(ScrollElement.java:15)
at com.qa.utilities.ScrollElement.<init>(ScrollElement.java:15)
at com.qa.utilities.ScrollElement.<init>(ScrollElement.java:15)
at com.qa.utilities.ScrollElement.<init>(ScrollElement.java:15)
at com.qa.utilities.ScrollElement.<init>(ScrollElement.java:15)
at com.qa.utilities.ScrollElement.<init>(ScrollElement.java:15)
at com.qa.utilities.ScrollElement.<init>(ScrollElement.java:15)
at com.qa.utilities.ScrollElement.<init>(ScrollElement.java:15)
at com.qa.utilities.ScrollElement.<init>(ScrollElement.java:15)
at com.qa.utilities.ScrollElement.<init>(ScrollElement.java:15)
at com.qa.utilities.ScrollElement.<init>(ScrollElement.java:15)
at com.qa.utilities.ScrollElement.<init>(ScrollElement.java:15)
at com.qa.utilities.ScrollElement.<init>(ScrollElement.java:15)
at com.qa.utilities.ScrollElement.<init>(ScrollElement.java:15)
at com.qa.utilities.ScrollElement.<init>(ScrollElement.java:15)
at com.qa.utilities.ScrollElement.<init>(ScrollElement.java:15)
at com.qa.utilities.ScrollElement.<init>(ScrollElement.java:15)
at com.qa.utilities.ScrollElement.<init>(ScrollElement.java:15)
at com.qa.utilities.ScrollElement.<init>(ScrollElement.java:15)
at com.qa.utilities.ScrollElement.<init>(ScrollElement.java:15)
at com.qa.utilities.ScrollElement.<init>(ScrollElement.java:15)
at com.qa.utilities.ScrollElement.<init>(ScrollElement.java:15)
at com.qa.utilities.ScrollElement.<init>(ScrollElement.java:15)
at com.qa.utilities.ScrollElement.<init>(ScrollElement.java:15)
at com.qa.utilities.ScrollElement.<init>(ScrollElement.java:15)
at com.qa.utilities.ScrollElement.<init>(ScrollElement.java:15)
at com.qa.utilities.ScrollElement.<init>(ScrollElement.java:15)
at com.qa.utilities.ScrollElement.<init>(ScrollElement.java:15)
at com.qa.utilities.ScrollElement.<init>(ScrollElement.java:15)
at com.qa.utilities.ScrollElement.<init>(ScrollElement.java:15)
at com.qa.utilities.ScrollElement.<init>(ScrollElement.java:15)
at com.qa.utilities.ScrollElement.<init>(ScrollElement.java:15)
at com.qa.utilities.ScrollElement.<init>(ScrollElement.java:15)
at com.qa.utilities.ScrollElement.<init>(ScrollElement.java:15)
at com.qa.utilities.ScrollElement.<init>(ScrollElement.java:15)
at com.qa.utilities.ScrollElement.<init>(ScrollElement.java:15)
at com.qa.utilities.ScrollElement.<init>(ScrollElement.java:15)
at com.qa.utilities.ScrollElement.<init>(ScrollElement.java:15)
at com.qa.utilities.ScrollElement.<init>(ScrollElement.java:15)
at com.qa.utilities.ScrollElement.<init>(ScrollElement.java:15)
at com.qa.utilities.ScrollElement.<init>(ScrollElement.java:15)
at com.qa.utilities.ScrollElement.<init>(ScrollElement.java:15)
at com.qa.utilities.ScrollElement.<init>(ScrollElement.java:15)
at com.qa.utilities.ScrollElement.<init>(ScrollElement.java:15)
at com.qa.utilities.ScrollElement.<init>(ScrollElement.java:15)
at com.qa.utilities.ScrollElement.<init>(ScrollElement.java:15)
at com.qa.utilities.ScrollElement.<init>(ScrollElement.java:15)
at com.qa.utilities.ScrollElement.<init>(ScrollElement.java:15)
at com.qa.utilities.ScrollElement.<init>(ScrollElement.java:15)
at com.qa.utilities.ScrollElement.<init>(ScrollElement.java:15)
at com.qa.utilities.ScrollElement.<init>(ScrollElement.java:15)
at com.qa.utilities.ScrollElement.<init>(ScrollElement.java:15)
at com.qa.utilities.ScrollElement.<init>(ScrollElement.java:15)
at com.qa.utilities.ScrollElement.<init>(ScrollElement.java:15)
at com.qa.utilities.ScrollElement.<init>(ScrollElement.java:15)
at com.qa.utilities.ScrollElement.<init>(ScrollElement.java:15)
at com.qa.utilities.ScrollElement.<init>(ScrollElement.java:15)
at com.qa.utilities.ScrollElement.<init>(ScrollElement.java:15)
at com.qa.utilities.ScrollElement.<init>(ScrollElement.java:15)
at com.qa.utilities.ScrollElement.<init>(ScrollElement.java:15)
at com.qa.utilities.ScrollElement.<init>(ScrollElement.java:15)
at com.qa.utilities.ScrollElement.<init>(ScrollElement.java:15)
at com.qa.utilities.ScrollElement.<init>(ScrollElement.java:15)
at com.qa.utilities.ScrollElement.<init>(ScrollElement.java:15)
at com.qa.utilities.ScrollElement.<init>(ScrollElement.java:15)
at com.qa.utilities.ScrollElement.<init>(ScrollElement.java:15)
at com.qa.utilities.ScrollElement.<init>(ScrollElement.java:15)
at com.qa.utilities.ScrollElement.<init>(ScrollElement.java:15)
at com.qa.utilities.ScrollElement.<init>(ScrollElement.java:15)
at com.qa.utilities.ScrollElement.<init>(ScrollElement.java:15)
at com.qa.utilities.ScrollElement.<init>(ScrollElement.java:15)
at com.qa.utilities.ScrollElement.<init>(ScrollElement.java:15)
at com.qa.utilities.ScrollElement.<init>(ScrollElement.java:15)
at com.qa.utilities.ScrollElement.<init>(ScrollElement.java:15)
at com.qa.utilities.ScrollElement.<init>(ScrollElement.java:15)
at com.qa.utilities.ScrollElement.<init>(ScrollElement.java:15)
at com.qa.utilities.ScrollElement.<init>(ScrollElement.java:15)
at com.qa.utilities.ScrollElement.<init>(ScrollElement.java:15)
at com.qa.utilities.ScrollElement.<init>(ScrollElement.java:15)
at com.qa.utilities.ScrollElement.<init>(ScrollElement.java:15)
at com.qa.utilities.ScrollElement.<init>(ScrollElement.java:15)
at com.qa.utilities.ScrollElement.<init>(ScrollElement.java:15)
at com.qa.utilities.ScrollElement.<init>(ScrollElement.java:15)
at com.qa.utilities.ScrollElement.<init>(ScrollElement.java:15)
at com.qa.utilities.ScrollElement.<init>(ScrollElement.java:15)
at com.qa.utilities.ScrollElement.<init>(ScrollElement.java:15)
at com.qa.utilities.ScrollElement.<init>(ScrollElement.java:15)
at com.qa.utilities.ScrollElement.<init>(ScrollElement.java:15)
at com.qa.utilities.ScrollElement.<init>(ScrollElement.java:15)
at com.qa.utilities.ScrollElement.<init>(ScrollElement.java:15)
at com.qa.utilities.ScrollElement.<init>(ScrollElement.java:15)
at com.qa.utilities.ScrollElement.<init>(ScrollElement.java:15)
at com.qa.utilities.ScrollElement.<init>(ScrollElement.java:15)
at com.qa.utilities.ScrollElement.<init>(ScrollElement.java:15)
[...]
at com.qa.utilities.ScrollElement.<init>(ScrollElement.java:15)
at com.qa.utilities.ScrollElement.<init>(ScrollElement.java:15)
at com.qa.utilities.ScrollElement.<init>(ScrollElement.java:15)
at com.qa.utilities.ScrollElement.<init>(ScrollElement.java:15)
at com.qa.utilities.ScrollElement.<init>(ScrollElement.java:15)
at com.qa.utilities.ScrollElement.<init>(ScrollElement.java:15)
at com.qa.utilities.ScrollElement.<init>(ScrollElement.java:15)
at com.qa.utilities.ScrollElement.<init>(ScrollElement.java:15)
at com.qa.utilities.ScrollElement.<init>(ScrollElement.java:15)
at com.qa.utilities.ScrollElement.<init>(ScrollElement.java:15)
at com.qa.utilities.ScrollElement.<init>(ScrollElement.java:15)
at com.qa.utilities.ScrollElement.<init>(ScrollElement.java:15)
at com.qa.utilities.ScrollElement.<init>(ScrollElement.java:15)
at com.qa.utilities.ScrollElement.<init>(ScrollElement.java:15)
at com.qa.utilities.ScrollElement.<init>(ScrollElement.java:15)
at com.qa.utilities.ScrollElement.<init>(ScrollElement.java:15)
at com.qa.utilities.ScrollElement.<init>(ScrollElement.java:15)
at com.qa.utilities.ScrollElement.<init>(ScrollElement.java:15)
at com.qa.utilities.ScrollElement.<init>(ScrollElement.java:15)
at com.qa.utilities.ScrollElement.<init>(ScrollElement.java:15)
at com.qa.utilities.ScrollElement.<init>(ScrollElement.java:15)
at com.qa.utilities.ScrollElement.<init>(ScrollElement.java:15)
at com.qa.utilities.ScrollElement.<init>(ScrollElement.java:15)
at com.qa.utilities.ScrollElement.<init>(ScrollElement.java:15)
at com.qa.utilities.ScrollElement.<init>(ScrollElement.java:15)
at com.qa.utilities.ScrollElement.<init>(ScrollElement.java:15)
at com.qa.utilities.ScrollElement.<init>(ScrollElement.java:15)
at com.qa.utilities.ScrollElement.<init>(ScrollElement.java:15)
at com.qa.utilities.ScrollElement.<init>(ScrollElement.java:15)
at com.qa.utilities.ScrollElement.<init>(ScrollElement.java:15)
at com.qa.utilities.ScrollElement.<init>(ScrollElement.java:15)
at com.qa.utilities.ScrollElement.<init>(ScrollElement.java:15)
at com.qa.utilities.ScrollElement.<init>(ScrollElement.java:15)
at com.qa.utilities.ScrollElement.<init>(ScrollElement.java:15)
at com.qa.utilities.ScrollElement.<init>(ScrollElement.java:15)
at com.qa.utilities.ScrollElement.<init>(ScrollElement.java:15)
at com.qa.utilities.ScrollElement.<init>(ScrollElement.java:15)
at com.qa.utilities.ScrollElement.<init>(ScrollElement.java:15)
at com.qa.utilities.ScrollElement.<init>(ScrollElement.java:15)
at com.qa.utilities.ScrollElement.<init>(ScrollElement.java:15)
at com.qa.utilities.ScrollElement.<init>(ScrollElement.java:15)
at com.qa.utilities.ScrollElement.<init>(ScrollElement.java:15)
at com.qa.utilities.ScrollElement.<init>(ScrollElement.java:15)
at com.qa.utilities.ScrollElement.<init>(ScrollElement.java:15)
at com.qa.utilities.ScrollElement.<init>(ScrollElement.java:15)
at com.qa.utilities.ScrollElement.<init>(ScrollElement.java:15)
at com.qa.utilities.ScrollElement.<init>(ScrollElement.java:15)
at com.qa.utilities.ScrollElement.<init>(ScrollElement.java:15)
at com.qa.utilities.ScrollElement.<init>(ScrollElement.java:15)
at com.qa.utilities.ScrollElement.<init>(ScrollElement.java:15)
at com.qa.utilities.ScrollElement.<init>(ScrollElement.java:15)
at com.qa.utilities.ScrollElement.<init>(ScrollElement.java:15)
at com.qa.utilities.ScrollElement.<init>(ScrollElement.java:15)
at com.qa.utilities.ScrollElement.<init>(ScrollElement.java:15)
at com.qa.utilities.ScrollElement.<init>(ScrollElement.java:15)
at com.qa.utilities.ScrollElement.<init>(ScrollElement.java:15)
at com.qa.utilities.ScrollElement.<init>(ScrollElement.java:15)
at com.qa.utilities.ScrollElement.<init>(ScrollElement.java:15)
at com.qa.utilities.ScrollElement.<init>(ScrollElement.java:15)
at com.qa.utilities.ScrollElement.<init>(ScrollElement.java:15)
at com.qa.utilities.ScrollElement.<init>(ScrollElement.java:15)
at com.qa.utilities.ScrollElement.<init>(ScrollElement.java:15)
at com.qa.utilities.ScrollElement.<init>(ScrollElement.java:15)
at com.qa.utilities.ScrollElement.<init>(ScrollElement.java:15)
at com.qa.utilities.ScrollElement.<init>(ScrollElement.java:15)
at com.qa.utilities.ScrollElement.<init>(ScrollElement.java:15)
at com.qa.utilities.ScrollElement.<init>(ScrollElement.java:15)
at com.qa.utilities.ScrollElement.<init>(ScrollElement.java:15)
at com.qa.utilities.ScrollElement.<init>(ScrollElement.java:15)
at com.qa.utilities.ScrollElement.<init>(ScrollElement.java:15)
at com.qa.utilities.ScrollElement.<init>(ScrollElement.java:15)
at com.qa.utilities.ScrollElement.<init>(ScrollElement.java:15)
at com.qa.utilities.ScrollElement.<init>(ScrollElement.java:15)
at com.qa.utilities.ScrollElement.<init>(ScrollElement.java:15)
at com.qa.utilities.ScrollElement.<init>(ScrollElement.java:15)
at com.qa.utilities.ScrollElement.<init>(ScrollElement.java:15)
at com.qa.utilities.ScrollElement.<init>(ScrollElement.java:15)
at com.qa.utilities.ScrollElement.<init>(ScrollElement.java:15)
at com.qa.utilities.ScrollElement.<init>(ScrollElement.java:15)
at com.qa.utilities.ScrollElement.<init>(ScrollElement.java:15)
at com.qa.utilities.ScrollElement.<init>(ScrollElement.java:15)
at com.qa.utilities.ScrollElement.<init>(ScrollElement.java:15)
at com.qa.utilities.ScrollElement.<init>(ScrollElement.java:15)
at com.qa.utilities.ScrollElement.<init>(ScrollElement.java:15)
at com.qa.utilities.ScrollElement.<init>(ScrollElement.java:15)
at com.qa.utilities.ScrollElement.<init>(ScrollElement.java:15)
at com.qa.utilities.ScrollElement.<init>(ScrollElement.java:15)
at com.qa.utilities.ScrollElement.<init>(ScrollElement.java:15)
at com.qa.utilities.ScrollElement.<init>(ScrollElement.java:15)
at com.qa.utilities.ScrollElement.<init>(ScrollElement.java:15)
at com.qa.utilities.ScrollElement.<init>(ScrollElement.java:15)
at com.qa.utilities.ScrollElement.<init>(ScrollElement.java:15)
at com.qa.utilities.ScrollElement.<init>(ScrollElement.java:15)
at com.qa.utilities.ScrollElement.<init>(ScrollElement.java:15)
at com.qa.utilities.ScrollElement.<init>(ScrollElement.java:15)
at com.qa.utilities.ScrollElement.<init>(ScrollElement.java:15)
at com.qa.utilities.ScrollElement.<init>(ScrollElement.java:15)
at com.qa.utilities.ScrollElement.<init>(ScrollElement.java:15)
at com.qa.utilities.ScrollElement.<init>(ScrollElement.java:15)
at com.qa.utilities.ScrollElement.<init>(ScrollElement.java:15)
at com.qa.utilities.ScrollElement.<init>(ScrollElement.java:15)
at com.qa.utilities.ScrollElement.<init>(ScrollElement.java:15)
at com.qa.utilities.ScrollElement.<init>(ScrollElement.java:15)
at com.qa.utilities.ScrollElement.<init>(ScrollElement.java:15)
at com.qa.utilities.ScrollElement.<init>(ScrollElement.java:15)
at com.qa.utilities.ScrollElement.<init>(ScrollElement.java:15)
at com.qa.utilities.ScrollElement.<init>(ScrollElement.java:15)
at com.qa.utilities.ScrollElement.<init>(ScrollElement.java:15)
at com.qa.utilities.ScrollElement.<init>(ScrollElement.java:15)
at com.qa.utilities.ScrollElement.<init>(ScrollElement.java:15)
at com.qa.utilities.ScrollElement.<init>(ScrollElement.java:15)
at com.qa.utilities.ScrollElement.<init>(ScrollElement.java:15)
at com.qa.utilities.ScrollElement.<init>(ScrollElement.java:15)
at com.qa.utilities.ScrollElement.<init>(ScrollElement.java:15)
at com.qa.utilities.ScrollElement.<init>(ScrollElement.java:15)
at com.qa.utilities.ScrollElement.<init>(ScrollElement.java:15)
at com.qa.utilities.ScrollElement.<init>(ScrollElement.java:15)
at com.qa.utilities.ScrollElement.<init>(ScrollElement.java:15)
at com.qa.utilities.ScrollElement.<init>(ScrollElement.java:15)
at com.qa.utilities.ScrollElement.<init>(ScrollElement.java:15)
at com.qa.utilities.ScrollElement.<init>(ScrollElement.java:15)
at com.qa.utilities.ScrollElement.<init>(ScrollElement.java:15)
at com.qa.utilities.ScrollElement.<init>(ScrollElement.java:15)
at com.qa.utilities.ScrollElement.<init>(ScrollElement.java:15)
at com.qa.utilities.ScrollElement.<init>(ScrollElement.java:15)
at com.qa.utilities.ScrollElement.<init>(ScrollElement.java:15)
at com.qa.utilities.ScrollElement.<init>(ScrollElement.java:15)
at com.qa.utilities.ScrollElement.<init>(ScrollElement.java:15)
at com.qa.utilities.ScrollElement.<init>(ScrollElement.java:15)
at com.qa.utilities.ScrollElement.<init>(ScrollElement.java:15)
at com.qa.utilities.ScrollElement.<init>(ScrollElement.java:15)
at com.qa.utilities.ScrollElement.<init>(ScrollElement.java:15)
at com.qa.utilities.ScrollElement.<init>(ScrollElement.java:15)
at com.qa.utilities.ScrollElement.<init>(ScrollElement.java:15)
at com.qa.utilities.ScrollElement.<init>(ScrollElement.java:15)
at com.qa.utilities.ScrollElement.<init>(ScrollElement.java:15)
at com.qa.utilities.ScrollElement.<init>(ScrollElement.java:15)
at com.qa.utilities.ScrollElement.<init>(ScrollElement.java:15)
at com.qa.utilities.ScrollElement.<init>(ScrollElement.java:15)
at com.qa.utilities.ScrollElement.<init>(ScrollElement.java:15)
at com.qa.utilities.ScrollElement.<init>(ScrollElement.java:15)
at com.qa.utilities.ScrollElement.<init>(ScrollElement.java:15)
at com.qa.utilities.ScrollElement.<init>(ScrollElement.java:15)
at com.qa.utilities.ScrollElement.<init>(ScrollElement.java:15)
at com.qa.utilities.ScrollElement.<init>(ScrollElement.java:15)
at com.qa.utilities.ScrollElement.<init>(ScrollElement.java:15)
at com.qa.utilities.ScrollElement.<init>(ScrollElement.java:15)
at com.qa.utilities.ScrollElement.<init>(ScrollElement.java:15)
at com.qa.utilities.ScrollElement.<init>(ScrollElement.java:15)
at com.qa.utilities.ScrollElement.<init>(ScrollElement.java:15)
at com.qa.utilities.ScrollElement.<init>(ScrollElement.java:15)
at com.qa.utilities.ScrollElement.<init>(ScrollElement.java:15)
at com.qa.utilities.ScrollElement.<init>(ScrollElement.java:15)
at com.qa.utilities.ScrollElement.<init>(ScrollElement.java:15)
at com.qa.utilities.ScrollElement.<init>(ScrollElement.java:15)
at com.qa.utilities.ScrollElement.<init>(ScrollElement.java:15)
at com.qa.utilities.ScrollElement.<init>(ScrollElement.java:15)
at com.qa.utilities.ScrollElement.<init>(ScrollElement.java:15)
at com.qa.utilities.ScrollElement.<init>(ScrollElement.java:15)
at com.qa.utilities.ScrollElement.<init>(ScrollElement.java:15)
at com.qa.utilities.ScrollElement.<init>(ScrollElement.java:15)
at com.qa.utilities.ScrollElement.<init>(ScrollElement.java:15)
at com.qa.utilities.ScrollElement.<init>(ScrollElement.java:15)
at com.qa.utilities.ScrollElement.<init>(ScrollElement.java:15)
at com.qa.utilities.ScrollElement.<init>(ScrollElement.java:15)
at com.qa.utilities.ScrollElement.<init>(ScrollElement.java:15)
at com.qa.utilities.ScrollElement.<init>(ScrollElement.java:15)
at com.qa.utilities.ScrollElement.<init>(ScrollElement.java:15)
at com.qa.utilities.ScrollElement.<init>(ScrollElement.java:15)
at com.qa.utilities.ScrollElement.<init>(ScrollElement.java:15)
at com.qa.utilities.ScrollElement.<init>(ScrollElement.java:15)
at com.qa.utilities.ScrollElement.<init>(ScrollElement.java:15)
at com.qa.utilities.ScrollElement.<init>(ScrollElement.java:15)
at com.qa.utilities.ScrollElement.<init>(ScrollElement.java:15)
at com.qa.utilities.ScrollElement.<init>(ScrollElement.java:15)
at com.qa.utilities.ScrollElement.<init>(ScrollElement.java:15)
at com.qa.utilities.ScrollElement.<init>(ScrollElement.java:15)
at com.qa.utilities.ScrollElement.<init>(ScrollElement.java:15)
at com.qa.utilities.ScrollElement.<init>(ScrollElement.java:15)
at com.qa.utilities.ScrollElement.<init>(ScrollElement.java:15)
at com.qa.utilities.ScrollElement.<init>(ScrollElement.java:15)
at com.qa.utilities.ScrollElement.<init>(ScrollElement.java:15)
at com.qa.utilities.ScrollElement.<init>(ScrollElement.java:15)
at com.qa.utilities.ScrollElement.<init>(ScrollElement.java:15)
at com.qa.utilities.ScrollElement.<init>(ScrollElement.java:15)
at com.qa.utilities.ScrollElement.<init>(ScrollElement.java:15)
at com.qa.utilities.ScrollElement.<init>(ScrollElement.java:15)
at com.qa.utilities.ScrollElement.<init>(ScrollElement.java:15)
at com.qa.utilities.ScrollElement.<init>(ScrollElement.java:15)
at com.qa.utilities.ScrollElement.<init>(ScrollElement.java:15)
at com.qa.utilities.ScrollElement.<init>(ScrollElement.java:15)
at com.qa.utilities.ScrollElement.<init>(ScrollElement.java:15)
at com.qa.utilities.ScrollElement.<init>(ScrollElement.java:15)
at com.qa.utilities.ScrollElement.<init>(ScrollElement.java:15)
at com.qa.utilities.ScrollElement.<init>(ScrollElement.java:15)
at com.qa.utilities.ScrollElement.<init>(ScrollElement.java:15)
at com.qa.utilities.ScrollElement.<init>(ScrollElement.java:15)
at com.qa.utilities.ScrollElement.<init>(ScrollElement.java:15)
at com.qa.utilities.ScrollElement.<init>(ScrollElement.java:15)
at com.qa.utilities.ScrollElement.<init>(ScrollElement.java:15)
at com.qa.utilities.ScrollElement.<init>(ScrollElement.java:15)
at com.qa.utilities.ScrollElement.<init>(ScrollElement.java:15)
at com.qa.utilities.ScrollElement.<init>(ScrollElement.java:15)
at com.qa.utilities.ScrollElement.<init>(ScrollElement.java:15)
at com.qa.utilities.ScrollElement.<init>(ScrollElement.java:15)
at com.qa.utilities.ScrollElement.<init>(ScrollElement.java:15)
at com.qa.utilities.ScrollElement.<init>(ScrollElement.java:15)
at com.qa.utilities.ScrollElement.<init>(ScrollElement.java:15)
at com.qa.utilities.ScrollElement.<init>(ScrollElement.java:15)
at com.qa.utilities.ScrollElement.<init>(ScrollElement.java:15)
at com.qa.utilities.ScrollElement.<init>(ScrollElement.java:15)
at com.qa.utilities.ScrollElement.<init>(ScrollElement.java:15)
at com.qa.utilities.ScrollElement.<init>(ScrollElement.java:15)
at com.qa.utilities.ScrollElement.<init>(ScrollElement.java:15)
at com.qa.utilities.ScrollElement.<init>(ScrollElement.java:15)
at com.qa.utilities.ScrollElement.<init>(ScrollElement.java:15)
at com.qa.utilities.ScrollElement.<init>(ScrollElement.java:15)
at com.qa.utilities.ScrollElement.<init>(ScrollElement.java:15)
at com.qa.utilities.ScrollElement.<init>(ScrollElement.java:15)
at com.qa.utilities.ScrollElement.<init>(ScrollElement.java:15)
at com.qa.utilities.ScrollElement.<init>(ScrollElement.java:15)
at com.qa.utilities.ScrollElement.<init>(ScrollElement.java:15)
at com.qa.utilities.ScrollElement.<init>(ScrollElement.java:15)
at com.qa.utilities.ScrollElement.<init>(ScrollElement.java:15)
at com.qa.utilities.ScrollElement.<init>(ScrollElement.java:15)
at com.qa.utilities.ScrollElement.<init>(ScrollElement.java:15)
at com.qa.utilities.ScrollElement.<init>(ScrollElement.java:15)
at com.qa.utilities.ScrollElement.<init>(ScrollElement.java:15)
at com.qa.utilities.ScrollElement.<init>(ScrollElement.java:15)
at com.qa.utilities.ScrollElement.<init>(ScrollElement.java:15)
at com.qa.utilities.ScrollElement.<init>(ScrollElement.java:15)
at com.qa.utilities.ScrollElement.<init>(ScrollElement.java:15)
at com.qa.utilities.ScrollElement.<init>(ScrollElement.java:15)
at com.qa.utilities.ScrollElement.<init>(ScrollElement.java:15)
at com.qa.utilities.ScrollElement.<init>(ScrollElement.java:15)
at com.qa.utilities.ScrollElement.<init>(ScrollElement.java:15)
at com.qa.utilities.ScrollElement.<init>(ScrollElement.java:15)
]]>
    </failure>
  </testcase> <!-- hortizonalSwipe -->
  <testcase name="multiTouch" time="0.129" classname="com.qa.pages.TestApiPage">
    <failure type="org.openqa.selenium.NoSuchElementException" message="An element could not be located on the page using the given search parameters. (WARNING: The server did not provide any stacktrace information)
Command duration or timeout: 70 milliseconds
For documentation on this error, please visit: http://seleniumhq.org/exceptions/no_such_element.html
Build info: version: &amp;apos;2.53.0&amp;apos;, revision: &amp;apos;35ae25b1534ae328c771e0856c93e187490ca824&amp;apos;, time: &amp;apos;2016-03-15 10:43:46&amp;apos;
System info: host: &amp;apos;DESKTOP-VPGNVVF&amp;apos;, ip: &amp;apos;192.168.0.6&amp;apos;, os.name: &amp;apos;Windows 10&amp;apos;, os.arch: &amp;apos;amd64&amp;apos;, os.version: &amp;apos;10.0&amp;apos;, java.version: &amp;apos;1.8.0_161&amp;apos;
Driver info: io.appium.java_client.android.AndroidDriver
Capabilities [{appPackage=io.appium.android.apis, deviceScreenSize=768x1280, networkConnectionEnabled=true, noReset=true, warnings={}, databaseEnabled=false, deviceName=emulator-5554, platform=LINUX, deviceUDID=emulator-5554, appActivity=io.appium.android.apis.ApiDemos, desired={appPackage=io.appium.android.apis, appActivity=io.appium.android.apis.ApiDemos, noReset=true, platformVersion=P, skipUnlock=true, udid=emulator-5554, platformName=Android, deviceName=Nexus 5X API P}, platformVersion=7.0, webStorageEnabled=false, locationContextEnabled=false, takesScreenshot=true, skipUnlock=true, javascriptEnabled=true, deviceModel=Android SDK built for x86, udid=emulator-5554, platformName=Android, deviceManufacturer=Google}]
Session ID: 75590478-21fd-4c18-aa5d-8462597af7d5
*** Element info: {Using=xpath, value=//android.widget.TextView[@content-desc=&amp;quot;Splitting Touches across Views&amp;quot;]}">
      <![CDATA[org.openqa.selenium.NoSuchElementException: An element could not be located on the page using the given search parameters. (WARNING: The server did not provide any stacktrace information)
Command duration or timeout: 70 milliseconds
For documentation on this error, please visit: http://seleniumhq.org/exceptions/no_such_element.html
Build info: version: '2.53.0', revision: '35ae25b1534ae328c771e0856c93e187490ca824', time: '2016-03-15 10:43:46'
System info: host: 'DESKTOP-VPGNVVF', ip: '192.168.0.6', os.name: 'Windows 10', os.arch: 'amd64', os.version: '10.0', java.version: '1.8.0_161'
Driver info: io.appium.java_client.android.AndroidDriver
Capabilities [{appPackage=io.appium.android.apis, deviceScreenSize=768x1280, networkConnectionEnabled=true, noReset=true, warnings={}, databaseEnabled=false, deviceName=emulator-5554, platform=LINUX, deviceUDID=emulator-5554, appActivity=io.appium.android.apis.ApiDemos, desired={appPackage=io.appium.android.apis, appActivity=io.appium.android.apis.ApiDemos, noReset=true, platformVersion=P, skipUnlock=true, udid=emulator-5554, platformName=Android, deviceName=Nexus 5X API P}, platformVersion=7.0, webStorageEnabled=false, locationContextEnabled=false, takesScreenshot=true, skipUnlock=true, javascriptEnabled=true, deviceModel=Android SDK built for x86, udid=emulator-5554, platformName=Android, deviceManufacturer=Google}]
Session ID: 75590478-21fd-4c18-aa5d-8462597af7d5
*** Element info: {Using=xpath, value=//android.widget.TextView[@content-desc="Splitting Touches across Views"]}
at org.openqa.selenium.remote.ErrorHandler.createThrowable(ErrorHandler.java:206)
at org.openqa.selenium.remote.ErrorHandler.throwIfResponseFailed(ErrorHandler.java:158)
at org.openqa.selenium.remote.RemoteWebDriver.execute(RemoteWebDriver.java:678)
at io.appium.java_client.DefaultGenericMobileDriver.execute(DefaultGenericMobileDriver.java:42)
at io.appium.java_client.AppiumDriver.execute(AppiumDriver.java:1)
at io.appium.java_client.android.AndroidDriver.execute(AndroidDriver.java:1)
at org.openqa.selenium.remote.RemoteWebDriver.findElement(RemoteWebDriver.java:363)
at io.appium.java_client.DefaultGenericMobileDriver.findElement(DefaultGenericMobileDriver.java:62)
at io.appium.java_client.AppiumDriver.findElement(AppiumDriver.java:1)
at io.appium.java_client.android.AndroidDriver.findElement(AndroidDriver.java:1)
at org.openqa.selenium.remote.RemoteWebDriver.findElementByXPath(RemoteWebDriver.java:500)
at io.appium.java_client.DefaultGenericMobileDriver.findElementByXPath(DefaultGenericMobileDriver.java:140)
at io.appium.java_client.AppiumDriver.findElementByXPath(AppiumDriver.java:1)
at io.appium.java_client.android.AndroidDriver.findElementByXPath(AndroidDriver.java:1)
at com.qa.pages.TestApiPage.multiTouch(TestApiPage.java:157)
... Removed 29 stack frames]]>
    </failure>
  </testcase> <!-- multiTouch -->
</testsuite> <!-- testngTest -->
