<?xml version="1.0" encoding="UTF-8"?>
<!-- Generated by org.testng.reporters.JUnitReportReporter -->
<testsuite skipped="0" hostname="DESKTOP-VPGNVVF" name="com.qa.pages.TestApiPage" tests="5" failures="0" timestamp="25 May 2018 15:59:00 GMT" time="5.744" errors="3">
  <testcase name="tapOnMethod" time="1.566" classname="com.qa.pages.TestApiPage"/>
  <testcase name="scrollToElement" time="0.005" classname="com.qa.pages.TestApiPage">
    <error type="java.lang.StackOverflowError">
      <![CDATA[java.lang.StackOverflowError
at com.qa.utilities.ScrollElement.<init>(ScrollElement.java:15)
at com.qa.utilities.ScrollElement.<init>(ScrollElement.java:15)
at com.qa.utilities.ScrollElement.<init>(ScrollElement.java:15)
at com.qa.utilities.ScrollElement.<init>(ScrollElement.java:15)
at com.qa.utilities.ScrollElement.<init>(ScrollElement.java:15)
at com.qa.utilities.ScrollElement.<init>(ScrollElement.java:15)
at com.qa.utilities.ScrollElement.<init>(ScrollElement.java:15)
at com.qa.utilities.ScrollElement.<init>(ScrollElement.java:15)
at com.qa.utilities.ScrollElement.<init>(ScrollElement.java:15)
at com.qa.utilities.ScrollElement.<init>(ScrollElement.java:15)
at com.qa.utilities.ScrollElement.<init>(ScrollElement.java:15)
at com.qa.utilities.ScrollElement.<init>(ScrollElement.java:15)
at com.qa.utilities.ScrollElement.<init>(ScrollElement.java:15)
at com.qa.utilities.ScrollElement.<init>(ScrollElement.java:15)
at com.qa.utilities.ScrollElement.<init>(ScrollElement.java:15)
at com.qa.utilities.ScrollElement.<init>(ScrollElement.java:15)
at com.qa.utilities.ScrollElement.<init>(ScrollElement.java:15)
at com.qa.utilities.ScrollElement.<init>(ScrollElement.java:15)
at com.qa.utilities.ScrollElement.<init>(ScrollElement.java:15)
at com.qa.utilities.ScrollElement.<init>(ScrollElement.java:15)
at com.qa.utilities.ScrollElement.<init>(ScrollElement.java:15)
at com.qa.utilities.ScrollElement.<init>(ScrollElement.java:15)
at com.qa.utilities.ScrollElement.<init>(ScrollElement.java:15)
at com.qa.utilities.ScrollElement.<init>(ScrollElement.java:15)
at com.qa.utilities.ScrollElement.<init>(ScrollElement.java:15)
at com.qa.utilities.ScrollElement.<init>(ScrollElement.java:15)
at com.qa.utilities.ScrollElement.<init>(ScrollElement.java:15)
at com.qa.utilities.ScrollElement.<init>(ScrollElement.java:15)
at com.qa.utilities.ScrollElement.<init>(ScrollElement.java:15)
at com.qa.utilities.ScrollElement.<init>(ScrollElement.java:15)
at com.qa.utilities.ScrollElement.<init>(ScrollElement.java:15)
at com.qa.utilities.ScrollElement.<init>(ScrollElement.java:15)
at com.qa.utilities.ScrollElement.<init>(ScrollElement.java:15)
at com.qa.utilities.ScrollElement.<init>(ScrollElement.java:15)
at com.qa.utilities.ScrollElement.<init>(ScrollElement.java:15)
at com.qa.utilities.ScrollElement.<init>(ScrollElement.java:15)
at com.qa.utilities.ScrollElement.<init>(ScrollElement.java:15)
at com.qa.utilities.ScrollElement.<init>(ScrollElement.java:15)
at com.qa.utilities.ScrollElement.<init>(ScrollElement.java:15)
at com.qa.utilities.ScrollElement.<init>(ScrollElement.java:15)
at com.qa.utilities.ScrollElement.<init>(ScrollElement.java:15)
at com.qa.utilities.ScrollElement.<init>(ScrollElement.java:15)
at com.qa.utilities.ScrollElement.<init>(ScrollElement.java:15)
at com.qa.utilities.ScrollElement.<init>(ScrollElement.java:15)
at com.qa.utilities.ScrollElement.<init>(ScrollElement.java:15)
at com.qa.utilities.ScrollElement.<init>(ScrollElement.java:15)
at com.qa.utilities.ScrollElement.<init>(ScrollElement.java:15)
at com.qa.utilities.ScrollElement.<init>(ScrollElement.java:15)
at com.qa.utilities.ScrollElement.<init>(ScrollElement.java:15)
at com.qa.utilities.ScrollElement.<init>(ScrollElement.java:15)
at com.qa.utilities.ScrollElement.<init>(ScrollElement.java:15)
at com.qa.utilities.ScrollElement.<init>(ScrollElement.java:15)
at com.qa.utilities.ScrollElement.<init>(ScrollElement.java:15)
at com.qa.utilities.ScrollElement.<init>(ScrollElement.java:15)
at com.qa.utilities.ScrollElement.<init>(ScrollElement.java:15)
at com.qa.utilities.ScrollElement.<init>(ScrollElement.java:15)
at com.qa.utilities.ScrollElement.<init>(ScrollElement.java:15)
at com.qa.utilities.ScrollElement.<init>(ScrollElement.java:15)
at com.qa.utilities.ScrollElement.<init>(ScrollElement.java:15)
at com.qa.utilities.ScrollElement.<init>(ScrollElement.java:15)
at com.qa.utilities.ScrollElement.<init>(ScrollElement.java:15)
at com.qa.utilities.ScrollElement.<init>(ScrollElement.java:15)
at com.qa.utilities.ScrollElement.<init>(ScrollElement.java:15)
at com.qa.utilities.ScrollElement.<init>(ScrollElement.java:15)
at com.qa.utilities.ScrollElement.<init>(ScrollElement.java:15)
at com.qa.utilities.ScrollElement.<init>(ScrollElement.java:15)
at com.qa.utilities.ScrollElement.<init>(ScrollElement.java:15)
at com.qa.utilities.ScrollElement.<init>(ScrollElement.java:15)
at com.qa.utilities.ScrollElement.<init>(ScrollElement.java:15)
at com.qa.utilities.ScrollElement.<init>(ScrollElement.java:15)
at com.qa.utilities.ScrollElement.<init>(ScrollElement.java:15)
at com.qa.utilities.ScrollElement.<init>(ScrollElement.java:15)
at com.qa.utilities.ScrollElement.<init>(ScrollElement.java:15)
at com.qa.utilities.ScrollElement.<init>(ScrollElement.java:15)
at com.qa.utilities.ScrollElement.<init>(ScrollElement.java:15)
at com.qa.utilities.ScrollElement.<init>(ScrollElement.java:15)
at com.qa.utilities.ScrollElement.<init>(ScrollElement.java:15)
at com.qa.utilities.ScrollElement.<init>(ScrollElement.java:15)
at com.qa.utilities.ScrollElement.<init>(ScrollElement.java:15)
at com.qa.utilities.ScrollElement.<init>(ScrollElement.java:15)
at com.qa.utilities.ScrollElement.<init>(ScrollElement.java:15)
at com.qa.utilities.ScrollElement.<init>(ScrollElement.java:15)
at com.qa.utilities.ScrollElement.<init>(ScrollElement.java:15)
at com.qa.utilities.ScrollElement.<init>(ScrollElement.java:15)
at com.qa.utilities.ScrollElement.<init>(ScrollElement.java:15)
at com.qa.utilities.ScrollElement.<init>(ScrollElement.java:15)
at com.qa.utilities.ScrollElement.<init>(ScrollElement.java:15)
at com.qa.utilities.ScrollElement.<init>(ScrollElement.java:15)
at com.qa.utilities.ScrollElement.<init>(ScrollElement.java:15)
at com.qa.utilities.ScrollElement.<init>(ScrollElement.java:15)
at com.qa.utilities.ScrollElement.<init>(ScrollElement.java:15)
at com.qa.utilities.ScrollElement.<init>(ScrollElement.java:15)
at com.qa.utilities.ScrollElement.<init>(ScrollElement.java:15)
at com.qa.utilities.ScrollElement.<init>(ScrollElement.java:15)
at com.qa.utilities.ScrollElement.<init>(ScrollElement.java:15)
at com.qa.utilities.ScrollElement.<init>(ScrollElement.java:15)
at com.qa.utilities.ScrollElement.<init>(ScrollElement.java:15)
at com.qa.utilities.ScrollElement.<init>(ScrollElement.java:15)
at com.qa.utilities.ScrollElement.<init>(ScrollElement.java:15)
at com.qa.utilities.ScrollElement.<init>(ScrollElement.java:15)
at com.qa.utilities.ScrollElement.<init>(ScrollElement.java:15)
at com.qa.utilities.ScrollElement.<init>(ScrollElement.java:15)
at com.qa.utilities.ScrollElement.<init>(ScrollElement.java:15)
at com.qa.utilities.ScrollElement.<init>(ScrollElement.java:15)
at com.qa.utilities.ScrollElement.<init>(ScrollElement.java:15)
at com.qa.utilities.ScrollElement.<init>(ScrollElement.java:15)
at com.qa.utilities.ScrollElement.<init>(ScrollElement.java:15)
at com.qa.utilities.ScrollElement.<init>(ScrollElement.java:15)
at com.qa.utilities.ScrollElement.<init>(ScrollElement.java:15)
at com.qa.utilities.ScrollElement.<init>(ScrollElement.java:15)
at com.qa.utilities.ScrollElement.<init>(ScrollElement.java:15)
at com.qa.utilities.ScrollElement.<init>(ScrollElement.java:15)
at com.qa.utilities.ScrollElement.<init>(ScrollElement.java:15)
at com.qa.utilities.ScrollElement.<init>(ScrollElement.java:15)
at com.qa.utilities.ScrollElement.<init>(ScrollElement.java:15)
at com.qa.utilities.ScrollElement.<init>(ScrollElement.java:15)
at com.qa.utilities.ScrollElement.<init>(ScrollElement.java:15)
at com.qa.utilities.ScrollElement.<init>(ScrollElement.java:15)
at com.qa.utilities.ScrollElement.<init>(ScrollElement.java:15)
at com.qa.utilities.ScrollElement.<init>(ScrollElement.java:15)
at com.qa.utilities.ScrollElement.<init>(ScrollElement.java:15)
at com.qa.utilities.ScrollElement.<init>(ScrollElement.java:15)
at com.qa.utilities.ScrollElement.<init>(ScrollElement.java:15)
at com.qa.utilities.ScrollElement.<init>(ScrollElement.java:15)
at com.qa.utilities.ScrollElement.<init>(ScrollElement.java:15)
at com.qa.utilities.ScrollElement.<init>(ScrollElement.java:15)
at com.qa.utilities.ScrollElement.<init>(ScrollElement.java:15)
at com.qa.utilities.ScrollElement.<init>(ScrollElement.java:15)
at com.qa.utilities.ScrollElement.<init>(ScrollElement.java:15)
at com.qa.utilities.ScrollElement.<init>(ScrollElement.java:15)
at com.qa.utilities.ScrollElement.<init>(ScrollElement.java:15)
at com.qa.utilities.ScrollElement.<init>(ScrollElement.java:15)
at com.qa.utilities.ScrollElement.<init>(ScrollElement.java:15)
at com.qa.utilities.ScrollElement.<init>(ScrollElement.java:15)
at com.qa.utilities.ScrollElement.<init>(ScrollElement.java:15)
at com.qa.utilities.ScrollElement.<init>(ScrollElement.java:15)
at com.qa.utilities.ScrollElement.<init>(ScrollElement.java:15)
at com.qa.utilities.ScrollElement.<init>(ScrollElement.java:15)
at com.qa.utilities.ScrollElement.<init>(ScrollElement.java:15)
at com.qa.utilities.ScrollElement.<init>(ScrollElement.java:15)
at com.qa.utilities.ScrollElement.<init>(ScrollElement.java:15)
at com.qa.utilities.ScrollElement.<init>(ScrollElement.java:15)
at com.qa.utilities.ScrollElement.<init>(ScrollElement.java:15)
at com.qa.utilities.ScrollElement.<init>(ScrollElement.java:15)
at com.qa.utilities.ScrollElement.<init>(ScrollElement.java:15)
at com.qa.utilities.ScrollElement.<init>(ScrollElement.java:15)
at com.qa.utilities.ScrollElement.<init>(ScrollElement.java:15)
at com.qa.utilities.ScrollElement.<init>(ScrollElement.java:15)
at com.qa.utilities.ScrollElement.<init>(ScrollElement.java:15)
at com.qa.utilities.ScrollElement.<init>(ScrollElement.java:15)
at com.qa.utilities.ScrollElement.<init>(ScrollElement.java:15)
at com.qa.utilities.ScrollElement.<init>(ScrollElement.java:15)
at com.qa.utilities.ScrollElement.<init>(ScrollElement.java:15)
at com.qa.utilities.ScrollElement.<init>(ScrollElement.java:15)
at com.qa.utilities.ScrollElement.<init>(ScrollElement.java:15)
at com.qa.utilities.ScrollElement.<init>(ScrollElement.java:15)
at com.qa.utilities.ScrollElement.<init>(ScrollElement.java:15)
at com.qa.utilities.ScrollElement.<init>(ScrollElement.java:15)
at com.qa.utilities.ScrollElement.<init>(ScrollElement.java:15)
at com.qa.utilities.ScrollElement.<init>(ScrollElement.java:15)
at com.qa.utilities.ScrollElement.<init>(ScrollElement.java:15)
at com.qa.utilities.ScrollElement.<init>(ScrollElement.java:15)
at com.qa.utilities.ScrollElement.<init>(ScrollElement.java:15)
at com.qa.utilities.ScrollElement.<init>(ScrollElement.java:15)
at com.qa.utilities.ScrollElement.<init>(ScrollElement.java:15)
at com.qa.utilities.ScrollElement.<init>(ScrollElement.java:15)
at com.qa.utilities.ScrollElement.<init>(ScrollElement.java:15)
at com.qa.utilities.ScrollElement.<init>(ScrollElement.java:15)
at com.qa.utilities.ScrollElement.<init>(ScrollElement.java:15)
at com.qa.utilities.ScrollElement.<init>(ScrollElement.java:15)
at com.qa.utilities.ScrollElement.<init>(ScrollElement.java:15)
at com.qa.utilities.ScrollElement.<init>(ScrollElement.java:15)
at com.qa.utilities.ScrollElement.<init>(ScrollElement.java:15)
at com.qa.utilities.ScrollElement.<init>(ScrollElement.java:15)
at com.qa.utilities.ScrollElement.<init>(ScrollElement.java:15)
at com.qa.utilities.ScrollElement.<init>(ScrollElement.java:15)
at com.qa.utilities.ScrollElement.<init>(ScrollElement.java:15)
at com.qa.utilities.ScrollElement.<init>(ScrollElement.java:15)
at com.qa.utilities.ScrollElement.<init>(ScrollElement.java:15)
at com.qa.utilities.ScrollElement.<init>(ScrollElement.java:15)
at com.qa.utilities.ScrollElement.<init>(ScrollElement.java:15)
at com.qa.utilities.ScrollElement.<init>(ScrollElement.java:15)
at com.qa.utilities.ScrollElement.<init>(ScrollElement.java:15)
at com.qa.utilities.ScrollElement.<init>(ScrollElement.java:15)
at com.qa.utilities.ScrollElement.<init>(ScrollElement.java:15)
at com.qa.utilities.ScrollElement.<init>(ScrollElement.java:15)
at com.qa.utilities.ScrollElement.<init>(ScrollElement.java:15)
at com.qa.utilities.ScrollElement.<init>(ScrollElement.java:15)
at com.qa.utilities.ScrollElement.<init>(ScrollElement.java:15)
at com.qa.utilities.ScrollElement.<init>(ScrollElement.java:15)
at com.qa.utilities.ScrollElement.<init>(ScrollElement.java:15)
at com.qa.utilities.ScrollElement.<init>(ScrollElement.java:15)
at com.qa.utilities.ScrollElement.<init>(ScrollElement.java:15)
at com.qa.utilities.ScrollElement.<init>(ScrollElement.java:15)
at com.qa.utilities.ScrollElement.<init>(ScrollElement.java:15)
at com.qa.utilities.ScrollElement.<init>(ScrollElement.java:15)
at com.qa.utilities.ScrollElement.<init>(ScrollElement.java:15)
at com.qa.utilities.ScrollElement.<init>(ScrollElement.java:15)
at com.qa.utilities.ScrollElement.<init>(ScrollElement.java:15)
at com.qa.utilities.ScrollElement.<init>(ScrollElement.java:15)
at com.qa.utilities.ScrollElement.<init>(ScrollElement.java:15)
at com.qa.utilities.ScrollElement.<init>(ScrollElement.java:15)
at com.qa.utilities.ScrollElement.<init>(ScrollElement.java:15)
at com.qa.utilities.ScrollElement.<init>(ScrollElement.java:15)
at com.qa.utilities.ScrollElement.<init>(ScrollElement.java:15)
at com.qa.utilities.ScrollElement.<init>(ScrollElement.java:15)
at com.qa.utilities.ScrollElement.<init>(ScrollElement.java:15)
at com.qa.utilities.ScrollElement.<init>(ScrollElement.java:15)
at com.qa.utilities.ScrollElement.<init>(ScrollElement.java:15)
at com.qa.utilities.ScrollElement.<init>(ScrollElement.java:15)
at com.qa.utilities.ScrollElement.<init>(ScrollElement.java:15)
at com.qa.utilities.ScrollElement.<init>(ScrollElement.java:15)
at com.qa.utilities.ScrollElement.<init>(ScrollElement.java:15)
at com.qa.utilities.ScrollElement.<init>(ScrollElement.java:15)
at com.qa.utilities.ScrollElement.<init>(ScrollElement.java:15)
at com.qa.utilities.ScrollElement.<init>(ScrollElement.java:15)
at com.qa.utilities.ScrollElement.<init>(ScrollElement.java:15)
at com.qa.utilities.ScrollElement.<init>(ScrollElement.java:15)
at com.qa.utilities.ScrollElement.<init>(ScrollElement.java:15)
at com.qa.utilities.ScrollElement.<init>(ScrollElement.java:15)
at com.qa.utilities.ScrollElement.<init>(ScrollElement.java:15)
at com.qa.utilities.ScrollElement.<init>(ScrollElement.java:15)
at com.qa.utilities.ScrollElement.<init>(ScrollElement.java:15)
at com.qa.utilities.ScrollElement.<init>(ScrollElement.java:15)
at com.qa.utilities.ScrollElement.<init>(ScrollElement.java:15)
at com.qa.utilities.ScrollElement.<init>(ScrollElement.java:15)
at com.qa.utilities.ScrollElement.<init>(ScrollElement.java:15)
at com.qa.utilities.ScrollElement.<init>(ScrollElement.java:15)
at com.qa.utilities.ScrollElement.<init>(ScrollElement.java:15)
at com.qa.utilities.ScrollElement.<init>(ScrollElement.java:15)
at com.qa.utilities.ScrollElement.<init>(ScrollElement.java:15)
at com.qa.utilities.ScrollElement.<init>(ScrollElement.java:15)
at com.qa.utilities.ScrollElement.<init>(ScrollElement.java:15)
at com.qa.utilities.ScrollElement.<init>(ScrollElement.java:15)
at com.qa.utilities.ScrollElement.<init>(ScrollElement.java:15)
at com.qa.utilities.ScrollElement.<init>(ScrollElement.java:15)
at com.qa.utilities.ScrollElement.<init>(ScrollElement.java:15)
at com.qa.utilities.ScrollElement.<init>(ScrollElement.java:15)
at com.qa.utilities.ScrollElement.<init>(ScrollElement.java:15)
at com.qa.utilities.ScrollElement.<init>(ScrollElement.java:15)
at com.qa.utilities.ScrollElement.<init>(ScrollElement.java:15)
at com.qa.utilities.ScrollElement.<init>(ScrollElement.java:15)
at com.qa.utilities.ScrollElement.<init>(ScrollElement.java:15)
at com.qa.utilities.ScrollElement.<init>(ScrollElement.java:15)
at com.qa.utilities.ScrollElement.<init>(ScrollElement.java:15)
at com.qa.utilities.ScrollElement.<init>(ScrollElement.java:15)
at com.qa.utilities.ScrollElement.<init>(ScrollElement.java:15)
at com.qa.utilities.ScrollElement.<init>(ScrollElement.java:15)
at com.qa.utilities.ScrollElement.<init>(ScrollElement.java:15)
at com.qa.utilities.ScrollElement.<init>(ScrollElement.java:15)
at com.qa.utilities.ScrollElement.<init>(ScrollElement.java:15)
at com.qa.utilities.ScrollElement.<init>(ScrollElement.java:15)
at com.qa.utilities.ScrollElement.<init>(ScrollElement.java:15)
at com.qa.utilities.ScrollElement.<init>(ScrollElement.java:15)
at com.qa.utilities.ScrollElement.<init>(ScrollElement.java:15)
at com.qa.utilities.ScrollElement.<init>(ScrollElement.java:15)
at com.qa.utilities.ScrollElement.<init>(ScrollElement.java:15)
at com.qa.utilities.ScrollElement.<init>(ScrollElement.java:15)
at com.qa.utilities.ScrollElement.<init>(ScrollElement.java:15)
at com.qa.utilities.ScrollElement.<init>(ScrollElement.java:15)
at com.qa.utilities.ScrollElement.<init>(ScrollElement.java:15)
at com.qa.utilities.ScrollElement.<init>(ScrollElement.java:15)
at com.qa.utilities.ScrollElement.<init>(ScrollElement.java:15)
at com.qa.utilities.ScrollElement.<init>(ScrollElement.java:15)
at com.qa.utilities.ScrollElement.<init>(ScrollElement.java:15)
at com.qa.utilities.ScrollElement.<init>(ScrollElement.java:15)
at com.qa.utilities.ScrollElement.<init>(ScrollElement.java:15)
at com.qa.utilities.ScrollElement.<init>(ScrollElement.java:15)
at com.qa.utilities.ScrollElement.<init>(ScrollElement.java:15)
at com.qa.utilities.ScrollElement.<init>(ScrollElement.java:15)
at com.qa.utilities.ScrollElement.<init>(ScrollElement.java:15)
at com.qa.utilities.ScrollElement.<init>(ScrollElement.java:15)
at com.qa.utilities.ScrollElement.<init>(ScrollElement.java:15)
at com.qa.utilities.ScrollElement.<init>(ScrollElement.java:15)
at com.qa.utilities.ScrollElement.<init>(ScrollElement.java:15)
at com.qa.utilities.ScrollElement.<init>(ScrollElement.java:15)
at com.qa.utilities.ScrollElement.<init>(ScrollElement.java:15)
at com.qa.utilities.ScrollElement.<init>(ScrollElement.java:15)
at com.qa.utilities.ScrollElement.<init>(ScrollElement.java:15)
at com.qa.utilities.ScrollElement.<init>(ScrollElement.java:15)
at com.qa.utilities.ScrollElement.<init>(ScrollElement.java:15)
at com.qa.utilities.ScrollElement.<init>(ScrollElement.java:15)
at com.qa.utilities.ScrollElement.<init>(ScrollElement.java:15)
at com.qa.utilities.ScrollElement.<init>(ScrollElement.java:15)
at com.qa.utilities.ScrollElement.<init>(ScrollElement.java:15)
at com.qa.utilities.ScrollElement.<init>(ScrollElement.java:15)
at com.qa.utilities.ScrollElement.<init>(ScrollElement.java:15)
at com.qa.utilities.ScrollElement.<init>(ScrollElement.java:15)
at com.qa.utilities.ScrollElement.<init>(ScrollElement.java:15)
at com.qa.utilities.ScrollElement.<init>(ScrollElement.java:15)
at com.qa.utilities.ScrollElement.<init>(ScrollElement.java:15)
at com.qa.utilities.ScrollElement.<init>(ScrollElement.java:15)
at com.qa.utilities.ScrollElement.<init>(ScrollElement.java:15)
at com.qa.utilities.ScrollElement.<init>(ScrollElement.java:15)
at com.qa.utilities.ScrollElement.<init>(ScrollElement.java:15)
at com.qa.utilities.ScrollElement.<init>(ScrollElement.java:15)
at com.qa.utilities.ScrollElement.<init>(ScrollElement.java:15)
at com.qa.utilities.ScrollElement.<init>(ScrollElement.java:15)
at com.qa.utilities.ScrollElement.<init>(ScrollElement.java:15)
at com.qa.utilities.ScrollElement.<init>(ScrollElement.java:15)
at com.qa.utilities.ScrollElement.<init>(ScrollElement.java:15)
at com.qa.utilities.ScrollElement.<init>(ScrollElement.java:15)
at com.qa.utilities.ScrollElement.<init>(ScrollElement.java:15)
at com.qa.utilities.ScrollElement.<init>(ScrollElement.java:15)
at com.qa.utilities.ScrollElement.<init>(ScrollElement.java:15)
at com.qa.utilities.ScrollElement.<init>(ScrollElement.java:15)
at com.qa.utilities.ScrollElement.<init>(ScrollElement.java:15)
at com.qa.utilities.ScrollElement.<init>(ScrollElement.java:15)
at com.qa.utilities.ScrollElement.<init>(ScrollElement.java:15)
at com.qa.utilities.ScrollElement.<init>(ScrollElement.java:15)
at com.qa.utilities.ScrollElement.<init>(ScrollElement.java:15)
at com.qa.utilities.ScrollElement.<init>(ScrollElement.java:15)
at com.qa.utilities.ScrollElement.<init>(ScrollElement.java:15)
at com.qa.utilities.ScrollElement.<init>(ScrollElement.java:15)
at com.qa.utilities.ScrollElement.<init>(ScrollElement.java:15)
at com.qa.utilities.ScrollElement.<init>(ScrollElement.java:15)
at com.qa.utilities.ScrollElement.<init>(ScrollElement.java:15)
at com.qa.utilities.ScrollElement.<init>(ScrollElement.java:15)
at com.qa.utilities.ScrollElement.<init>(ScrollElement.java:15)
at com.qa.utilities.ScrollElement.<init>(ScrollElement.java:15)
at com.qa.utilities.ScrollElement.<init>(ScrollElement.java:15)
at com.qa.utilities.ScrollElement.<init>(ScrollElement.java:15)
at com.qa.utilities.ScrollElement.<init>(ScrollElement.java:15)
at com.qa.utilities.ScrollElement.<init>(ScrollElement.java:15)
at com.qa.utilities.ScrollElement.<init>(ScrollElement.java:15)
at com.qa.utilities.ScrollElement.<init>(ScrollElement.java:15)
at com.qa.utilities.ScrollElement.<init>(ScrollElement.java:15)
at com.qa.utilities.ScrollElement.<init>(ScrollElement.java:15)
at com.qa.utilities.ScrollElement.<init>(ScrollElement.java:15)
at com.qa.utilities.ScrollElement.<init>(ScrollElement.java:15)
at com.qa.utilities.ScrollElement.<init>(ScrollElement.java:15)
at com.qa.utilities.ScrollElement.<init>(ScrollElement.java:15)
at com.qa.utilities.ScrollElement.<init>(ScrollElement.java:15)
at com.qa.utilities.ScrollElement.<init>(ScrollElement.java:15)
at com.qa.utilities.ScrollElement.<init>(ScrollElement.java:15)
at com.qa.utilities.ScrollElement.<init>(ScrollElement.java:15)
at com.qa.utilities.ScrollElement.<init>(ScrollElement.java:15)
at com.qa.utilities.ScrollElement.<init>(ScrollElement.java:15)
at com.qa.utilities.ScrollElement.<init>(ScrollElement.java:15)
at com.qa.utilities.ScrollElement.<init>(ScrollElement.java:15)
at com.qa.utilities.ScrollElement.<init>(ScrollElement.java:15)
at com.qa.utilities.ScrollElement.<init>(ScrollElement.java:15)
at com.qa.utilities.ScrollElement.<init>(ScrollElement.java:15)
at com.qa.utilities.ScrollElement.<init>(ScrollElement.java:15)
at com.qa.utilities.ScrollElement.<init>(ScrollElement.java:15)
at com.qa.utilities.ScrollElement.<init>(ScrollElement.java:15)
at com.qa.utilities.ScrollElement.<init>(ScrollElement.java:15)
at com.qa.utilities.ScrollElement.<init>(ScrollElement.java:15)
at com.qa.utilities.ScrollElement.<init>(ScrollElement.java:15)
at com.qa.utilities.ScrollElement.<init>(ScrollElement.java:15)
at com.qa.utilities.ScrollElement.<init>(ScrollElement.java:15)
at com.qa.utilities.ScrollElement.<init>(ScrollElement.java:15)
at com.qa.utilities.ScrollElement.<init>(ScrollElement.java:15)
at com.qa.utilities.ScrollElement.<init>(ScrollElement.java:15)
at com.qa.utilities.ScrollElement.<init>(ScrollElement.java:15)
at com.qa.utilities.ScrollElement.<init>(ScrollElement.java:15)
at com.qa.utilities.ScrollElement.<init>(ScrollElement.java:15)
at com.qa.utilities.ScrollElement.<init>(ScrollElement.java:15)
at com.qa.utilities.ScrollElement.<init>(ScrollElement.java:15)
at com.qa.utilities.ScrollElement.<init>(ScrollElement.java:15)
at com.qa.utilities.ScrollElement.<init>(ScrollElement.java:15)
at com.qa.utilities.ScrollElement.<init>(ScrollElement.java:15)
at com.qa.utilities.ScrollElement.<init>(ScrollElement.java:15)
at com.qa.utilities.ScrollElement.<init>(ScrollElement.java:15)
at com.qa.utilities.ScrollElement.<init>(ScrollElement.java:15)
at com.qa.utilities.ScrollElement.<init>(ScrollElement.java:15)
at com.qa.utilities.ScrollElement.<init>(ScrollElement.java:15)
at com.qa.utilities.ScrollElement.<init>(ScrollElement.java:15)
at com.qa.utilities.ScrollElement.<init>(ScrollElement.java:15)
at com.qa.utilities.ScrollElement.<init>(ScrollElement.java:15)
at com.qa.utilities.ScrollElement.<init>(ScrollElement.java:15)
at com.qa.utilities.ScrollElement.<init>(ScrollElement.java:15)
at com.qa.utilities.ScrollElement.<init>(ScrollElement.java:15)
at com.qa.utilities.ScrollElement.<init>(ScrollElement.java:15)
at com.qa.utilities.ScrollElement.<init>(ScrollElement.java:15)
at com.qa.utilities.ScrollElement.<init>(ScrollElement.java:15)
at com.qa.utilities.ScrollElement.<init>(ScrollElement.java:15)
at com.qa.utilities.ScrollElement.<init>(ScrollElement.java:15)
at com.qa.utilities.ScrollElement.<init>(ScrollElement.java:15)
at com.qa.utilities.ScrollElement.<init>(ScrollElement.java:15)
at com.qa.utilities.ScrollElement.<init>(ScrollElement.java:15)
at com.qa.utilities.ScrollElement.<init>(ScrollElement.java:15)
at com.qa.utilities.ScrollElement.<init>(ScrollElement.java:15)
at com.qa.utilities.ScrollElement.<init>(ScrollElement.java:15)
at com.qa.utilities.ScrollElement.<init>(ScrollElement.java:15)
at com.qa.utilities.ScrollElement.<init>(ScrollElement.java:15)
at com.qa.utilities.ScrollElement.<init>(ScrollElement.java:15)
at com.qa.utilities.ScrollElement.<init>(ScrollElement.java:15)
at com.qa.utilities.ScrollElement.<init>(ScrollElement.java:15)
at com.qa.utilities.ScrollElement.<init>(ScrollElement.java:15)
at com.qa.utilities.ScrollElement.<init>(ScrollElement.java:15)
at com.qa.utilities.ScrollElement.<init>(ScrollElement.java:15)
at com.qa.utilities.ScrollElement.<init>(ScrollElement.java:15)
at com.qa.utilities.ScrollElement.<init>(ScrollElement.java:15)
at com.qa.utilities.ScrollElement.<init>(ScrollElement.java:15)
at com.qa.utilities.ScrollElement.<init>(ScrollElement.java:15)
at com.qa.utilities.ScrollElement.<init>(ScrollElement.java:15)
at com.qa.utilities.ScrollElement.<init>(ScrollElement.java:15)
at com.qa.utilities.ScrollElement.<init>(ScrollElement.java:15)
at com.qa.utilities.ScrollElement.<init>(ScrollElement.java:15)
at com.qa.utilities.ScrollElement.<init>(ScrollElement.java:15)
at com.qa.utilities.ScrollElement.<init>(ScrollElement.java:15)
at com.qa.utilities.ScrollElement.<init>(ScrollElement.java:15)
at com.qa.utilities.ScrollElement.<init>(ScrollElement.java:15)
at com.qa.utilities.ScrollElement.<init>(ScrollElement.java:15)
at com.qa.utilities.ScrollElement.<init>(ScrollElement.java:15)
at com.qa.utilities.ScrollElement.<init>(ScrollElement.java:15)
at com.qa.utilities.ScrollElement.<init>(ScrollElement.java:15)
at com.qa.utilities.ScrollElement.<init>(ScrollElement.java:15)
at com.qa.utilities.ScrollElement.<init>(ScrollElement.java:15)
at com.qa.utilities.ScrollElement.<init>(ScrollElement.java:15)
at com.qa.utilities.ScrollElement.<init>(ScrollElement.java:15)
at com.qa.utilities.ScrollElement.<init>(ScrollElement.java:15)
at com.qa.utilities.ScrollElement.<init>(ScrollElement.java:15)
at com.qa.utilities.ScrollElement.<init>(ScrollElement.java:15)
at com.qa.utilities.ScrollElement.<init>(ScrollElement.java:15)
at com.qa.utilities.ScrollElement.<init>(ScrollElement.java:15)
at com.qa.utilities.ScrollElement.<init>(ScrollElement.java:15)
at com.qa.utilities.ScrollElement.<init>(ScrollElement.java:15)
at com.qa.utilities.ScrollElement.<init>(ScrollElement.java:15)
at com.qa.utilities.ScrollElement.<init>(ScrollElement.java:15)
at com.qa.utilities.ScrollElement.<init>(ScrollElement.java:15)
at com.qa.utilities.ScrollElement.<init>(ScrollElement.java:15)
at com.qa.utilities.ScrollElement.<init>(ScrollElement.java:15)
at com.qa.utilities.ScrollElement.<init>(ScrollElement.java:15)
at com.qa.utilities.ScrollElement.<init>(ScrollElement.java:15)
at com.qa.utilities.ScrollElement.<init>(ScrollElement.java:15)
at com.qa.utilities.ScrollElement.<init>(ScrollElement.java:15)
at com.qa.utilities.ScrollElement.<init>(ScrollElement.java:15)
at com.qa.utilities.ScrollElement.<init>(ScrollElement.java:15)
at com.qa.utilities.ScrollElement.<init>(ScrollElement.java:15)
at com.qa.utilities.ScrollElement.<init>(ScrollElement.java:15)
at com.qa.utilities.ScrollElement.<init>(ScrollElement.java:15)
at com.qa.utilities.ScrollElement.<init>(ScrollElement.java:15)
at com.qa.utilities.ScrollElement.<init>(ScrollElement.java:15)
at com.qa.utilities.ScrollElement.<init>(ScrollElement.java:15)
at com.qa.utilities.ScrollElement.<init>(ScrollElement.java:15)
at com.qa.utilities.ScrollElement.<init>(ScrollElement.java:15)
at com.qa.utilities.ScrollElement.<init>(ScrollElement.java:15)
at com.qa.utilities.ScrollElement.<init>(ScrollElement.java:15)
at com.qa.utilities.ScrollElement.<init>(ScrollElement.java:15)
at com.qa.utilities.ScrollElement.<init>(ScrollElement.java:15)
at com.qa.utilities.ScrollElement.<init>(ScrollElement.java:15)
at com.qa.utilities.ScrollElement.<init>(ScrollElement.java:15)
at com.qa.utilities.ScrollElement.<init>(ScrollElement.java:15)
at com.qa.utilities.ScrollElement.<init>(ScrollElement.java:15)
at com.qa.utilities.ScrollElement.<init>(ScrollElement.java:15)
at com.qa.utilities.ScrollElement.<init>(ScrollElement.java:15)
at com.qa.utilities.ScrollElement.<init>(ScrollElement.java:15)
at com.qa.utilities.ScrollElement.<init>(ScrollElement.java:15)
at com.qa.utilities.ScrollElement.<init>(ScrollElement.java:15)
at com.qa.utilities.ScrollElement.<init>(ScrollElement.java:15)
at com.qa.utilities.ScrollElement.<init>(ScrollElement.java:15)
at com.qa.utilities.ScrollElement.<init>(ScrollElement.java:15)
at com.qa.utilities.ScrollElement.<init>(ScrollElement.java:15)
at com.qa.utilities.ScrollElement.<init>(ScrollElement.java:15)
at com.qa.utilities.ScrollElement.<init>(ScrollElement.java:15)
at com.qa.utilities.ScrollElement.<init>(ScrollElement.java:15)
at com.qa.utilities.ScrollElement.<init>(ScrollElement.java:15)
at com.qa.utilities.ScrollElement.<init>(ScrollElement.java:15)
at com.qa.utilities.ScrollElement.<init>(ScrollElement.java:15)
at com.qa.utilities.ScrollElement.<init>(ScrollElement.java:15)
at com.qa.utilities.ScrollElement.<init>(ScrollElement.java:15)
at com.qa.utilities.ScrollElement.<init>(ScrollElement.java:15)
at com.qa.utilities.ScrollElement.<init>(ScrollElement.java:15)
at com.qa.utilities.ScrollElement.<init>(ScrollElement.java:15)
at com.qa.utilities.ScrollElement.<init>(ScrollElement.java:15)
at com.qa.utilities.ScrollElement.<init>(ScrollElement.java:15)
at com.qa.utilities.ScrollElement.<init>(ScrollElement.java:15)
at com.qa.utilities.ScrollElement.<init>(ScrollElement.java:15)
at com.qa.utilities.ScrollElement.<init>(ScrollElement.java:15)
at com.qa.utilities.ScrollElement.<init>(ScrollElement.java:15)
at com.qa.utilities.ScrollElement.<init>(ScrollElement.java:15)
at com.qa.utilities.ScrollElement.<init>(ScrollElement.java:15)
at com.qa.utilities.ScrollElement.<init>(ScrollElement.java:15)
at com.qa.utilities.ScrollElement.<init>(ScrollElement.java:15)
at com.qa.utilities.ScrollElement.<init>(ScrollElement.java:15)
at com.qa.utilities.ScrollElement.<init>(ScrollElement.java:15)
at com.qa.utilities.ScrollElement.<init>(ScrollElement.java:15)
at com.qa.utilities.ScrollElement.<init>(ScrollElement.java:15)
at com.qa.utilities.ScrollElement.<init>(ScrollElement.java:15)
at com.qa.utilities.ScrollElement.<init>(ScrollElement.java:15)
at com.qa.utilities.ScrollElement.<init>(ScrollElement.java:15)
at com.qa.utilities.ScrollElement.<init>(ScrollElement.java:15)
at com.qa.utilities.ScrollElement.<init>(ScrollElement.java:15)
at com.qa.utilities.ScrollElement.<init>(ScrollElement.java:15)
at com.qa.utilities.ScrollElement.<init>(ScrollElement.java:15)
at com.qa.utilities.ScrollElement.<init>(ScrollElement.java:15)
at com.qa.utilities.ScrollElement.<init>(ScrollElement.java:15)
at com.qa.utilities.ScrollElement.<init>(ScrollElement.java:15)
at com.qa.utilities.ScrollElement.<init>(ScrollElement.java:15)
at com.qa.utilities.ScrollElement.<init>(ScrollElement.java:15)
at com.qa.utilities.ScrollElement.<init>(ScrollElement.java:15)
at com.qa.utilities.ScrollElement.<init>(ScrollElement.java:15)
at com.qa.utilities.ScrollElement.<init>(ScrollElement.java:15)
at com.qa.utilities.ScrollElement.<init>(ScrollElement.java:15)
at com.qa.utilities.ScrollElement.<init>(ScrollElement.java:15)
at com.qa.utilities.ScrollElement.<init>(ScrollElement.java:15)
at com.qa.utilities.ScrollElement.<init>(ScrollElement.java:15)
at com.qa.utilities.ScrollElement.<init>(ScrollElement.java:15)
at com.qa.utilities.ScrollElement.<init>(ScrollElement.java:15)
at com.qa.utilities.ScrollElement.<init>(ScrollElement.java:15)
at com.qa.utilities.ScrollElement.<init>(ScrollElement.java:15)
at com.qa.utilities.ScrollElement.<init>(ScrollElement.java:15)
at com.qa.utilities.ScrollElement.<init>(ScrollElement.java:15)
at com.qa.utilities.ScrollElement.<init>(ScrollElement.java:15)
at com.qa.utilities.ScrollElement.<init>(ScrollElement.java:15)
at com.qa.utilities.ScrollElement.<init>(ScrollElement.java:15)
at com.qa.utilities.ScrollElement.<init>(ScrollElement.java:15)
at com.qa.utilities.ScrollElement.<init>(ScrollElement.java:15)
at com.qa.utilities.ScrollElement.<init>(ScrollElement.java:15)
at com.qa.utilities.ScrollElement.<init>(ScrollElement.java:15)
at com.qa.utilities.ScrollElement.<init>(ScrollElement.java:15)
at com.qa.utilities.ScrollElement.<init>(ScrollElement.java:15)
at com.qa.utilities.ScrollElement.<init>(ScrollElement.java:15)
at com.qa.utilities.ScrollElement.<init>(ScrollElement.java:15)
at com.qa.utilities.ScrollElement.<init>(ScrollElement.java:15)
at com.qa.utilities.ScrollElement.<init>(ScrollElement.java:15)
at com.qa.utilities.ScrollElement.<init>(ScrollElement.java:15)
at com.qa.utilities.ScrollElement.<init>(ScrollElement.java:15)
at com.qa.utilities.ScrollElement.<init>(ScrollElement.java:15)
at com.qa.utilities.ScrollElement.<init>(ScrollElement.java:15)
at com.qa.utilities.ScrollElement.<init>(ScrollElement.java:15)
at com.qa.utilities.ScrollElement.<init>(ScrollElement.java:15)
at com.qa.utilities.ScrollElement.<init>(ScrollElement.java:15)
at com.qa.utilities.ScrollElement.<init>(ScrollElement.java:15)
at com.qa.utilities.ScrollElement.<init>(ScrollElement.java:15)
at com.qa.utilities.ScrollElement.<init>(ScrollElement.java:15)
at com.qa.utilities.ScrollElement.<init>(ScrollElement.java:15)
at com.qa.utilities.ScrollElement.<init>(ScrollElement.java:15)
at com.qa.utilities.ScrollElement.<init>(ScrollElement.java:15)
at com.qa.utilities.ScrollElement.<init>(ScrollElement.java:15)
at com.qa.utilities.ScrollElement.<init>(ScrollElement.java:15)
at com.qa.utilities.ScrollElement.<init>(ScrollElement.java:15)
at com.qa.utilities.ScrollElement.<init>(ScrollElement.java:15)
at com.qa.utilities.ScrollElement.<init>(ScrollElement.java:15)
at com.qa.utilities.ScrollElement.<init>(ScrollElement.java:15)
at com.qa.utilities.ScrollElement.<init>(ScrollElement.java:15)
at com.qa.utilities.ScrollElement.<init>(ScrollElement.java:15)
at com.qa.utilities.ScrollElement.<init>(ScrollElement.java:15)
at com.qa.utilities.ScrollElement.<init>(ScrollElement.java:15)
at com.qa.utilities.ScrollElement.<init>(ScrollElement.java:15)
at com.qa.utilities.ScrollElement.<init>(ScrollElement.java:15)
at com.qa.utilities.ScrollElement.<init>(ScrollElement.java:15)
at com.qa.utilities.ScrollElement.<init>(ScrollElement.java:15)
at com.qa.utilities.ScrollElement.<init>(ScrollElement.java:15)
at com.qa.utilities.ScrollElement.<init>(ScrollElement.java:15)
at com.qa.utilities.ScrollElement.<init>(ScrollElement.java:15)
at com.qa.utilities.ScrollElement.<init>(ScrollElement.java:15)
at com.qa.utilities.ScrollElement.<init>(ScrollElement.java:15)
at com.qa.utilities.ScrollElement.<init>(ScrollElement.java:15)
at com.qa.utilities.ScrollElement.<init>(ScrollElement.java:15)
at com.qa.utilities.ScrollElement.<init>(ScrollElement.java:15)
at com.qa.utilities.ScrollElement.<init>(ScrollElement.java:15)
at com.qa.utilities.ScrollElement.<init>(ScrollElement.java:15)
at com.qa.utilities.ScrollElement.<init>(ScrollElement.java:15)
at com.qa.utilities.ScrollElement.<init>(ScrollElement.java:15)
at com.qa.utilities.ScrollElement.<init>(ScrollElement.java:15)
at com.qa.utilities.ScrollElement.<init>(ScrollElement.java:15)
at com.qa.utilities.ScrollElement.<init>(ScrollElement.java:15)
at com.qa.utilities.ScrollElement.<init>(ScrollElement.java:15)
at com.qa.utilities.ScrollElement.<init>(ScrollElement.java:15)
at com.qa.utilities.ScrollElement.<init>(ScrollElement.java:15)
at com.qa.utilities.ScrollElement.<init>(ScrollElement.java:15)
at com.qa.utilities.ScrollElement.<init>(ScrollElement.java:15)
at com.qa.utilities.ScrollElement.<init>(ScrollElement.java:15)
at com.qa.utilities.ScrollElement.<init>(ScrollElement.java:15)
at com.qa.utilities.ScrollElement.<init>(ScrollElement.java:15)
at com.qa.utilities.ScrollElement.<init>(ScrollElement.java:15)
at com.qa.utilities.ScrollElement.<init>(ScrollElement.java:15)
at com.qa.utilities.ScrollElement.<init>(ScrollElement.java:15)
at com.qa.utilities.ScrollElement.<init>(ScrollElement.java:15)
at com.qa.utilities.ScrollElement.<init>(ScrollElement.java:15)
at com.qa.utilities.ScrollElement.<init>(ScrollElement.java:15)
at com.qa.utilities.ScrollElement.<init>(ScrollElement.java:15)
at com.qa.utilities.ScrollElement.<init>(ScrollElement.java:15)
at com.qa.utilities.ScrollElement.<init>(ScrollElement.java:15)
at com.qa.utilities.ScrollElement.<init>(ScrollElement.java:15)
at com.qa.utilities.ScrollElement.<init>(ScrollElement.java:15)
at com.qa.utilities.ScrollElement.<init>(ScrollElement.java:15)
at com.qa.utilities.ScrollElement.<init>(ScrollElement.java:15)
at com.qa.utilities.ScrollElement.<init>(ScrollElement.java:15)
at com.qa.utilities.ScrollElement.<init>(ScrollElement.java:15)
at com.qa.utilities.ScrollElement.<init>(ScrollElement.java:15)
at com.qa.utilities.ScrollElement.<init>(ScrollElement.java:15)
at com.qa.utilities.ScrollElement.<init>(ScrollElement.java:15)
at com.qa.utilities.ScrollElement.<init>(ScrollElement.java:15)
at com.qa.utilities.ScrollElement.<init>(ScrollElement.java:15)
at com.qa.utilities.ScrollElement.<init>(ScrollElement.java:15)
at com.qa.utilities.ScrollElement.<init>(ScrollElement.java:15)
at com.qa.utilities.ScrollElement.<init>(ScrollElement.java:15)
at com.qa.utilities.ScrollElement.<init>(ScrollElement.java:15)
at com.qa.utilities.ScrollElement.<init>(ScrollElement.java:15)
at com.qa.utilities.ScrollElement.<init>(ScrollElement.java:15)
at com.qa.utilities.ScrollElement.<init>(ScrollElement.java:15)
at com.qa.utilities.ScrollElement.<init>(ScrollElement.java:15)
at com.qa.utilities.ScrollElement.<init>(ScrollElement.java:15)
at com.qa.utilities.ScrollElement.<init>(ScrollElement.java:15)
at com.qa.utilities.ScrollElement.<init>(ScrollElement.java:15)
at com.qa.utilities.ScrollElement.<init>(ScrollElement.java:15)
at com.qa.utilities.ScrollElement.<init>(ScrollElement.java:15)
at com.qa.utilities.ScrollElement.<init>(ScrollElement.java:15)
at com.qa.utilities.ScrollElement.<init>(ScrollElement.java:15)
at com.qa.utilities.ScrollElement.<init>(ScrollElement.java:15)
at com.qa.utilities.ScrollElement.<init>(ScrollElement.java:15)
at com.qa.utilities.ScrollElement.<init>(ScrollElement.java:15)
at com.qa.utilities.ScrollElement.<init>(ScrollElement.java:15)
at com.qa.utilities.ScrollElement.<init>(ScrollElement.java:15)
at com.qa.utilities.ScrollElement.<init>(ScrollElement.java:15)
at com.qa.utilities.ScrollElement.<init>(ScrollElement.java:15)
at com.qa.utilities.ScrollElement.<init>(ScrollElement.java:15)
at com.qa.utilities.ScrollElement.<init>(ScrollElement.java:15)
at com.qa.utilities.ScrollElement.<init>(ScrollElement.java:15)
at com.qa.utilities.ScrollElement.<init>(ScrollElement.java:15)
at com.qa.utilities.ScrollElement.<init>(ScrollElement.java:15)
at com.qa.utilities.ScrollElement.<init>(ScrollElement.java:15)
at com.qa.utilities.ScrollElement.<init>(ScrollElement.java:15)
at com.qa.utilities.ScrollElement.<init>(ScrollElement.java:15)
at com.qa.utilities.ScrollElement.<init>(ScrollElement.java:15)
at com.qa.utilities.ScrollElement.<init>(ScrollElement.java:15)
at com.qa.utilities.ScrollElement.<init>(ScrollElement.java:15)
at com.qa.utilities.ScrollElement.<init>(ScrollElement.java:15)
at com.qa.utilities.ScrollElement.<init>(ScrollElement.java:15)
at com.qa.utilities.ScrollElement.<init>(ScrollElement.java:15)
at com.qa.utilities.ScrollElement.<init>(ScrollElement.java:15)
at com.qa.utilities.ScrollElement.<init>(ScrollElement.java:15)
at com.qa.utilities.ScrollElement.<init>(ScrollElement.java:15)
at com.qa.utilities.ScrollElement.<init>(ScrollElement.java:15)
at com.qa.utilities.ScrollElement.<init>(ScrollElement.java:15)
at com.qa.utilities.ScrollElement.<init>(ScrollElement.java:15)
at com.qa.utilities.ScrollElement.<init>(ScrollElement.java:15)
at com.qa.utilities.ScrollElement.<init>(ScrollElement.java:15)
at com.qa.utilities.ScrollElement.<init>(ScrollElement.java:15)
at com.qa.utilities.ScrollElement.<init>(ScrollElement.java:15)
at com.qa.utilities.ScrollElement.<init>(ScrollElement.java:15)
at com.qa.utilities.ScrollElement.<init>(ScrollElement.java:15)
at com.qa.utilities.ScrollElement.<init>(ScrollElement.java:15)
at com.qa.utilities.ScrollElement.<init>(ScrollElement.java:15)
at com.qa.utilities.ScrollElement.<init>(ScrollElement.java:15)
at com.qa.utilities.ScrollElement.<init>(ScrollElement.java:15)
at com.qa.utilities.ScrollElement.<init>(ScrollElement.java:15)
at com.qa.utilities.ScrollElement.<init>(ScrollElement.java:15)
at com.qa.utilities.ScrollElement.<init>(ScrollElement.java:15)
at com.qa.utilities.ScrollElement.<init>(ScrollElement.java:15)
at com.qa.utilities.ScrollElement.<init>(ScrollElement.java:15)
at com.qa.utilities.ScrollElement.<init>(ScrollElement.java:15)
at com.qa.utilities.ScrollElement.<init>(ScrollElement.java:15)
at com.qa.utilities.ScrollElement.<init>(ScrollElement.java:15)
at com.qa.utilities.ScrollElement.<init>(ScrollElement.java:15)
at com.qa.utilities.ScrollElement.<init>(ScrollElement.java:15)
at com.qa.utilities.ScrollElement.<init>(ScrollElement.java:15)
at com.qa.utilities.ScrollElement.<init>(ScrollElement.java:15)
at com.qa.utilities.ScrollElement.<init>(ScrollElement.java:15)
at com.qa.utilities.ScrollElement.<init>(ScrollElement.java:15)
at com.qa.utilities.ScrollElement.<init>(ScrollElement.java:15)
at com.qa.utilities.ScrollElement.<init>(ScrollElement.java:15)
at com.qa.utilities.ScrollElement.<init>(ScrollElement.java:15)
at com.qa.utilities.ScrollElement.<init>(ScrollElement.java:15)
at com.qa.utilities.ScrollElement.<init>(ScrollElement.java:15)
at com.qa.utilities.ScrollElement.<init>(ScrollElement.java:15)
at com.qa.utilities.ScrollElement.<init>(ScrollElement.java:15)
at com.qa.utilities.ScrollElement.<init>(ScrollElement.java:15)
at com.qa.utilities.ScrollElement.<init>(ScrollElement.java:15)
at com.qa.utilities.ScrollElement.<init>(ScrollElement.java:15)
at com.qa.utilities.ScrollElement.<init>(ScrollElement.java:15)
at com.qa.utilities.ScrollElement.<init>(ScrollElement.java:15)
at com.qa.utilities.ScrollElement.<init>(ScrollElement.java:15)
at com.qa.utilities.ScrollElement.<init>(ScrollElement.java:15)
at com.qa.utilities.ScrollElement.<init>(ScrollElement.java:15)
at com.qa.utilities.ScrollElement.<init>(ScrollElement.java:15)
at com.qa.utilities.ScrollElement.<init>(ScrollElement.java:15)
at com.qa.utilities.ScrollElement.<init>(ScrollElement.java:15)
at com.qa.utilities.ScrollElement.<init>(ScrollElement.java:15)
at com.qa.utilities.ScrollElement.<init>(ScrollElement.java:15)
at com.qa.utilities.ScrollElement.<init>(ScrollElement.java:15)
at com.qa.utilities.ScrollElement.<init>(ScrollElement.java:15)
at com.qa.utilities.ScrollElement.<init>(ScrollElement.java:15)
at com.qa.utilities.ScrollElement.<init>(ScrollElement.java:15)
at com.qa.utilities.ScrollElement.<init>(ScrollElement.java:15)
at com.qa.utilities.ScrollElement.<init>(ScrollElement.java:15)
at com.qa.utilities.ScrollElement.<init>(ScrollElement.java:15)
at com.qa.utilities.ScrollElement.<init>(ScrollElement.java:15)
at com.qa.utilities.ScrollElement.<init>(ScrollElement.java:15)
at com.qa.utilities.ScrollElement.<init>(ScrollElement.java:15)
at com.qa.utilities.ScrollElement.<init>(ScrollElement.java:15)
at com.qa.utilities.ScrollElement.<init>(ScrollElement.java:15)
at com.qa.utilities.ScrollElement.<init>(ScrollElement.java:15)
at com.qa.utilities.ScrollElement.<init>(ScrollElement.java:15)
at com.qa.utilities.ScrollElement.<init>(ScrollElement.java:15)
at com.qa.utilities.ScrollElement.<init>(ScrollElement.java:15)
at com.qa.utilities.ScrollElement.<init>(ScrollElement.java:15)
at com.qa.utilities.ScrollElement.<init>(ScrollElement.java:15)
at com.qa.utilities.ScrollElement.<init>(ScrollElement.java:15)
at com.qa.utilities.ScrollElement.<init>(ScrollElement.java:15)
at com.qa.utilities.ScrollElement.<init>(ScrollElement.java:15)
at com.qa.utilities.ScrollElement.<init>(ScrollElement.java:15)
at com.qa.utilities.ScrollElement.<init>(ScrollElement.java:15)
at com.qa.utilities.ScrollElement.<init>(ScrollElement.java:15)
at com.qa.utilities.ScrollElement.<init>(ScrollElement.java:15)
at com.qa.utilities.ScrollElement.<init>(ScrollElement.java:15)
at com.qa.utilities.ScrollElement.<init>(ScrollElement.java:15)
at com.qa.utilities.ScrollElement.<init>(ScrollElement.java:15)
at com.qa.utilities.ScrollElement.<init>(ScrollElement.java:15)
at com.qa.utilities.ScrollElement.<init>(ScrollElement.java:15)
at com.qa.utilities.ScrollElement.<init>(ScrollElement.java:15)
at com.qa.utilities.ScrollElement.<init>(ScrollElement.java:15)
at com.qa.utilities.ScrollElement.<init>(ScrollElement.java:15)
at com.qa.utilities.ScrollElement.<init>(ScrollElement.java:15)
at com.qa.utilities.ScrollElement.<init>(ScrollElement.java:15)
at com.qa.utilities.ScrollElement.<init>(ScrollElement.java:15)
at com.qa.utilities.ScrollElement.<init>(ScrollElement.java:15)
at com.qa.utilities.ScrollElement.<init>(ScrollElement.java:15)
at com.qa.utilities.ScrollElement.<init>(ScrollElement.java:15)
at com.qa.utilities.ScrollElement.<init>(ScrollElement.java:15)
at com.qa.utilities.ScrollElement.<init>(ScrollElement.java:15)
at com.qa.utilities.ScrollElement.<init>(ScrollElement.java:15)
at com.qa.utilities.ScrollElement.<init>(ScrollElement.java:15)
at com.qa.utilities.ScrollElement.<init>(ScrollElement.java:15)
at com.qa.utilities.ScrollElement.<init>(ScrollElement.java:15)
at com.qa.utilities.ScrollElement.<init>(ScrollElement.java:15)
at com.qa.utilities.ScrollElement.<init>(ScrollElement.java:15)
at com.qa.utilities.ScrollElement.<init>(ScrollElement.java:15)
at com.qa.utilities.ScrollElement.<init>(ScrollElement.java:15)
at com.qa.utilities.ScrollElement.<init>(ScrollElement.java:15)
at com.qa.utilities.ScrollElement.<init>(ScrollElement.java:15)
at com.qa.utilities.ScrollElement.<init>(ScrollElement.java:15)
at com.qa.utilities.ScrollElement.<init>(ScrollElement.java:15)
at com.qa.utilities.ScrollElement.<init>(ScrollElement.java:15)
at com.qa.utilities.ScrollElement.<init>(ScrollElement.java:15)
at com.qa.utilities.ScrollElement.<init>(ScrollElement.java:15)
at com.qa.utilities.ScrollElement.<init>(ScrollElement.java:15)
at com.qa.utilities.ScrollElement.<init>(ScrollElement.java:15)
at com.qa.utilities.ScrollElement.<init>(ScrollElement.java:15)
at com.qa.utilities.ScrollElement.<init>(ScrollElement.java:15)
at com.qa.utilities.ScrollElement.<init>(ScrollElement.java:15)
at com.qa.utilities.ScrollElement.<init>(ScrollElement.java:15)
at com.qa.utilities.ScrollElement.<init>(ScrollElement.java:15)
at com.qa.utilities.ScrollElement.<init>(ScrollElement.java:15)
at com.qa.utilities.ScrollElement.<init>(ScrollElement.java:15)
at com.qa.utilities.ScrollElement.<init>(ScrollElement.java:15)
at com.qa.utilities.ScrollElement.<init>(ScrollElement.java:15)
at com.qa.utilities.ScrollElement.<init>(ScrollElement.java:15)
at com.qa.utilities.ScrollElement.<init>(ScrollElement.java:15)
at com.qa.utilities.ScrollElement.<init>(ScrollElement.java:15)
at com.qa.utilities.ScrollElement.<init>(ScrollElement.java:15)
at com.qa.utilities.ScrollElement.<init>(ScrollElement.java:15)
at com.qa.utilities.ScrollElement.<init>(ScrollElement.java:15)
at com.qa.utilities.ScrollElement.<init>(ScrollElement.java:15)
at com.qa.utilities.ScrollElement.<init>(ScrollElement.java:15)
at com.qa.utilities.ScrollElement.<init>(ScrollElement.java:15)
at com.qa.utilities.ScrollElement.<init>(ScrollElement.java:15)
at com.qa.utilities.ScrollElement.<init>(ScrollElement.java:15)
at com.qa.utilities.ScrollElement.<init>(ScrollElement.java:15)
at com.qa.utilities.ScrollElement.<init>(ScrollElement.java:15)
at com.qa.utilities.ScrollElement.<init>(ScrollElement.java:15)
at com.qa.utilities.ScrollElement.<init>(ScrollElement.java:15)
at com.qa.utilities.ScrollElement.<init>(ScrollElement.java:15)
at com.qa.utilities.ScrollElement.<init>(ScrollElement.java:15)
at com.qa.utilities.ScrollElement.<init>(ScrollElement.java:15)
at com.qa.utilities.ScrollElement.<init>(ScrollElement.java:15)
at com.qa.utilities.ScrollElement.<init>(ScrollElement.java:15)
at com.qa.utilities.ScrollElement.<init>(ScrollElement.java:15)
at com.qa.utilities.ScrollElement.<init>(ScrollElement.java:15)
at com.qa.utilities.ScrollElement.<init>(ScrollElement.java:15)
at com.qa.utilities.ScrollElement.<init>(ScrollElement.java:15)
at com.qa.utilities.ScrollElement.<init>(ScrollElement.java:15)
at com.qa.utilities.ScrollElement.<init>(ScrollElement.java:15)
at com.qa.utilities.ScrollElement.<init>(ScrollElement.java:15)
at com.qa.utilities.ScrollElement.<init>(ScrollElement.java:15)
at com.qa.utilities.ScrollElement.<init>(ScrollElement.java:15)
at com.qa.utilities.ScrollElement.<init>(ScrollElement.java:15)
at com.qa.utilities.ScrollElement.<init>(ScrollElement.java:15)
at com.qa.utilities.ScrollElement.<init>(ScrollElement.java:15)
at com.qa.utilities.ScrollElement.<init>(ScrollElement.java:15)
at com.qa.utilities.ScrollElement.<init>(ScrollElement.java:15)
at com.qa.utilities.ScrollElement.<init>(ScrollElement.java:15)
at com.qa.utilities.ScrollElement.<init>(ScrollElement.java:15)
at com.qa.utilities.ScrollElement.<init>(ScrollElement.java:15)
at com.qa.utilities.ScrollElement.<init>(ScrollElement.java:15)
at com.qa.utilities.ScrollElement.<init>(ScrollElement.java:15)
at com.qa.utilities.ScrollElement.<init>(ScrollElement.java:15)
at com.qa.utilities.ScrollElement.<init>(ScrollElement.java:15)
at com.qa.utilities.ScrollElement.<init>(ScrollElement.java:15)
at com.qa.utilities.ScrollElement.<init>(ScrollElement.java:15)
at com.qa.utilities.ScrollElement.<init>(ScrollElement.java:15)
at com.qa.utilities.ScrollElement.<init>(ScrollElement.java:15)
at com.qa.utilities.ScrollElement.<init>(ScrollElement.java:15)
at com.qa.utilities.ScrollElement.<init>(ScrollElement.java:15)
at com.qa.utilities.ScrollElement.<init>(ScrollElement.java:15)
at com.qa.utilities.ScrollElement.<init>(ScrollElement.java:15)
at com.qa.utilities.ScrollElement.<init>(ScrollElement.java:15)
at com.qa.utilities.ScrollElement.<init>(ScrollElement.java:15)
at com.qa.utilities.ScrollElement.<init>(ScrollElement.java:15)
at com.qa.utilities.ScrollElement.<init>(ScrollElement.java:15)
at com.qa.utilities.ScrollElement.<init>(ScrollElement.java:15)
at com.qa.utilities.ScrollElement.<init>(ScrollElement.java:15)
at com.qa.utilities.ScrollElement.<init>(ScrollElement.java:15)
at com.qa.utilities.ScrollElement.<init>(ScrollElement.java:15)
at com.qa.utilities.ScrollElement.<init>(ScrollElement.java:15)
at com.qa.utilities.ScrollElement.<init>(ScrollElement.java:15)
at com.qa.utilities.ScrollElement.<init>(ScrollElement.java:15)
at com.qa.utilities.ScrollElement.<init>(ScrollElement.java:15)
at com.qa.utilities.ScrollElement.<init>(ScrollElement.java:15)
at com.qa.utilities.ScrollElement.<init>(ScrollElement.java:15)
at com.qa.utilities.ScrollElement.<init>(ScrollElement.java:15)
at com.qa.utilities.ScrollElement.<init>(ScrollElement.java:15)
at com.qa.utilities.ScrollElement.<init>(ScrollElement.java:15)
at com.qa.utilities.ScrollElement.<init>(ScrollElement.java:15)
at com.qa.utilities.ScrollElement.<init>(ScrollElement.java:15)
at com.qa.utilities.ScrollElement.<init>(ScrollElement.java:15)
at com.qa.utilities.ScrollElement.<init>(ScrollElement.java:15)
at com.qa.utilities.ScrollElement.<init>(ScrollElement.java:15)
at com.qa.utilities.ScrollElement.<init>(ScrollElement.java:15)
at com.qa.utilities.ScrollElement.<init>(ScrollElement.java:15)
at com.qa.utilities.ScrollElement.<init>(ScrollElement.java:15)
at com.qa.utilities.ScrollElement.<init>(ScrollElement.java:15)
at com.qa.utilities.ScrollElement.<init>(ScrollElement.java:15)
at com.qa.utilities.ScrollElement.<init>(ScrollElement.java:15)
at com.qa.utilities.ScrollElement.<init>(ScrollElement.java:15)
at com.qa.utilities.ScrollElement.<init>(ScrollElement.java:15)
at com.qa.utilities.ScrollElement.<init>(ScrollElement.java:15)
at com.qa.utilities.ScrollElement.<init>(ScrollElement.java:15)
at com.qa.utilities.ScrollElement.<init>(ScrollElement.java:15)
at com.qa.utilities.ScrollElement.<init>(ScrollElement.java:15)
at com.qa.utilities.ScrollElement.<init>(ScrollElement.java:15)
at com.qa.utilities.ScrollElement.<init>(ScrollElement.java:15)
at com.qa.utilities.ScrollElement.<init>(ScrollElement.java:15)
at com.qa.utilities.ScrollElement.<init>(ScrollElement.java:15)
at com.qa.utilities.ScrollElement.<init>(ScrollElement.java:15)
at com.qa.utilities.ScrollElement.<init>(ScrollElement.java:15)
at com.qa.utilities.ScrollElement.<init>(ScrollElement.java:15)
at com.qa.utilities.ScrollElement.<init>(ScrollElement.java:15)
at com.qa.utilities.ScrollElement.<init>(ScrollElement.java:15)
at com.qa.utilities.ScrollElement.<init>(ScrollElement.java:15)
at com.qa.utilities.ScrollElement.<init>(ScrollElement.java:15)
at com.qa.utilities.ScrollElement.<init>(ScrollElement.java:15)
at com.qa.utilities.ScrollElement.<init>(ScrollElement.java:15)
at com.qa.utilities.ScrollElement.<init>(ScrollElement.java:15)
at com.qa.utilities.ScrollElement.<init>(ScrollElement.java:15)
at com.qa.utilities.ScrollElement.<init>(ScrollElement.java:15)
at com.qa.utilities.ScrollElement.<init>(ScrollElement.java:15)
at com.qa.utilities.ScrollElement.<init>(ScrollElement.java:15)
at com.qa.utilities.ScrollElement.<init>(ScrollElement.java:15)
at com.qa.utilities.ScrollElement.<init>(ScrollElement.java:15)
at com.qa.utilities.ScrollElement.<init>(ScrollElement.java:15)
at com.qa.utilities.ScrollElement.<init>(ScrollElement.java:15)
at com.qa.utilities.ScrollElement.<init>(ScrollElement.java:15)
at com.qa.utilities.ScrollElement.<init>(ScrollElement.java:15)
at com.qa.utilities.ScrollElement.<init>(ScrollElement.java:15)
at com.qa.utilities.ScrollElement.<init>(ScrollElement.java:15)
at com.qa.utilities.ScrollElement.<init>(ScrollElement.java:15)
at com.qa.utilities.ScrollElement.<init>(ScrollElement.java:15)
at com.qa.utilities.ScrollElement.<init>(ScrollElement.java:15)
at com.qa.utilities.ScrollElement.<init>(ScrollElement.java:15)
at com.qa.utilities.ScrollElement.<init>(ScrollElement.java:15)
at com.qa.utilities.ScrollElement.<init>(ScrollElement.java:15)
at com.qa.utilities.ScrollElement.<init>(ScrollElement.java:15)
at com.qa.utilities.ScrollElement.<init>(ScrollElement.java:15)
at com.qa.utilities.ScrollElement.<init>(ScrollElement.java:15)
at com.qa.utilities.ScrollElement.<init>(ScrollElement.java:15)
at com.qa.utilities.ScrollElement.<init>(ScrollElement.java:15)
at com.qa.utilities.ScrollElement.<init>(ScrollElement.java:15)
at com.qa.utilities.ScrollElement.<init>(ScrollElement.java:15)
at com.qa.utilities.ScrollElement.<init>(ScrollElement.java:15)
at com.qa.utilities.ScrollElement.<init>(ScrollElement.java:15)
at com.qa.utilities.ScrollElement.<init>(ScrollElement.java:15)
at com.qa.utilities.ScrollElement.<init>(ScrollElement.java:15)
at com.qa.utilities.ScrollElement.<init>(ScrollElement.java:15)
at com.qa.utilities.ScrollElement.<init>(ScrollElement.java:15)
at com.qa.utilities.ScrollElement.<init>(ScrollElement.java:15)
at com.qa.utilities.ScrollElement.<init>(ScrollElement.java:15)
at com.qa.utilities.ScrollElement.<init>(ScrollElement.java:15)
at com.qa.utilities.ScrollElement.<init>(ScrollElement.java:15)
at com.qa.utilities.ScrollElement.<init>(ScrollElement.java:15)
at com.qa.utilities.ScrollElement.<init>(ScrollElement.java:15)
at com.qa.utilities.ScrollElement.<init>(ScrollElement.java:15)
at com.qa.utilities.ScrollElement.<init>(ScrollElement.java:15)
at com.qa.utilities.ScrollElement.<init>(ScrollElement.java:15)
at com.qa.utilities.ScrollElement.<init>(ScrollElement.java:15)
at com.qa.utilities.ScrollElement.<init>(ScrollElement.java:15)
at com.qa.utilities.ScrollElement.<init>(ScrollElement.java:15)
at com.qa.utilities.ScrollElement.<init>(ScrollElement.java:15)
at com.qa.utilities.ScrollElement.<init>(ScrollElement.java:15)
at com.qa.utilities.ScrollElement.<init>(ScrollElement.java:15)
at com.qa.utilities.ScrollElement.<init>(ScrollElement.java:15)
at com.qa.utilities.ScrollElement.<init>(ScrollElement.java:15)
at com.qa.utilities.ScrollElement.<init>(ScrollElement.java:15)
at com.qa.utilities.ScrollElement.<init>(ScrollElement.java:15)
at com.qa.utilities.ScrollElement.<init>(ScrollElement.java:15)
at com.qa.utilities.ScrollElement.<init>(ScrollElement.java:15)
at com.qa.utilities.ScrollElement.<init>(ScrollElement.java:15)
at com.qa.utilities.ScrollElement.<init>(ScrollElement.java:15)
at com.qa.utilities.ScrollElement.<init>(ScrollElement.java:15)
at com.qa.utilities.ScrollElement.<init>(ScrollElement.java:15)
at com.qa.utilities.ScrollElement.<init>(ScrollElement.java:15)
at com.qa.utilities.ScrollElement.<init>(ScrollElement.java:15)
at com.qa.utilities.ScrollElement.<init>(ScrollElement.java:15)
at com.qa.utilities.ScrollElement.<init>(ScrollElement.java:15)
at com.qa.utilities.ScrollElement.<init>(ScrollElement.java:15)
at com.qa.utilities.ScrollElement.<init>(ScrollElement.java:15)
at com.qa.utilities.ScrollElement.<init>(ScrollElement.java:15)
at com.qa.utilities.ScrollElement.<init>(ScrollElement.java:15)
at com.qa.utilities.ScrollElement.<init>(ScrollElement.java:15)
at com.qa.utilities.ScrollElement.<init>(ScrollElement.java:15)
at com.qa.utilities.ScrollElement.<init>(ScrollElement.java:15)
at com.qa.utilities.ScrollElement.<init>(ScrollElement.java:15)
at com.qa.utilities.ScrollElement.<init>(ScrollElement.java:15)
at com.qa.utilities.ScrollElement.<init>(ScrollElement.java:15)
at com.qa.utilities.ScrollElement.<init>(ScrollElement.java:15)
at com.qa.utilities.ScrollElement.<init>(ScrollElement.java:15)
at com.qa.utilities.ScrollElement.<init>(ScrollElement.java:15)
at com.qa.utilities.ScrollElement.<init>(ScrollElement.java:15)
at com.qa.utilities.ScrollElement.<init>(ScrollElement.java:15)
at com.qa.utilities.ScrollElement.<init>(ScrollElement.java:15)
at com.qa.utilities.ScrollElement.<init>(ScrollElement.java:15)
at com.qa.utilities.ScrollElement.<init>(ScrollElement.java:15)
at com.qa.utilities.ScrollElement.<init>(ScrollElement.java:15)
at com.qa.utilities.ScrollElement.<init>(ScrollElement.java:15)
at com.qa.utilities.ScrollElement.<init>(ScrollElement.java:15)
at com.qa.utilities.ScrollElement.<init>(ScrollElement.java:15)
at com.qa.utilities.ScrollElement.<init>(ScrollElement.java:15)
at com.qa.utilities.ScrollElement.<init>(ScrollElement.java:15)
at com.qa.utilities.ScrollElement.<init>(ScrollElement.java:15)
at com.qa.utilities.ScrollElement.<init>(ScrollElement.java:15)
at com.qa.utilities.ScrollElement.<init>(ScrollElement.java:15)
at com.qa.utilities.ScrollElement.<init>(ScrollElement.java:15)
at com.qa.utilities.ScrollElement.<init>(ScrollElement.java:15)
at com.qa.utilities.ScrollElement.<init>(ScrollElement.java:15)
at com.qa.utilities.ScrollElement.<init>(ScrollElement.java:15)
at com.qa.utilities.ScrollElement.<init>(ScrollElement.java:15)
at com.qa.utilities.ScrollElement.<init>(ScrollElement.java:15)
at com.qa.utilities.ScrollElement.<init>(ScrollElement.java:15)
at com.qa.utilities.ScrollElement.<init>(ScrollElement.java:15)
at com.qa.utilities.ScrollElement.<init>(ScrollElement.java:15)
at com.qa.utilities.ScrollElement.<init>(ScrollElement.java:15)
at com.qa.utilities.ScrollElement.<init>(ScrollElement.java:15)
at com.qa.utilities.ScrollElement.<init>(ScrollElement.java:15)
at com.qa.utilities.ScrollElement.<init>(ScrollElement.java:15)
at com.qa.utilities.ScrollElement.<init>(ScrollElement.java:15)
at com.qa.utilities.ScrollElement.<init>(ScrollElement.java:15)
at com.qa.utilities.ScrollElement.<init>(ScrollElement.java:15)
at com.qa.utilities.ScrollElement.<init>(ScrollElement.java:15)
at com.qa.utilities.ScrollElement.<init>(ScrollElement.java:15)
at com.qa.utilities.ScrollElement.<init>(ScrollElement.java:15)
at com.qa.utilities.ScrollElement.<init>(ScrollElement.java:15)
at com.qa.utilities.ScrollElement.<init>(ScrollElement.java:15)
at com.qa.utilities.ScrollElement.<init>(ScrollElement.java:15)
at com.qa.utilities.ScrollElement.<init>(ScrollElement.java:15)
at com.qa.utilities.ScrollElement.<init>(ScrollElement.java:15)
at com.qa.utilities.ScrollElement.<init>(ScrollElement.java:15)
at com.qa.utilities.ScrollElement.<init>(ScrollElement.java:15)
at com.qa.utilities.ScrollElement.<init>(ScrollElement.java:15)
at com.qa.utilities.ScrollElement.<init>(ScrollElement.java:15)
at com.qa.utilities.ScrollElement.<init>(ScrollElement.java:15)
at com.qa.utilities.ScrollElement.<init>(ScrollElement.java:15)
at com.qa.utilities.ScrollElement.<init>(ScrollElement.java:15)
at com.qa.utilities.ScrollElement.<init>(ScrollElement.java:15)
at com.qa.utilities.ScrollElement.<init>(ScrollElement.java:15)
at com.qa.utilities.ScrollElement.<init>(ScrollElement.java:15)
at com.qa.utilities.ScrollElement.<init>(ScrollElement.java:15)
at com.qa.utilities.ScrollElement.<init>(ScrollElement.java:15)
at com.qa.utilities.ScrollElement.<init>(ScrollElement.java:15)
at com.qa.utilities.ScrollElement.<init>(ScrollElement.java:15)
at com.qa.utilities.ScrollElement.<init>(ScrollElement.java:15)
at com.qa.utilities.ScrollElement.<init>(ScrollElement.java:15)
at com.qa.utilities.ScrollElement.<init>(ScrollElement.java:15)
at com.qa.utilities.ScrollElement.<init>(ScrollElement.java:15)
at com.qa.utilities.ScrollElement.<init>(ScrollElement.java:15)
at com.qa.utilities.ScrollElement.<init>(ScrollElement.java:15)
at com.qa.utilities.ScrollElement.<init>(ScrollElement.java:15)
at com.qa.utilities.ScrollElement.<init>(ScrollElement.java:15)
at com.qa.utilities.ScrollElement.<init>(ScrollElement.java:15)
at com.qa.utilities.ScrollElement.<init>(ScrollElement.java:15)
at com.qa.utilities.ScrollElement.<init>(ScrollElement.java:15)
at com.qa.utilities.ScrollElement.<init>(ScrollElement.java:15)
at com.qa.utilities.ScrollElement.<init>(ScrollElement.java:15)
at com.qa.utilities.ScrollElement.<init>(ScrollElement.java:15)
at com.qa.utilities.ScrollElement.<init>(ScrollElement.java:15)
at com.qa.utilities.ScrollElement.<init>(ScrollElement.java:15)
at com.qa.utilities.ScrollElement.<init>(ScrollElement.java:15)
at com.qa.utilities.ScrollElement.<init>(ScrollElement.java:15)
at com.qa.utilities.ScrollElement.<init>(ScrollElement.java:15)
at com.qa.utilities.ScrollElement.<init>(ScrollElement.java:15)
at com.qa.utilities.ScrollElement.<init>(ScrollElement.java:15)
at com.qa.utilities.ScrollElement.<init>(ScrollElement.java:15)
at com.qa.utilities.ScrollElement.<init>(ScrollElement.java:15)
at com.qa.utilities.ScrollElement.<init>(ScrollElement.java:15)
at com.qa.utilities.ScrollElement.<init>(ScrollElement.java:15)
at com.qa.utilities.ScrollElement.<init>(ScrollElement.java:15)
at com.qa.utilities.ScrollElement.<init>(ScrollElement.java:15)
at com.qa.utilities.ScrollElement.<init>(ScrollElement.java:15)
at com.qa.utilities.ScrollElement.<init>(ScrollElement.java:15)
at com.qa.utilities.ScrollElement.<init>(ScrollElement.java:15)
at com.qa.utilities.ScrollElement.<init>(ScrollElement.java:15)
at com.qa.utilities.ScrollElement.<init>(ScrollElement.java:15)
at com.qa.utilities.ScrollElement.<init>(ScrollElement.java:15)
at com.qa.utilities.ScrollElement.<init>(ScrollElement.java:15)
at com.qa.utilities.ScrollElement.<init>(ScrollElement.java:15)
at com.qa.utilities.ScrollElement.<init>(ScrollElement.java:15)
at com.qa.utilities.ScrollElement.<init>(ScrollElement.java:15)
at com.qa.utilities.ScrollElement.<init>(ScrollElement.java:15)
at com.qa.utilities.ScrollElement.<init>(ScrollElement.java:15)
at com.qa.utilities.ScrollElement.<init>(ScrollElement.java:15)
at com.qa.utilities.ScrollElement.<init>(ScrollElement.java:15)
at com.qa.utilities.ScrollElement.<init>(ScrollElement.java:15)
at com.qa.utilities.ScrollElement.<init>(ScrollElement.java:15)
at com.qa.utilities.ScrollElement.<init>(ScrollElement.java:15)
at com.qa.utilities.ScrollElement.<init>(ScrollElement.java:15)
at com.qa.utilities.ScrollElement.<init>(ScrollElement.java:15)
at com.qa.utilities.ScrollElement.<init>(ScrollElement.java:15)
at com.qa.utilities.ScrollElement.<init>(ScrollElement.java:15)
at com.qa.utilities.ScrollElement.<init>(ScrollElement.java:15)
at com.qa.utilities.ScrollElement.<init>(ScrollElement.java:15)
at com.qa.utilities.ScrollElement.<init>(ScrollElement.java:15)
at com.qa.utilities.ScrollElement.<init>(ScrollElement.java:15)
at com.qa.utilities.ScrollElement.<init>(ScrollElement.java:15)
at com.qa.utilities.ScrollElement.<init>(ScrollElement.java:15)
at com.qa.utilities.ScrollElement.<init>(ScrollElement.java:15)
at com.qa.utilities.ScrollElement.<init>(ScrollElement.java:15)
at com.qa.utilities.ScrollElement.<init>(ScrollElement.java:15)
at com.qa.utilities.ScrollElement.<init>(ScrollElement.java:15)
at com.qa.utilities.ScrollElement.<init>(ScrollElement.java:15)
at com.qa.utilities.ScrollElement.<init>(ScrollElement.java:15)
at com.qa.utilities.ScrollElement.<init>(ScrollElement.java:15)
]]>
    </error>
  </testcase> <!-- scrollToElement -->
  <testcase name="seekBarMove" time="4.041" classname="com.qa.pages.TestApiPage"/>
  <testcase name="hortizonalSwipe" time="0.003" classname="com.qa.pages.TestApiPage">
    <error type="java.lang.StackOverflowError">
      <![CDATA[java.lang.StackOverflowError
at com.qa.utilities.ScrollElement.<init>(ScrollElement.java:15)
at com.qa.utilities.ScrollElement.<init>(ScrollElement.java:15)
at com.qa.utilities.ScrollElement.<init>(ScrollElement.java:15)
at com.qa.utilities.ScrollElement.<init>(ScrollElement.java:15)
at com.qa.utilities.ScrollElement.<init>(ScrollElement.java:15)
at com.qa.utilities.ScrollElement.<init>(ScrollElement.java:15)
at com.qa.utilities.ScrollElement.<init>(ScrollElement.java:15)
at com.qa.utilities.ScrollElement.<init>(ScrollElement.java:15)
at com.qa.utilities.ScrollElement.<init>(ScrollElement.java:15)
at com.qa.utilities.ScrollElement.<init>(ScrollElement.java:15)
at com.qa.utilities.ScrollElement.<init>(ScrollElement.java:15)
at com.qa.utilities.ScrollElement.<init>(ScrollElement.java:15)
at com.qa.utilities.ScrollElement.<init>(ScrollElement.java:15)
at com.qa.utilities.ScrollElement.<init>(ScrollElement.java:15)
at com.qa.utilities.ScrollElement.<init>(ScrollElement.java:15)
at com.qa.utilities.ScrollElement.<init>(ScrollElement.java:15)
at com.qa.utilities.ScrollElement.<init>(ScrollElement.java:15)
at com.qa.utilities.ScrollElement.<init>(ScrollElement.java:15)
at com.qa.utilities.ScrollElement.<init>(ScrollElement.java:15)
at com.qa.utilities.ScrollElement.<init>(ScrollElement.java:15)
at com.qa.utilities.ScrollElement.<init>(ScrollElement.java:15)
at com.qa.utilities.ScrollElement.<init>(ScrollElement.java:15)
at com.qa.utilities.ScrollElement.<init>(ScrollElement.java:15)
at com.qa.utilities.ScrollElement.<init>(ScrollElement.java:15)
at com.qa.utilities.ScrollElement.<init>(ScrollElement.java:15)
at com.qa.utilities.ScrollElement.<init>(ScrollElement.java:15)
at com.qa.utilities.ScrollElement.<init>(ScrollElement.java:15)
at com.qa.utilities.ScrollElement.<init>(ScrollElement.java:15)
at com.qa.utilities.ScrollElement.<init>(ScrollElement.java:15)
at com.qa.utilities.ScrollElement.<init>(ScrollElement.java:15)
at com.qa.utilities.ScrollElement.<init>(ScrollElement.java:15)
at com.qa.utilities.ScrollElement.<init>(ScrollElement.java:15)
at com.qa.utilities.ScrollElement.<init>(ScrollElement.java:15)
at com.qa.utilities.ScrollElement.<init>(ScrollElement.java:15)
at com.qa.utilities.ScrollElement.<init>(ScrollElement.java:15)
at com.qa.utilities.ScrollElement.<init>(ScrollElement.java:15)
at com.qa.utilities.ScrollElement.<init>(ScrollElement.java:15)
at com.qa.utilities.ScrollElement.<init>(ScrollElement.java:15)
at com.qa.utilities.ScrollElement.<init>(ScrollElement.java:15)
at com.qa.utilities.ScrollElement.<init>(ScrollElement.java:15)
at com.qa.utilities.ScrollElement.<init>(ScrollElement.java:15)
at com.qa.utilities.ScrollElement.<init>(ScrollElement.java:15)
at com.qa.utilities.ScrollElement.<init>(ScrollElement.java:15)
at com.qa.utilities.ScrollElement.<init>(ScrollElement.java:15)
at com.qa.utilities.ScrollElement.<init>(ScrollElement.java:15)
at com.qa.utilities.ScrollElement.<init>(ScrollElement.java:15)
at com.qa.utilities.ScrollElement.<init>(ScrollElement.java:15)
at com.qa.utilities.ScrollElement.<init>(ScrollElement.java:15)
at com.qa.utilities.ScrollElement.<init>(ScrollElement.java:15)
at com.qa.utilities.ScrollElement.<init>(ScrollElement.java:15)
at com.qa.utilities.ScrollElement.<init>(ScrollElement.java:15)
at com.qa.utilities.ScrollElement.<init>(ScrollElement.java:15)
at com.qa.utilities.ScrollElement.<init>(ScrollElement.java:15)
at com.qa.utilities.ScrollElement.<init>(ScrollElement.java:15)
at com.qa.utilities.ScrollElement.<init>(ScrollElement.java:15)
at com.qa.utilities.ScrollElement.<init>(ScrollElement.java:15)
at com.qa.utilities.ScrollElement.<init>(ScrollElement.java:15)
at com.qa.utilities.ScrollElement.<init>(ScrollElement.java:15)
at com.qa.utilities.ScrollElement.<init>(ScrollElement.java:15)
at com.qa.utilities.ScrollElement.<init>(ScrollElement.java:15)
at com.qa.utilities.ScrollElement.<init>(ScrollElement.java:15)
at com.qa.utilities.ScrollElement.<init>(ScrollElement.java:15)
at com.qa.utilities.ScrollElement.<init>(ScrollElement.java:15)
at com.qa.utilities.ScrollElement.<init>(ScrollElement.java:15)
at com.qa.utilities.ScrollElement.<init>(ScrollElement.java:15)
at com.qa.utilities.ScrollElement.<init>(ScrollElement.java:15)
at com.qa.utilities.ScrollElement.<init>(ScrollElement.java:15)
at com.qa.utilities.ScrollElement.<init>(ScrollElement.java:15)
at com.qa.utilities.ScrollElement.<init>(ScrollElement.java:15)
at com.qa.utilities.ScrollElement.<init>(ScrollElement.java:15)
at com.qa.utilities.ScrollElement.<init>(ScrollElement.java:15)
at com.qa.utilities.ScrollElement.<init>(ScrollElement.java:15)
at com.qa.utilities.ScrollElement.<init>(ScrollElement.java:15)
at com.qa.utilities.ScrollElement.<init>(ScrollElement.java:15)
at com.qa.utilities.ScrollElement.<init>(ScrollElement.java:15)
at com.qa.utilities.ScrollElement.<init>(ScrollElement.java:15)
at com.qa.utilities.ScrollElement.<init>(ScrollElement.java:15)
at com.qa.utilities.ScrollElement.<init>(ScrollElement.java:15)
at com.qa.utilities.ScrollElement.<init>(ScrollElement.java:15)
at com.qa.utilities.ScrollElement.<init>(ScrollElement.java:15)
at com.qa.utilities.ScrollElement.<init>(ScrollElement.java:15)
at com.qa.utilities.ScrollElement.<init>(ScrollElement.java:15)
at com.qa.utilities.ScrollElement.<init>(ScrollElement.java:15)
at com.qa.utilities.ScrollElement.<init>(ScrollElement.java:15)
at com.qa.utilities.ScrollElement.<init>(ScrollElement.java:15)
at com.qa.utilities.ScrollElement.<init>(ScrollElement.java:15)
at com.qa.utilities.ScrollElement.<init>(ScrollElement.java:15)
at com.qa.utilities.ScrollElement.<init>(ScrollElement.java:15)
at com.qa.utilities.ScrollElement.<init>(ScrollElement.java:15)
at com.qa.utilities.ScrollElement.<init>(ScrollElement.java:15)
at com.qa.utilities.ScrollElement.<init>(ScrollElement.java:15)
at com.qa.utilities.ScrollElement.<init>(ScrollElement.java:15)
at com.qa.utilities.ScrollElement.<init>(ScrollElement.java:15)
at com.qa.utilities.ScrollElement.<init>(ScrollElement.java:15)
at com.qa.utilities.ScrollElement.<init>(ScrollElement.java:15)
at com.qa.utilities.ScrollElement.<init>(ScrollElement.java:15)
at com.qa.utilities.ScrollElement.<init>(ScrollElement.java:15)
at com.qa.utilities.ScrollElement.<init>(ScrollElement.java:15)
at com.qa.utilities.ScrollElement.<init>(ScrollElement.java:15)
at com.qa.utilities.ScrollElement.<init>(ScrollElement.java:15)
at com.qa.utilities.ScrollElement.<init>(ScrollElement.java:15)
at com.qa.utilities.ScrollElement.<init>(ScrollElement.java:15)
at com.qa.utilities.ScrollElement.<init>(ScrollElement.java:15)
at com.qa.utilities.ScrollElement.<init>(ScrollElement.java:15)
at com.qa.utilities.ScrollElement.<init>(ScrollElement.java:15)
at com.qa.utilities.ScrollElement.<init>(ScrollElement.java:15)
at com.qa.utilities.ScrollElement.<init>(ScrollElement.java:15)
at com.qa.utilities.ScrollElement.<init>(ScrollElement.java:15)
at com.qa.utilities.ScrollElement.<init>(ScrollElement.java:15)
at com.qa.utilities.ScrollElement.<init>(ScrollElement.java:15)
at com.qa.utilities.ScrollElement.<init>(ScrollElement.java:15)
at com.qa.utilities.ScrollElement.<init>(ScrollElement.java:15)
at com.qa.utilities.ScrollElement.<init>(ScrollElement.java:15)
at com.qa.utilities.ScrollElement.<init>(ScrollElement.java:15)
at com.qa.utilities.ScrollElement.<init>(ScrollElement.java:15)
at com.qa.utilities.ScrollElement.<init>(ScrollElement.java:15)
at com.qa.utilities.ScrollElement.<init>(ScrollElement.java:15)
at com.qa.utilities.ScrollElement.<init>(ScrollElement.java:15)
at com.qa.utilities.ScrollElement.<init>(ScrollElement.java:15)
at com.qa.utilities.ScrollElement.<init>(ScrollElement.java:15)
at com.qa.utilities.ScrollElement.<init>(ScrollElement.java:15)
at com.qa.utilities.ScrollElement.<init>(ScrollElement.java:15)
at com.qa.utilities.ScrollElement.<init>(ScrollElement.java:15)
at com.qa.utilities.ScrollElement.<init>(ScrollElement.java:15)
at com.qa.utilities.ScrollElement.<init>(ScrollElement.java:15)
at com.qa.utilities.ScrollElement.<init>(ScrollElement.java:15)
at com.qa.utilities.ScrollElement.<init>(ScrollElement.java:15)
at com.qa.utilities.ScrollElement.<init>(ScrollElement.java:15)
at com.qa.utilities.ScrollElement.<init>(ScrollElement.java:15)
at com.qa.utilities.ScrollElement.<init>(ScrollElement.java:15)
at com.qa.utilities.ScrollElement.<init>(ScrollElement.java:15)
at com.qa.utilities.ScrollElement.<init>(ScrollElement.java:15)
at com.qa.utilities.ScrollElement.<init>(ScrollElement.java:15)
at com.qa.utilities.ScrollElement.<init>(ScrollElement.java:15)
at com.qa.utilities.ScrollElement.<init>(ScrollElement.java:15)
at com.qa.utilities.ScrollElement.<init>(ScrollElement.java:15)
at com.qa.utilities.ScrollElement.<init>(ScrollElement.java:15)
at com.qa.utilities.ScrollElement.<init>(ScrollElement.java:15)
at com.qa.utilities.ScrollElement.<init>(ScrollElement.java:15)
at com.qa.utilities.ScrollElement.<init>(ScrollElement.java:15)
at com.qa.utilities.ScrollElement.<init>(ScrollElement.java:15)
at com.qa.utilities.ScrollElement.<init>(ScrollElement.java:15)
at com.qa.utilities.ScrollElement.<init>(ScrollElement.java:15)
at com.qa.utilities.ScrollElement.<init>(ScrollElement.java:15)
at com.qa.utilities.ScrollElement.<init>(ScrollElement.java:15)
at com.qa.utilities.ScrollElement.<init>(ScrollElement.java:15)
at com.qa.utilities.ScrollElement.<init>(ScrollElement.java:15)
at com.qa.utilities.ScrollElement.<init>(ScrollElement.java:15)
at com.qa.utilities.ScrollElement.<init>(ScrollElement.java:15)
at com.qa.utilities.ScrollElement.<init>(ScrollElement.java:15)
at com.qa.utilities.ScrollElement.<init>(ScrollElement.java:15)
at com.qa.utilities.ScrollElement.<init>(ScrollElement.java:15)
at com.qa.utilities.ScrollElement.<init>(ScrollElement.java:15)
at com.qa.utilities.ScrollElement.<init>(ScrollElement.java:15)
at com.qa.utilities.ScrollElement.<init>(ScrollElement.java:15)
at com.qa.utilities.ScrollElement.<init>(ScrollElement.java:15)
at com.qa.utilities.ScrollElement.<init>(ScrollElement.java:15)
at com.qa.utilities.ScrollElement.<init>(ScrollElement.java:15)
at com.qa.utilities.ScrollElement.<init>(ScrollElement.java:15)
at com.qa.utilities.ScrollElement.<init>(ScrollElement.java:15)
at com.qa.utilities.ScrollElement.<init>(ScrollElement.java:15)
at com.qa.utilities.ScrollElement.<init>(ScrollElement.java:15)
at com.qa.utilities.ScrollElement.<init>(ScrollElement.java:15)
at com.qa.utilities.ScrollElement.<init>(ScrollElement.java:15)
at com.qa.utilities.ScrollElement.<init>(ScrollElement.java:15)
at com.qa.utilities.ScrollElement.<init>(ScrollElement.java:15)
at com.qa.utilities.ScrollElement.<init>(ScrollElement.java:15)
at com.qa.utilities.ScrollElement.<init>(ScrollElement.java:15)
at com.qa.utilities.ScrollElement.<init>(ScrollElement.java:15)
at com.qa.utilities.ScrollElement.<init>(ScrollElement.java:15)
at com.qa.utilities.ScrollElement.<init>(ScrollElement.java:15)
at com.qa.utilities.ScrollElement.<init>(ScrollElement.java:15)
at com.qa.utilities.ScrollElement.<init>(ScrollElement.java:15)
at com.qa.utilities.ScrollElement.<init>(ScrollElement.java:15)
at com.qa.utilities.ScrollElement.<init>(ScrollElement.java:15)
at com.qa.utilities.ScrollElement.<init>(ScrollElement.java:15)
at com.qa.utilities.ScrollElement.<init>(ScrollElement.java:15)
at com.qa.utilities.ScrollElement.<init>(ScrollElement.java:15)
at com.qa.utilities.ScrollElement.<init>(ScrollElement.java:15)
at com.qa.utilities.ScrollElement.<init>(ScrollElement.java:15)
at com.qa.utilities.ScrollElement.<init>(ScrollElement.java:15)
at com.qa.utilities.ScrollElement.<init>(ScrollElement.java:15)
at com.qa.utilities.ScrollElement.<init>(ScrollElement.java:15)
at com.qa.utilities.ScrollElement.<init>(ScrollElement.java:15)
at com.qa.utilities.ScrollElement.<init>(ScrollElement.java:15)
at com.qa.utilities.ScrollElement.<init>(ScrollElement.java:15)
at com.qa.utilities.ScrollElement.<init>(ScrollElement.java:15)
at com.qa.utilities.ScrollElement.<init>(ScrollElement.java:15)
at com.qa.utilities.ScrollElement.<init>(ScrollElement.java:15)
at com.qa.utilities.ScrollElement.<init>(ScrollElement.java:15)
at com.qa.utilities.ScrollElement.<init>(ScrollElement.java:15)
at com.qa.utilities.ScrollElement.<init>(ScrollElement.java:15)
at com.qa.utilities.ScrollElement.<init>(ScrollElement.java:15)
at com.qa.utilities.ScrollElement.<init>(ScrollElement.java:15)
at com.qa.utilities.ScrollElement.<init>(ScrollElement.java:15)
at com.qa.utilities.ScrollElement.<init>(ScrollElement.java:15)
at com.qa.utilities.ScrollElement.<init>(ScrollElement.java:15)
at com.qa.utilities.ScrollElement.<init>(ScrollElement.java:15)
at com.qa.utilities.ScrollElement.<init>(ScrollElement.java:15)
at com.qa.utilities.ScrollElement.<init>(ScrollElement.java:15)
at com.qa.utilities.ScrollElement.<init>(ScrollElement.java:15)
at com.qa.utilities.ScrollElement.<init>(ScrollElement.java:15)
at com.qa.utilities.ScrollElement.<init>(ScrollElement.java:15)
at com.qa.utilities.ScrollElement.<init>(ScrollElement.java:15)
at com.qa.utilities.ScrollElement.<init>(ScrollElement.java:15)
at com.qa.utilities.ScrollElement.<init>(ScrollElement.java:15)
at com.qa.utilities.ScrollElement.<init>(ScrollElement.java:15)
at com.qa.utilities.ScrollElement.<init>(ScrollElement.java:15)
at com.qa.utilities.ScrollElement.<init>(ScrollElement.java:15)
at com.qa.utilities.ScrollElement.<init>(ScrollElement.java:15)
at com.qa.utilities.ScrollElement.<init>(ScrollElement.java:15)
at com.qa.utilities.ScrollElement.<init>(ScrollElement.java:15)
[...]
at com.qa.utilities.ScrollElement.<init>(ScrollElement.java:15)
at com.qa.utilities.ScrollElement.<init>(ScrollElement.java:15)
at com.qa.utilities.ScrollElement.<init>(ScrollElement.java:15)
at com.qa.utilities.ScrollElement.<init>(ScrollElement.java:15)
at com.qa.utilities.ScrollElement.<init>(ScrollElement.java:15)
at com.qa.utilities.ScrollElement.<init>(ScrollElement.java:15)
at com.qa.utilities.ScrollElement.<init>(ScrollElement.java:15)
at com.qa.utilities.ScrollElement.<init>(ScrollElement.java:15)
at com.qa.utilities.ScrollElement.<init>(ScrollElement.java:15)
at com.qa.utilities.ScrollElement.<init>(ScrollElement.java:15)
at com.qa.utilities.ScrollElement.<init>(ScrollElement.java:15)
at com.qa.utilities.ScrollElement.<init>(ScrollElement.java:15)
at com.qa.utilities.ScrollElement.<init>(ScrollElement.java:15)
at com.qa.utilities.ScrollElement.<init>(ScrollElement.java:15)
at com.qa.utilities.ScrollElement.<init>(ScrollElement.java:15)
at com.qa.utilities.ScrollElement.<init>(ScrollElement.java:15)
at com.qa.utilities.ScrollElement.<init>(ScrollElement.java:15)
at com.qa.utilities.ScrollElement.<init>(ScrollElement.java:15)
at com.qa.utilities.ScrollElement.<init>(ScrollElement.java:15)
at com.qa.utilities.ScrollElement.<init>(ScrollElement.java:15)
at com.qa.utilities.ScrollElement.<init>(ScrollElement.java:15)
at com.qa.utilities.ScrollElement.<init>(ScrollElement.java:15)
at com.qa.utilities.ScrollElement.<init>(ScrollElement.java:15)
at com.qa.utilities.ScrollElement.<init>(ScrollElement.java:15)
at com.qa.utilities.ScrollElement.<init>(ScrollElement.java:15)
at com.qa.utilities.ScrollElement.<init>(ScrollElement.java:15)
at com.qa.utilities.ScrollElement.<init>(ScrollElement.java:15)
at com.qa.utilities.ScrollElement.<init>(ScrollElement.java:15)
at com.qa.utilities.ScrollElement.<init>(ScrollElement.java:15)
at com.qa.utilities.ScrollElement.<init>(ScrollElement.java:15)
at com.qa.utilities.ScrollElement.<init>(ScrollElement.java:15)
at com.qa.utilities.ScrollElement.<init>(ScrollElement.java:15)
at com.qa.utilities.ScrollElement.<init>(ScrollElement.java:15)
at com.qa.utilities.ScrollElement.<init>(ScrollElement.java:15)
at com.qa.utilities.ScrollElement.<init>(ScrollElement.java:15)
at com.qa.utilities.ScrollElement.<init>(ScrollElement.java:15)
at com.qa.utilities.ScrollElement.<init>(ScrollElement.java:15)
at com.qa.utilities.ScrollElement.<init>(ScrollElement.java:15)
at com.qa.utilities.ScrollElement.<init>(ScrollElement.java:15)
at com.qa.utilities.ScrollElement.<init>(ScrollElement.java:15)
at com.qa.utilities.ScrollElement.<init>(ScrollElement.java:15)
at com.qa.utilities.ScrollElement.<init>(ScrollElement.java:15)
at com.qa.utilities.ScrollElement.<init>(ScrollElement.java:15)
at com.qa.utilities.ScrollElement.<init>(ScrollElement.java:15)
at com.qa.utilities.ScrollElement.<init>(ScrollElement.java:15)
at com.qa.utilities.ScrollElement.<init>(ScrollElement.java:15)
at com.qa.utilities.ScrollElement.<init>(ScrollElement.java:15)
at com.qa.utilities.ScrollElement.<init>(ScrollElement.java:15)
at com.qa.utilities.ScrollElement.<init>(ScrollElement.java:15)
at com.qa.utilities.ScrollElement.<init>(ScrollElement.java:15)
at com.qa.utilities.ScrollElement.<init>(ScrollElement.java:15)
at com.qa.utilities.ScrollElement.<init>(ScrollElement.java:15)
at com.qa.utilities.ScrollElement.<init>(ScrollElement.java:15)
at com.qa.utilities.ScrollElement.<init>(ScrollElement.java:15)
at com.qa.utilities.ScrollElement.<init>(ScrollElement.java:15)
at com.qa.utilities.ScrollElement.<init>(ScrollElement.java:15)
at com.qa.utilities.ScrollElement.<init>(ScrollElement.java:15)
at com.qa.utilities.ScrollElement.<init>(ScrollElement.java:15)
at com.qa.utilities.ScrollElement.<init>(ScrollElement.java:15)
at com.qa.utilities.ScrollElement.<init>(ScrollElement.java:15)
at com.qa.utilities.ScrollElement.<init>(ScrollElement.java:15)
at com.qa.utilities.ScrollElement.<init>(ScrollElement.java:15)
at com.qa.utilities.ScrollElement.<init>(ScrollElement.java:15)
at com.qa.utilities.ScrollElement.<init>(ScrollElement.java:15)
at com.qa.utilities.ScrollElement.<init>(ScrollElement.java:15)
at com.qa.utilities.ScrollElement.<init>(ScrollElement.java:15)
at com.qa.utilities.ScrollElement.<init>(ScrollElement.java:15)
at com.qa.utilities.ScrollElement.<init>(ScrollElement.java:15)
at com.qa.utilities.ScrollElement.<init>(ScrollElement.java:15)
at com.qa.utilities.ScrollElement.<init>(ScrollElement.java:15)
at com.qa.utilities.ScrollElement.<init>(ScrollElement.java:15)
at com.qa.utilities.ScrollElement.<init>(ScrollElement.java:15)
at com.qa.utilities.ScrollElement.<init>(ScrollElement.java:15)
at com.qa.utilities.ScrollElement.<init>(ScrollElement.java:15)
at com.qa.utilities.ScrollElement.<init>(ScrollElement.java:15)
at com.qa.utilities.ScrollElement.<init>(ScrollElement.java:15)
at com.qa.utilities.ScrollElement.<init>(ScrollElement.java:15)
at com.qa.utilities.ScrollElement.<init>(ScrollElement.java:15)
at com.qa.utilities.ScrollElement.<init>(ScrollElement.java:15)
at com.qa.utilities.ScrollElement.<init>(ScrollElement.java:15)
at com.qa.utilities.ScrollElement.<init>(ScrollElement.java:15)
at com.qa.utilities.ScrollElement.<init>(ScrollElement.java:15)
at com.qa.utilities.ScrollElement.<init>(ScrollElement.java:15)
at com.qa.utilities.ScrollElement.<init>(ScrollElement.java:15)
at com.qa.utilities.ScrollElement.<init>(ScrollElement.java:15)
at com.qa.utilities.ScrollElement.<init>(ScrollElement.java:15)
at com.qa.utilities.ScrollElement.<init>(ScrollElement.java:15)
at com.qa.utilities.ScrollElement.<init>(ScrollElement.java:15)
at com.qa.utilities.ScrollElement.<init>(ScrollElement.java:15)
at com.qa.utilities.ScrollElement.<init>(ScrollElement.java:15)
at com.qa.utilities.ScrollElement.<init>(ScrollElement.java:15)
at com.qa.utilities.ScrollElement.<init>(ScrollElement.java:15)
at com.qa.utilities.ScrollElement.<init>(ScrollElement.java:15)
at com.qa.utilities.ScrollElement.<init>(ScrollElement.java:15)
at com.qa.utilities.ScrollElement.<init>(ScrollElement.java:15)
at com.qa.utilities.ScrollElement.<init>(ScrollElement.java:15)
at com.qa.utilities.ScrollElement.<init>(ScrollElement.java:15)
at com.qa.utilities.ScrollElement.<init>(ScrollElement.java:15)
at com.qa.utilities.ScrollElement.<init>(ScrollElement.java:15)
at com.qa.utilities.ScrollElement.<init>(ScrollElement.java:15)
at com.qa.utilities.ScrollElement.<init>(ScrollElement.java:15)
at com.qa.utilities.ScrollElement.<init>(ScrollElement.java:15)
at com.qa.utilities.ScrollElement.<init>(ScrollElement.java:15)
at com.qa.utilities.ScrollElement.<init>(ScrollElement.java:15)
at com.qa.utilities.ScrollElement.<init>(ScrollElement.java:15)
at com.qa.utilities.ScrollElement.<init>(ScrollElement.java:15)
at com.qa.utilities.ScrollElement.<init>(ScrollElement.java:15)
at com.qa.utilities.ScrollElement.<init>(ScrollElement.java:15)
at com.qa.utilities.ScrollElement.<init>(ScrollElement.java:15)
at com.qa.utilities.ScrollElement.<init>(ScrollElement.java:15)
at com.qa.utilities.ScrollElement.<init>(ScrollElement.java:15)
at com.qa.utilities.ScrollElement.<init>(ScrollElement.java:15)
at com.qa.utilities.ScrollElement.<init>(ScrollElement.java:15)
at com.qa.utilities.ScrollElement.<init>(ScrollElement.java:15)
at com.qa.utilities.ScrollElement.<init>(ScrollElement.java:15)
at com.qa.utilities.ScrollElement.<init>(ScrollElement.java:15)
at com.qa.utilities.ScrollElement.<init>(ScrollElement.java:15)
at com.qa.utilities.ScrollElement.<init>(ScrollElement.java:15)
at com.qa.utilities.ScrollElement.<init>(ScrollElement.java:15)
at com.qa.utilities.ScrollElement.<init>(ScrollElement.java:15)
at com.qa.utilities.ScrollElement.<init>(ScrollElement.java:15)
at com.qa.utilities.ScrollElement.<init>(ScrollElement.java:15)
at com.qa.utilities.ScrollElement.<init>(ScrollElement.java:15)
at com.qa.utilities.ScrollElement.<init>(ScrollElement.java:15)
at com.qa.utilities.ScrollElement.<init>(ScrollElement.java:15)
at com.qa.utilities.ScrollElement.<init>(ScrollElement.java:15)
at com.qa.utilities.ScrollElement.<init>(ScrollElement.java:15)
at com.qa.utilities.ScrollElement.<init>(ScrollElement.java:15)
at com.qa.utilities.ScrollElement.<init>(ScrollElement.java:15)
at com.qa.utilities.ScrollElement.<init>(ScrollElement.java:15)
at com.qa.utilities.ScrollElement.<init>(ScrollElement.java:15)
at com.qa.utilities.ScrollElement.<init>(ScrollElement.java:15)
at com.qa.utilities.ScrollElement.<init>(ScrollElement.java:15)
at com.qa.utilities.ScrollElement.<init>(ScrollElement.java:15)
at com.qa.utilities.ScrollElement.<init>(ScrollElement.java:15)
at com.qa.utilities.ScrollElement.<init>(ScrollElement.java:15)
at com.qa.utilities.ScrollElement.<init>(ScrollElement.java:15)
at com.qa.utilities.ScrollElement.<init>(ScrollElement.java:15)
at com.qa.utilities.ScrollElement.<init>(ScrollElement.java:15)
at com.qa.utilities.ScrollElement.<init>(ScrollElement.java:15)
at com.qa.utilities.ScrollElement.<init>(ScrollElement.java:15)
at com.qa.utilities.ScrollElement.<init>(ScrollElement.java:15)
at com.qa.utilities.ScrollElement.<init>(ScrollElement.java:15)
at com.qa.utilities.ScrollElement.<init>(ScrollElement.java:15)
at com.qa.utilities.ScrollElement.<init>(ScrollElement.java:15)
at com.qa.utilities.ScrollElement.<init>(ScrollElement.java:15)
at com.qa.utilities.ScrollElement.<init>(ScrollElement.java:15)
at com.qa.utilities.ScrollElement.<init>(ScrollElement.java:15)
at com.qa.utilities.ScrollElement.<init>(ScrollElement.java:15)
at com.qa.utilities.ScrollElement.<init>(ScrollElement.java:15)
at com.qa.utilities.ScrollElement.<init>(ScrollElement.java:15)
at com.qa.utilities.ScrollElement.<init>(ScrollElement.java:15)
at com.qa.utilities.ScrollElement.<init>(ScrollElement.java:15)
at com.qa.utilities.ScrollElement.<init>(ScrollElement.java:15)
at com.qa.utilities.ScrollElement.<init>(ScrollElement.java:15)
at com.qa.utilities.ScrollElement.<init>(ScrollElement.java:15)
at com.qa.utilities.ScrollElement.<init>(ScrollElement.java:15)
at com.qa.utilities.ScrollElement.<init>(ScrollElement.java:15)
at com.qa.utilities.ScrollElement.<init>(ScrollElement.java:15)
at com.qa.utilities.ScrollElement.<init>(ScrollElement.java:15)
at com.qa.utilities.ScrollElement.<init>(ScrollElement.java:15)
at com.qa.utilities.ScrollElement.<init>(ScrollElement.java:15)
at com.qa.utilities.ScrollElement.<init>(ScrollElement.java:15)
at com.qa.utilities.ScrollElement.<init>(ScrollElement.java:15)
at com.qa.utilities.ScrollElement.<init>(ScrollElement.java:15)
at com.qa.utilities.ScrollElement.<init>(ScrollElement.java:15)
at com.qa.utilities.ScrollElement.<init>(ScrollElement.java:15)
at com.qa.utilities.ScrollElement.<init>(ScrollElement.java:15)
at com.qa.utilities.ScrollElement.<init>(ScrollElement.java:15)
at com.qa.utilities.ScrollElement.<init>(ScrollElement.java:15)
at com.qa.utilities.ScrollElement.<init>(ScrollElement.java:15)
at com.qa.utilities.ScrollElement.<init>(ScrollElement.java:15)
at com.qa.utilities.ScrollElement.<init>(ScrollElement.java:15)
at com.qa.utilities.ScrollElement.<init>(ScrollElement.java:15)
at com.qa.utilities.ScrollElement.<init>(ScrollElement.java:15)
at com.qa.utilities.ScrollElement.<init>(ScrollElement.java:15)
at com.qa.utilities.ScrollElement.<init>(ScrollElement.java:15)
at com.qa.utilities.ScrollElement.<init>(ScrollElement.java:15)
at com.qa.utilities.ScrollElement.<init>(ScrollElement.java:15)
at com.qa.utilities.ScrollElement.<init>(ScrollElement.java:15)
at com.qa.utilities.ScrollElement.<init>(ScrollElement.java:15)
at com.qa.utilities.ScrollElement.<init>(ScrollElement.java:15)
at com.qa.utilities.ScrollElement.<init>(ScrollElement.java:15)
at com.qa.utilities.ScrollElement.<init>(ScrollElement.java:15)
at com.qa.utilities.ScrollElement.<init>(ScrollElement.java:15)
at com.qa.utilities.ScrollElement.<init>(ScrollElement.java:15)
at com.qa.utilities.ScrollElement.<init>(ScrollElement.java:15)
at com.qa.utilities.ScrollElement.<init>(ScrollElement.java:15)
at com.qa.utilities.ScrollElement.<init>(ScrollElement.java:15)
at com.qa.utilities.ScrollElement.<init>(ScrollElement.java:15)
at com.qa.utilities.ScrollElement.<init>(ScrollElement.java:15)
at com.qa.utilities.ScrollElement.<init>(ScrollElement.java:15)
at com.qa.utilities.ScrollElement.<init>(ScrollElement.java:15)
at com.qa.utilities.ScrollElement.<init>(ScrollElement.java:15)
at com.qa.utilities.ScrollElement.<init>(ScrollElement.java:15)
at com.qa.utilities.ScrollElement.<init>(ScrollElement.java:15)
at com.qa.utilities.ScrollElement.<init>(ScrollElement.java:15)
at com.qa.utilities.ScrollElement.<init>(ScrollElement.java:15)
at com.qa.utilities.ScrollElement.<init>(ScrollElement.java:15)
at com.qa.utilities.ScrollElement.<init>(ScrollElement.java:15)
at com.qa.utilities.ScrollElement.<init>(ScrollElement.java:15)
at com.qa.utilities.ScrollElement.<init>(ScrollElement.java:15)
at com.qa.utilities.ScrollElement.<init>(ScrollElement.java:15)
at com.qa.utilities.ScrollElement.<init>(ScrollElement.java:15)
at com.qa.utilities.ScrollElement.<init>(ScrollElement.java:15)
at com.qa.utilities.ScrollElement.<init>(ScrollElement.java:15)
at com.qa.utilities.ScrollElement.<init>(ScrollElement.java:15)
at com.qa.utilities.ScrollElement.<init>(ScrollElement.java:15)
]]>
    </error>
  </testcase> <!-- hortizonalSwipe -->
  <testcase name="multiTouch" time="0.129" classname="com.qa.pages.TestApiPage">
    <error type="org.openqa.selenium.NoSuchElementException" message="An element could not be located on the page using the given search parameters. (WARNING: The server did not provide any stacktrace information)
Command duration or timeout: 70 milliseconds
For documentation on this error, please visit: http://seleniumhq.org/exceptions/no_such_element.html
Build info: version: &#039;2.53.0&#039;, revision: &#039;35ae25b1534ae328c771e0856c93e187490ca824&#039;, time: &#039;2016-03-15 10:43:46&#039;
System info: host: &#039;DESKTOP-VPGNVVF&#039;, ip: &#039;192.168.0.6&#039;, os.name: &#039;Windows 10&#039;, os.arch: &#039;amd64&#039;, os.version: &#039;10.0&#039;, java.version: &#039;1.8.0_161&#039;
Driver info: io.appium.java_client.android.AndroidDriver
Capabilities [{appPackage=io.appium.android.apis, deviceScreenSize=768x1280, networkConnectionEnabled=true, noReset=true, warnings={}, databaseEnabled=false, deviceName=emulator-5554, platform=LINUX, deviceUDID=emulator-5554, appActivity=io.appium.android.apis.ApiDemos, desired={appPackage=io.appium.android.apis, appActivity=io.appium.android.apis.ApiDemos, noReset=true, platformVersion=P, skipUnlock=true, udid=emulator-5554, platformName=Android, deviceName=Nexus 5X API P}, platformVersion=7.0, webStorageEnabled=false, locationContextEnabled=false, takesScreenshot=true, skipUnlock=true, javascriptEnabled=true, deviceModel=Android SDK built for x86, udid=emulator-5554, platformName=Android, deviceManufacturer=Google}]
Session ID: 75590478-21fd-4c18-aa5d-8462597af7d5
*** Element info: {Using=xpath, value=//android.widget.TextView[@content-desc=&quot;Splitting Touches across Views&quot;]}">
      <![CDATA[org.openqa.selenium.NoSuchElementException: An element could not be located on the page using the given search parameters. (WARNING: The server did not provide any stacktrace information)
Command duration or timeout: 70 milliseconds
For documentation on this error, please visit: http://seleniumhq.org/exceptions/no_such_element.html
Build info: version: '2.53.0', revision: '35ae25b1534ae328c771e0856c93e187490ca824', time: '2016-03-15 10:43:46'
System info: host: 'DESKTOP-VPGNVVF', ip: '192.168.0.6', os.name: 'Windows 10', os.arch: 'amd64', os.version: '10.0', java.version: '1.8.0_161'
Driver info: io.appium.java_client.android.AndroidDriver
Capabilities [{appPackage=io.appium.android.apis, deviceScreenSize=768x1280, networkConnectionEnabled=true, noReset=true, warnings={}, databaseEnabled=false, deviceName=emulator-5554, platform=LINUX, deviceUDID=emulator-5554, appActivity=io.appium.android.apis.ApiDemos, desired={appPackage=io.appium.android.apis, appActivity=io.appium.android.apis.ApiDemos, noReset=true, platformVersion=P, skipUnlock=true, udid=emulator-5554, platformName=Android, deviceName=Nexus 5X API P}, platformVersion=7.0, webStorageEnabled=false, locationContextEnabled=false, takesScreenshot=true, skipUnlock=true, javascriptEnabled=true, deviceModel=Android SDK built for x86, udid=emulator-5554, platformName=Android, deviceManufacturer=Google}]
Session ID: 75590478-21fd-4c18-aa5d-8462597af7d5
*** Element info: {Using=xpath, value=//android.widget.TextView[@content-desc="Splitting Touches across Views"]}
at sun.reflect.NativeConstructorAccessorImpl.newInstance0(Native Method)
at sun.reflect.NativeConstructorAccessorImpl.newInstance(NativeConstructorAccessorImpl.java:62)
at sun.reflect.DelegatingConstructorAccessorImpl.newInstance(DelegatingConstructorAccessorImpl.java:45)
at java.lang.reflect.Constructor.newInstance(Constructor.java:423)
at org.openqa.selenium.remote.ErrorHandler.createThrowable(ErrorHandler.java:206)
at org.openqa.selenium.remote.ErrorHandler.throwIfResponseFailed(ErrorHandler.java:158)
at org.openqa.selenium.remote.RemoteWebDriver.execute(RemoteWebDriver.java:678)
at io.appium.java_client.DefaultGenericMobileDriver.execute(DefaultGenericMobileDriver.java:42)
at io.appium.java_client.AppiumDriver.execute(AppiumDriver.java:1)
at io.appium.java_client.android.AndroidDriver.execute(AndroidDriver.java:1)
at org.openqa.selenium.remote.RemoteWebDriver.findElement(RemoteWebDriver.java:363)
at io.appium.java_client.DefaultGenericMobileDriver.findElement(DefaultGenericMobileDriver.java:62)
at io.appium.java_client.AppiumDriver.findElement(AppiumDriver.java:1)
at io.appium.java_client.android.AndroidDriver.findElement(AndroidDriver.java:1)
at org.openqa.selenium.remote.RemoteWebDriver.findElementByXPath(RemoteWebDriver.java:500)
at io.appium.java_client.DefaultGenericMobileDriver.findElementByXPath(DefaultGenericMobileDriver.java:140)
at io.appium.java_client.AppiumDriver.findElementByXPath(AppiumDriver.java:1)
at io.appium.java_client.android.AndroidDriver.findElementByXPath(AndroidDriver.java:1)
at com.qa.pages.TestApiPage.multiTouch(TestApiPage.java:157)
at sun.reflect.NativeMethodAccessorImpl.invoke0(Native Method)
at sun.reflect.NativeMethodAccessorImpl.invoke(NativeMethodAccessorImpl.java:62)
at sun.reflect.DelegatingMethodAccessorImpl.invoke(DelegatingMethodAccessorImpl.java:43)
at java.lang.reflect.Method.invoke(Method.java:498)
at org.testng.internal.MethodInvocationHelper.invokeMethod(MethodInvocationHelper.java:124)
at org.testng.internal.Invoker.invokeMethod(Invoker.java:580)
at org.testng.internal.Invoker.invokeTestMethod(Invoker.java:716)
at org.testng.internal.Invoker.invokeTestMethods(Invoker.java:988)
at org.testng.internal.TestMethodWorker.invokeTestMethods(TestMethodWorker.java:125)
at org.testng.internal.TestMethodWorker.run(TestMethodWorker.java:109)
at org.testng.TestRunner.privateRun(TestRunner.java:648)
at org.testng.TestRunner.run(TestRunner.java:505)
at org.testng.SuiteRunner.runTest(SuiteRunner.java:455)
at org.testng.SuiteRunner.runSequentially(SuiteRunner.java:450)
at org.testng.SuiteRunner.privateRun(SuiteRunner.java:415)
at org.testng.SuiteRunner.run(SuiteRunner.java:364)
at org.testng.SuiteRunnerWorker.runSuite(SuiteRunnerWorker.java:52)
at org.testng.SuiteRunnerWorker.run(SuiteRunnerWorker.java:84)
at org.testng.TestNG.runSuitesSequentially(TestNG.java:1208)
at org.testng.TestNG.runSuitesLocally(TestNG.java:1137)
at org.testng.TestNG.runSuites(TestNG.java:1049)
at org.testng.TestNG.run(TestNG.java:1017)
at org.testng.remote.AbstractRemoteTestNG.run(AbstractRemoteTestNG.java:114)
at org.testng.remote.RemoteTestNG.initAndRun(RemoteTestNG.java:251)
at org.testng.remote.RemoteTestNG.main(RemoteTestNG.java:77)
]]>
    </error>
  </testcase> <!-- multiTouch -->
</testsuite> <!-- com.qa.pages.TestApiPage -->
